#
# There is insufficient memory for the Java Runtime Environment to continue.
# Native memory allocation (mmap) failed to map 125829120 bytes for G1 virtual space
# Possible reasons:
#   The system is out of physical RAM or swap space
#   The process is running with CompressedOops enabled, and the Java Heap may be blocking the growth of the native heap
# Possible solutions:
#   Reduce memory load on the system
#   Increase physical memory or swap space
#   Check if swap backing store is full
#   Decrease Java heap size (-Xmx/-Xms)
#   Decrease number of Java threads
#   Decrease Java thread stack sizes (-Xss)
#   Set larger code cache with -XX:ReservedCodeCacheSize=
#   JVM is running with Unscaled Compressed Oops mode in which the Java heap is
#     placed in the first 4GB address space. The Java Heap base address is the
#     maximum limit for the native heap growth. Please use -XX:HeapBaseMinAddress
#     to set the Java Heap base and to place the Java Heap above 4GB virtual address.
# This output file may be truncated or incomplete.
#
#  Out of Memory Error (os_windows.cpp:3559), pid=5832, tid=13504
#
# JRE version: OpenJDK Runtime Environment Temurin-17.0.7+7 (17.0.7+7) (build 17.0.7+7)
# Java VM: OpenJDK 64-Bit Server VM Temurin-17.0.7+7 (17.0.7+7, mixed mode, emulated-client, tiered, compressed oops, compressed class ptrs, g1 gc, windows-amd64)
# No core dump will be written. Minidumps are not enabled by default on client versions of Windows
#

---------------  S U M M A R Y ------------

Command Line: -XX:+HeapDumpOnOutOfMemoryError -Xmx1024m -Dsts.lsp.client=vscode -Dsts.log.file=/dev/null -XX:TieredStopAtLevel=1 -Xlog:jni+resolve=off -Dspring.config.location=file:c:\Users\frank\.vscode\extensions\vmware.vscode-spring-boot-1.46.0\language-server\BOOT-INF\classes\application.properties org.springframework.ide.vscode.boot.app.BootLanguageServerBootApp

Host: Intel(R) Core(TM) i5-3230M CPU @ 2.60GHz, 4 cores, 3G,  Windows 10 , 64 bit Build 19041 (10.0.19041.2913)
Time: Mon May  8 18:14:34 2023 Hora est. Pacífico, Sudamérica elapsed time: 68.757818 seconds (0d 0h 1m 8s)

---------------  T H R E A D  ---------------

Current thread (0x0000021140e3d590):  VMThread "VM Thread" [stack: 0x000000e513600000,0x000000e513700000] [id=13504]

Stack: [0x000000e513600000,0x000000e513700000]
Native frames: (J=compiled Java code, j=interpreted, Vv=VM code, C=native code)
V  [jvm.dll+0x67754a]
V  [jvm.dll+0x834304]
V  [jvm.dll+0x835aae]
V  [jvm.dll+0x836113]
V  [jvm.dll+0x24696f]
V  [jvm.dll+0x6743f9]
V  [jvm.dll+0x668c8a]
V  [jvm.dll+0x3061bb]
V  [jvm.dll+0x30d6a6]
V  [jvm.dll+0x35cece]
V  [jvm.dll+0x35d0ff]
V  [jvm.dll+0x2dd048]
V  [jvm.dll+0x2e00d6]
V  [jvm.dll+0x2ea7a8]
V  [jvm.dll+0x31e8f0]
V  [jvm.dll+0x83a5bb]
V  [jvm.dll+0x83b2f4]
V  [jvm.dll+0x83b80c]
V  [jvm.dll+0x83bbe4]
V  [jvm.dll+0x83bcb0]
V  [jvm.dll+0x7e4e7a]
V  [jvm.dll+0x676395]
C  [ucrtbase.dll+0x21bb2]
C  [KERNEL32.DLL+0x17614]
C  [ntdll.dll+0x526a1]

VM_Operation (0x000000e5132ff3b0): G1Concurrent, mode: safepoint, requested by thread 0x0000021140dbb290


---------------  P R O C E S S  ---------------

Threads class SMR info:
_java_thread_list=0x00000211517143c0, length=37, elements={
0x000002114b290270, 0x000002114b290ff0, 0x000002114b2cc130, 0x000002114b2d0ec0,
0x000002114b2d48a0, 0x000002114b2d5160, 0x000002114b2d5ad0, 0x000002114b2d83e0,
0x000002114b5f1a80, 0x000002114b600770, 0x0000021150647800, 0x0000021150e8ff50,
0x0000021150cd48b0, 0x0000021150ee9040, 0x0000021140d73e10, 0x0000021150f1ede0,
0x0000021150ff86e0, 0x0000021150ff8bb0, 0x0000021150ff9080, 0x0000021150f46d00,
0x0000021150f471d0, 0x0000021150f45e90, 0x0000021150f489e0, 0x0000021150f48510,
0x0000021150f48eb0, 0x0000021150f46830, 0x0000021150f459c0, 0x0000021150f47b70,
0x0000021150f46360, 0x0000021150f476a0, 0x0000021150f48040, 0x0000021150f49380,
0x00000211512aa3e0, 0x00000211512ad8d0, 0x00000211512a9f10, 0x00000211512ab250,
0x00000211512af5b0
}

Java Threads: ( => current thread )
  0x000002114b290270 JavaThread "Reference Handler" daemon [_thread_blocked, id=2564, stack(0x000000e513700000,0x000000e513800000)]
  0x000002114b290ff0 JavaThread "Finalizer" daemon [_thread_blocked, id=6180, stack(0x000000e513800000,0x000000e513900000)]
  0x000002114b2cc130 JavaThread "Signal Dispatcher" daemon [_thread_blocked, id=15296, stack(0x000000e513900000,0x000000e513a00000)]
  0x000002114b2d0ec0 JavaThread "Attach Listener" daemon [_thread_blocked, id=3668, stack(0x000000e513a00000,0x000000e513b00000)]
  0x000002114b2d48a0 JavaThread "Service Thread" daemon [_thread_blocked, id=13276, stack(0x000000e513b00000,0x000000e513c00000)]
  0x000002114b2d5160 JavaThread "Monitor Deflation Thread" daemon [_thread_blocked, id=14504, stack(0x000000e513c00000,0x000000e513d00000)]
  0x000002114b2d5ad0 JavaThread "C1 CompilerThread0" daemon [_thread_blocked, id=11336, stack(0x000000e513d00000,0x000000e513e00000)]
  0x000002114b2d83e0 JavaThread "Sweeper thread" daemon [_thread_blocked, id=14528, stack(0x000000e513e00000,0x000000e513f00000)]
  0x000002114b5f1a80 JavaThread "Notification Thread" daemon [_thread_blocked, id=15100, stack(0x000000e513f00000,0x000000e514000000)]
  0x000002114b600770 JavaThread "Common-Cleaner" daemon [_thread_blocked, id=812, stack(0x000000e514100000,0x000000e514200000)]
  0x0000021150647800 JavaThread "boundedElastic-evictor-1" daemon [_thread_blocked, id=15792, stack(0x000000e514600000,0x000000e514700000)]
  0x0000021150e8ff50 JavaThread "boundedElastic-evictor-2" daemon [_thread_blocked, id=11996, stack(0x000000e514700000,0x000000e514800000)]
  0x0000021150cd48b0 JavaThread "pool-10-thread-1" [_thread_blocked, id=12700, stack(0x000000e514800000,0x000000e514900000)]
  0x0000021150ee9040 JavaThread "LanguageServerApp-lifecycle" [_thread_blocked, id=8748, stack(0x000000e514900000,0x000000e514a00000)]
  0x0000021140d73e10 JavaThread "DestroyJavaVM" [_thread_blocked, id=7732, stack(0x000000e513000000,0x000000e513100000)]
  0x0000021150f1ede0 JavaThread "pool-11-thread-1" [_thread_in_native, id=4144, stack(0x000000e514a00000,0x000000e514b00000)]
  0x0000021150ff86e0 JavaThread "Simple-Language-Server main thread" daemon [_thread_blocked, id=14160, stack(0x000000e514b00000,0x000000e514c00000)]
  0x0000021150ff8bb0 JavaThread "pool-6-thread-1" [_thread_blocked, id=13768, stack(0x000000e514c00000,0x000000e514d00000)]
  0x0000021150ff9080 JavaThread "ForkJoinPool.commonPool-worker-1" daemon [_thread_blocked, id=7540, stack(0x000000e514d00000,0x000000e514e00000)]
  0x0000021150f46d00 JavaThread "pool-3-thread-1" [_thread_blocked, id=10400, stack(0x000000e514e00000,0x000000e514f00000)]
  0x0000021150f471d0 JavaThread "ForkJoinPool.commonPool-worker-2" daemon [_thread_blocked, id=3716, stack(0x000000e514f00000,0x000000e515000000)]
  0x0000021150f45e90 JavaThread "pool-2-thread-1" [_thread_blocked, id=15244, stack(0x000000e515000000,0x000000e515100000)]
  0x0000021150f489e0 JavaThread "pool-2-thread-2" [_thread_blocked, id=11260, stack(0x000000e515100000,0x000000e515200000)]
  0x0000021150f48510 JavaThread "pool-2-thread-3" [_thread_blocked, id=11992, stack(0x000000e515200000,0x000000e515300000)]
  0x0000021150f48eb0 JavaThread "pool-3-thread-2" [_thread_blocked, id=11864, stack(0x000000e515300000,0x000000e515400000)]
  0x0000021150f46830 JavaThread "ClassGraph-worker-0" daemon [_thread_blocked, id=11712, stack(0x000000e515400000,0x000000e515500000)]
  0x0000021150f459c0 JavaThread "ClassGraph-worker-1" daemon [_thread_blocked, id=2388, stack(0x000000e515500000,0x000000e515600000)]
  0x0000021150f47b70 JavaThread "ClassGraph-worker-2" daemon [_thread_blocked, id=13100, stack(0x000000e515600000,0x000000e515700000)]
  0x0000021150f46360 JavaThread "ClassGraph-worker-3" daemon [_thread_blocked, id=13164, stack(0x000000e515700000,0x000000e515800000)]
  0x0000021150f476a0 JavaThread "ClassGraph-worker-4" daemon [_thread_blocked, id=2232, stack(0x000000e515800000,0x000000e515900000)]
  0x0000021150f48040 JavaThread "ClassGraph-worker-5" daemon [_thread_blocked, id=12912, stack(0x000000e515900000,0x000000e515a00000)]
  0x0000021150f49380 JavaThread "ClassGraph-worker-6" daemon [_thread_blocked, id=12004, stack(0x000000e515a00000,0x000000e515b00000)]
  0x00000211512aa3e0 JavaThread "ClassGraph-worker-7" daemon [_thread_blocked, id=7860, stack(0x000000e515b00000,0x000000e515c00000)]
  0x00000211512ad8d0 JavaThread "parallel-1" daemon [_thread_blocked, id=464, stack(0x000000e515c00000,0x000000e515d00000)]
  0x00000211512a9f10 JavaThread "pool-4-thread-1" [_thread_blocked, id=7600, stack(0x000000e514200000,0x000000e514300000)]
  0x00000211512ab250 JavaThread "parallel-2" daemon [_thread_blocked, id=6284, stack(0x000000e515e00000,0x000000e515f00000)]
  0x00000211512af5b0 JavaThread "ForkJoinPool.commonPool-worker-3" daemon [_thread_blocked, id=15744, stack(0x000000e516000000,0x000000e516100000)]

Other Threads:
=>0x0000021140e3d590 VMThread "VM Thread" [stack: 0x000000e513600000,0x000000e513700000] [id=13504]
  0x000002114b5f26f0 WatcherThread [stack: 0x000000e514000000,0x000000e514100000] [id=12244]
  0x0000021140db2440 GCTaskThread "GC Thread#0" [stack: 0x000000e513100000,0x000000e513200000] [id=1136]
  0x00000211504607b0 GCTaskThread "GC Thread#1" [stack: 0x000000e514300000,0x000000e514400000] [id=764]
  0x00000211505721b0 GCTaskThread "GC Thread#2" [stack: 0x000000e514400000,0x000000e514500000] [id=6792]
  0x00000211506f9a30 GCTaskThread "GC Thread#3" [stack: 0x000000e514500000,0x000000e514600000] [id=8300]
  0x0000021140dbb290 ConcurrentGCThread "G1 Main Marker" [stack: 0x000000e513200000,0x000000e513300000] [id=6856]
  0x0000021140dbbbb0 ConcurrentGCThread "G1 Conc#0" [stack: 0x000000e513300000,0x000000e513400000] [id=10812]
  0x0000021140df86f0 ConcurrentGCThread "G1 Refine#0" [stack: 0x000000e513400000,0x000000e513500000] [id=15020]
  0x000002115130e9b0 ConcurrentGCThread "G1 Refine#1" [stack: 0x000000e515d00000,0x000000e515e00000] [id=9332]
  0x0000021140df9020 ConcurrentGCThread "G1 Service" [stack: 0x000000e513500000,0x000000e513600000] [id=14756]

Threads with active compile tasks:

VM state: at safepoint (normal execution)

VM Mutex/Monitor currently owned by a thread:  ([mutex/lock_event])
[0x000002113ecdc900] Threads_lock - owner thread: 0x0000021140e3d590
[0x0000021140d70670] Heap_lock - owner thread: 0x0000021140dbb290

Heap address: 0x00000000c0000000, size: 1024 MB, Compressed Oops mode: 32-bit

CDS archive(s) not mapped
Compressed class space mapped at: 0x0000000100000000-0x0000000140000000, reserved size: 1073741824
Narrow klass base: 0x0000000000000000, Narrow klass shift: 3, Narrow klass range: 0x140000000

GC Precious Log:
 CPUs: 4 total, 4 available
 Memory: 3659M
 Large Page Support: Disabled
 NUMA Support: Disabled
 Compressed Oops: Enabled (32-bit)
 Heap Region Size: 1M
 Heap Min Capacity: 8M
 Heap Initial Capacity: 58M
 Heap Max Capacity: 1G
 Pre-touch: Disabled
 Parallel Workers: 4
 Concurrent Workers: 1
 Concurrent Refinement Workers: 4
 Periodic GC: Disabled

Heap:
 garbage-first heap   total 286720K, used 242977K [0x00000000c0000000, 0x0000000100000000)
  region size 1024K, 24 young (24576K), 3 survivors (3072K)
 Metaspace       used 52697K, committed 53120K, reserved 1114112K
  class space    used 6654K, committed 6848K, reserved 1048576K

Heap Regions: E=young(eden), S=young(survivor), O=old, HS=humongous(starts), HC=humongous(continues), CS=collection set, F=free, OA=open archive, CA=closed archive, TAMS=top-at-mark-start (previous, next)
|   0|0x00000000c0000000, 0x00000000c0100000, 0x00000000c0100000|100%| O|  |TAMS 0x00000000c0100000, 0x00000000c0000000| Untracked 
|   1|0x00000000c0100000, 0x00000000c0200000, 0x00000000c0200000|100%| O|  |TAMS 0x00000000c0200000, 0x00000000c0100000| Untracked 
|   2|0x00000000c0200000, 0x00000000c0300000, 0x00000000c0300000|100%| O|  |TAMS 0x00000000c0300000, 0x00000000c0200000| Untracked 
|   3|0x00000000c0300000, 0x00000000c0400000, 0x00000000c0400000|100%| O|  |TAMS 0x00000000c0400000, 0x00000000c0300000| Untracked 
|   4|0x00000000c0400000, 0x00000000c0500000, 0x00000000c0500000|100%| O|  |TAMS 0x00000000c0500000, 0x00000000c0400000| Untracked 
|   5|0x00000000c0500000, 0x00000000c0600000, 0x00000000c0600000|100%| O|  |TAMS 0x00000000c0600000, 0x00000000c0500000| Untracked 
|   6|0x00000000c0600000, 0x00000000c0700000, 0x00000000c0700000|100%| O|  |TAMS 0x00000000c0700000, 0x00000000c0600000| Untracked 
|   7|0x00000000c0700000, 0x00000000c07dcc00, 0x00000000c0800000| 86%| O|  |TAMS 0x00000000c07dcc00, 0x00000000c0700000| Updating 
|   8|0x00000000c0800000, 0x00000000c0900000, 0x00000000c0900000|100%| O|  |TAMS 0x00000000c0900000, 0x00000000c0800000| Untracked 
|   9|0x00000000c0900000, 0x00000000c0a00000, 0x00000000c0a00000|100%| O|  |TAMS 0x00000000c0a00000, 0x00000000c0900000| Untracked 
|  10|0x00000000c0a00000, 0x00000000c0b00000, 0x00000000c0b00000|100%| O|  |TAMS 0x00000000c0b00000, 0x00000000c0a00000| Untracked 
|  11|0x00000000c0b00000, 0x00000000c0c00000, 0x00000000c0c00000|100%| O|  |TAMS 0x00000000c0c00000, 0x00000000c0b00000| Untracked 
|  12|0x00000000c0c00000, 0x00000000c0d00000, 0x00000000c0d00000|100%| O|  |TAMS 0x00000000c0d00000, 0x00000000c0c00000| Updating 
|  13|0x00000000c0d00000, 0x00000000c0e00000, 0x00000000c0e00000|100%| O|  |TAMS 0x00000000c0e00000, 0x00000000c0d00000| Updating 
|  14|0x00000000c0e00000, 0x00000000c0f00000, 0x00000000c0f00000|100%| O|  |TAMS 0x00000000c0f00000, 0x00000000c0e00000| Untracked 
|  15|0x00000000c0f00000, 0x00000000c1000000, 0x00000000c1000000|100%| O|  |TAMS 0x00000000c1000000, 0x00000000c0f00000| Untracked 
|  16|0x00000000c1000000, 0x00000000c1100000, 0x00000000c1100000|100%| O|  |TAMS 0x00000000c1100000, 0x00000000c1000000| Untracked 
|  17|0x00000000c1100000, 0x00000000c1200000, 0x00000000c1200000|100%| O|  |TAMS 0x00000000c1200000, 0x00000000c1100000| Updating 
|  18|0x00000000c1200000, 0x00000000c1300000, 0x00000000c1300000|100%| O|  |TAMS 0x00000000c1300000, 0x00000000c1200000| Untracked 
|  19|0x00000000c1300000, 0x00000000c1400000, 0x00000000c1400000|100%| O|  |TAMS 0x00000000c1400000, 0x00000000c1300000| Untracked 
|  20|0x00000000c1400000, 0x00000000c1500000, 0x00000000c1500000|100%| O|  |TAMS 0x00000000c1500000, 0x00000000c1400000| Untracked 
|  21|0x00000000c1500000, 0x00000000c1600000, 0x00000000c1600000|100%| O|  |TAMS 0x00000000c1600000, 0x00000000c1500000| Untracked 
|  22|0x00000000c1600000, 0x00000000c1700000, 0x00000000c1700000|100%| O|  |TAMS 0x00000000c1700000, 0x00000000c1600000| Updating 
|  23|0x00000000c1700000, 0x00000000c1800000, 0x00000000c1800000|100%| O|  |TAMS 0x00000000c1800000, 0x00000000c1700000| Untracked 
|  24|0x00000000c1800000, 0x00000000c1900000, 0x00000000c1900000|100%| O|  |TAMS 0x00000000c1900000, 0x00000000c1800000| Updating 
|  25|0x00000000c1900000, 0x00000000c1a00000, 0x00000000c1a00000|100%| O|  |TAMS 0x00000000c1a00000, 0x00000000c1900000| Untracked 
|  26|0x00000000c1a00000, 0x00000000c1b00000, 0x00000000c1b00000|100%| O|  |TAMS 0x00000000c1b00000, 0x00000000c1a00000| Untracked 
|  27|0x00000000c1b00000, 0x00000000c1c00000, 0x00000000c1c00000|100%| O|  |TAMS 0x00000000c1c00000, 0x00000000c1b00000| Untracked 
|  28|0x00000000c1c00000, 0x00000000c1d00000, 0x00000000c1d00000|100%| O|  |TAMS 0x00000000c1d00000, 0x00000000c1c00000| Updating 
|  29|0x00000000c1d00000, 0x00000000c1e00000, 0x00000000c1e00000|100%| O|  |TAMS 0x00000000c1e00000, 0x00000000c1d00000| Untracked 
|  30|0x00000000c1e00000, 0x00000000c1f00000, 0x00000000c1f00000|100%| O|  |TAMS 0x00000000c1f00000, 0x00000000c1e00000| Updating 
|  31|0x00000000c1f00000, 0x00000000c2000000, 0x00000000c2000000|100%| O|  |TAMS 0x00000000c2000000, 0x00000000c1f00000| Untracked 
|  32|0x00000000c2000000, 0x00000000c2100000, 0x00000000c2100000|100%| O|  |TAMS 0x00000000c2100000, 0x00000000c2000000| Updating 
|  33|0x00000000c2100000, 0x00000000c2200000, 0x00000000c2200000|100%| O|  |TAMS 0x00000000c2200000, 0x00000000c2100000| Untracked 
|  34|0x00000000c2200000, 0x00000000c2300000, 0x00000000c2300000|100%| O|  |TAMS 0x00000000c2300000, 0x00000000c2200000| Untracked 
|  35|0x00000000c2300000, 0x00000000c2400000, 0x00000000c2400000|100%| O|  |TAMS 0x00000000c2400000, 0x00000000c2300000| Untracked 
|  36|0x00000000c2400000, 0x00000000c2500000, 0x00000000c2500000|100%| O|  |TAMS 0x00000000c2500000, 0x00000000c2400000| Untracked 
|  37|0x00000000c2500000, 0x00000000c2600000, 0x00000000c2600000|100%| O|  |TAMS 0x00000000c2600000, 0x00000000c2500000| Untracked 
|  38|0x00000000c2600000, 0x00000000c2700000, 0x00000000c2700000|100%| O|  |TAMS 0x00000000c2700000, 0x00000000c2600000| Updating 
|  39|0x00000000c2700000, 0x00000000c2800000, 0x00000000c2800000|100%| O|  |TAMS 0x00000000c2800000, 0x00000000c2700000| Untracked 
|  40|0x00000000c2800000, 0x00000000c2900000, 0x00000000c2900000|100%| O|  |TAMS 0x00000000c2900000, 0x00000000c2800000| Untracked 
|  41|0x00000000c2900000, 0x00000000c2a00000, 0x00000000c2a00000|100%| O|  |TAMS 0x00000000c2a00000, 0x00000000c2900000| Untracked 
|  42|0x00000000c2a00000, 0x00000000c2b00000, 0x00000000c2b00000|100%| O|  |TAMS 0x00000000c2b00000, 0x00000000c2a00000| Updating 
|  43|0x00000000c2b00000, 0x00000000c2c00000, 0x00000000c2c00000|100%| O|  |TAMS 0x00000000c2c00000, 0x00000000c2b00000| Updating 
|  44|0x00000000c2c00000, 0x00000000c2d00000, 0x00000000c2d00000|100%| O|  |TAMS 0x00000000c2d00000, 0x00000000c2c00000| Updating 
|  45|0x00000000c2d00000, 0x00000000c2e00000, 0x00000000c2e00000|100%| O|  |TAMS 0x00000000c2e00000, 0x00000000c2d00000| Updating 
|  46|0x00000000c2e00000, 0x00000000c2f00000, 0x00000000c2f00000|100%| O|  |TAMS 0x00000000c2f00000, 0x00000000c2e00000| Untracked 
|  47|0x00000000c2f00000, 0x00000000c3000000, 0x00000000c3000000|100%| O|  |TAMS 0x00000000c3000000, 0x00000000c2f00000| Updating 
|  48|0x00000000c3000000, 0x00000000c3100000, 0x00000000c3100000|100%| O|  |TAMS 0x00000000c3100000, 0x00000000c3000000| Untracked 
|  49|0x00000000c3100000, 0x00000000c3200000, 0x00000000c3200000|100%| O|  |TAMS 0x00000000c3200000, 0x00000000c3100000| Untracked 
|  50|0x00000000c3200000, 0x00000000c3300000, 0x00000000c3300000|100%| O|  |TAMS 0x00000000c3300000, 0x00000000c3200000| Untracked 
|  51|0x00000000c3300000, 0x00000000c3400000, 0x00000000c3400000|100%| O|  |TAMS 0x00000000c3400000, 0x00000000c3300000| Updating 
|  52|0x00000000c3400000, 0x00000000c3500000, 0x00000000c3500000|100%| O|  |TAMS 0x00000000c3500000, 0x00000000c3400000| Untracked 
|  53|0x00000000c3500000, 0x00000000c3600000, 0x00000000c3600000|100%| O|  |TAMS 0x00000000c3600000, 0x00000000c3500000| Untracked 
|  54|0x00000000c3600000, 0x00000000c3700000, 0x00000000c3700000|100%|HS|  |TAMS 0x00000000c3700000, 0x00000000c3600000| Complete 
|  55|0x00000000c3700000, 0x00000000c3800000, 0x00000000c3800000|100%|HS|  |TAMS 0x00000000c3800000, 0x00000000c3700000| Complete 
|  56|0x00000000c3800000, 0x00000000c3900000, 0x00000000c3900000|100%| O|  |TAMS 0x00000000c3900000, 0x00000000c3800000| Untracked 
|  57|0x00000000c3900000, 0x00000000c3a00000, 0x00000000c3a00000|100%| O|  |TAMS 0x00000000c3a00000, 0x00000000c3900000| Untracked 
|  58|0x00000000c3a00000, 0x00000000c3b00000, 0x00000000c3b00000|100%| O|  |TAMS 0x00000000c3b00000, 0x00000000c3a00000| Updating 
|  59|0x00000000c3b00000, 0x00000000c3c00000, 0x00000000c3c00000|100%| O|  |TAMS 0x00000000c3c00000, 0x00000000c3b00000| Updating 
|  60|0x00000000c3c00000, 0x00000000c3d00000, 0x00000000c3d00000|100%| O|  |TAMS 0x00000000c3d00000, 0x00000000c3c00000| Untracked 
|  61|0x00000000c3d00000, 0x00000000c3e00000, 0x00000000c3e00000|100%| O|  |TAMS 0x00000000c3e00000, 0x00000000c3d00000| Updating 
|  62|0x00000000c3e00000, 0x00000000c3f00000, 0x00000000c3f00000|100%| O|  |TAMS 0x00000000c3f00000, 0x00000000c3e00000| Untracked 
|  63|0x00000000c3f00000, 0x00000000c4000000, 0x00000000c4000000|100%| O|  |TAMS 0x00000000c4000000, 0x00000000c3f00000| Untracked 
|  64|0x00000000c4000000, 0x00000000c4100000, 0x00000000c4100000|100%| O|  |TAMS 0x00000000c4100000, 0x00000000c4000000| Updating 
|  65|0x00000000c4100000, 0x00000000c4200000, 0x00000000c4200000|100%| O|  |TAMS 0x00000000c4200000, 0x00000000c4100000| Updating 
|  66|0x00000000c4200000, 0x00000000c4300000, 0x00000000c4300000|100%| O|  |TAMS 0x00000000c4300000, 0x00000000c4200000| Updating 
|  67|0x00000000c4300000, 0x00000000c4400000, 0x00000000c4400000|100%| O|  |TAMS 0x00000000c4400000, 0x00000000c4300000| Untracked 
|  68|0x00000000c4400000, 0x00000000c4500000, 0x00000000c4500000|100%| O|  |TAMS 0x00000000c4500000, 0x00000000c4400000| Untracked 
|  69|0x00000000c4500000, 0x00000000c4600000, 0x00000000c4600000|100%| O|  |TAMS 0x00000000c4600000, 0x00000000c4500000| Untracked 
|  70|0x00000000c4600000, 0x00000000c4700000, 0x00000000c4700000|100%| O|  |TAMS 0x00000000c4700000, 0x00000000c4600000| Untracked 
|  71|0x00000000c4700000, 0x00000000c4800000, 0x00000000c4800000|100%| O|  |TAMS 0x00000000c4800000, 0x00000000c4700000| Untracked 
|  72|0x00000000c4800000, 0x00000000c4900000, 0x00000000c4900000|100%| O|  |TAMS 0x00000000c4900000, 0x00000000c4800000| Untracked 
|  73|0x00000000c4900000, 0x00000000c4a00000, 0x00000000c4a00000|100%| O|  |TAMS 0x00000000c4a00000, 0x00000000c4900000| Untracked 
|  74|0x00000000c4a00000, 0x00000000c4b00000, 0x00000000c4b00000|100%| O|  |TAMS 0x00000000c4b00000, 0x00000000c4a00000| Untracked 
|  75|0x00000000c4b00000, 0x00000000c4c00000, 0x00000000c4c00000|100%| O|  |TAMS 0x00000000c4c00000, 0x00000000c4b00000| Untracked 
|  76|0x00000000c4c00000, 0x00000000c4d00000, 0x00000000c4d00000|100%| O|  |TAMS 0x00000000c4d00000, 0x00000000c4c00000| Updating 
|  77|0x00000000c4d00000, 0x00000000c4e00000, 0x00000000c4e00000|100%| O|  |TAMS 0x00000000c4e00000, 0x00000000c4d00000| Updating 
|  78|0x00000000c4e00000, 0x00000000c4f00000, 0x00000000c4f00000|100%| O|  |TAMS 0x00000000c4f00000, 0x00000000c4e00000| Untracked 
|  79|0x00000000c4f00000, 0x00000000c5000000, 0x00000000c5000000|100%| O|  |TAMS 0x00000000c5000000, 0x00000000c4f00000| Untracked 
|  80|0x00000000c5000000, 0x00000000c5100000, 0x00000000c5100000|100%| O|  |TAMS 0x00000000c5100000, 0x00000000c5000000| Untracked 
|  81|0x00000000c5100000, 0x00000000c5200000, 0x00000000c5200000|100%| O|  |TAMS 0x00000000c5200000, 0x00000000c5100000| Untracked 
|  82|0x00000000c5200000, 0x00000000c5300000, 0x00000000c5300000|100%| O|  |TAMS 0x00000000c5300000, 0x00000000c5200000| Untracked 
|  83|0x00000000c5300000, 0x00000000c5400000, 0x00000000c5400000|100%| O|  |TAMS 0x00000000c5400000, 0x00000000c5300000| Untracked 
|  84|0x00000000c5400000, 0x00000000c5500000, 0x00000000c5500000|100%| O|  |TAMS 0x00000000c5500000, 0x00000000c5400000| Updating 
|  85|0x00000000c5500000, 0x00000000c5600000, 0x00000000c5600000|100%| O|  |TAMS 0x00000000c5600000, 0x00000000c5500000| Untracked 
|  86|0x00000000c5600000, 0x00000000c5700000, 0x00000000c5700000|100%| O|  |TAMS 0x00000000c5700000, 0x00000000c5600000| Untracked 
|  87|0x00000000c5700000, 0x00000000c5800000, 0x00000000c5800000|100%| O|  |TAMS 0x00000000c5800000, 0x00000000c5700000| Untracked 
|  88|0x00000000c5800000, 0x00000000c5900000, 0x00000000c5900000|100%| O|  |TAMS 0x00000000c5900000, 0x00000000c5800000| Updating 
|  89|0x00000000c5900000, 0x00000000c5a00000, 0x00000000c5a00000|100%| O|  |TAMS 0x00000000c5a00000, 0x00000000c5900000| Untracked 
|  90|0x00000000c5a00000, 0x00000000c5b00000, 0x00000000c5b00000|100%| O|  |TAMS 0x00000000c5b00000, 0x00000000c5a00000| Untracked 
|  91|0x00000000c5b00000, 0x00000000c5c00000, 0x00000000c5c00000|100%| O|  |TAMS 0x00000000c5c00000, 0x00000000c5b00000| Untracked 
|  92|0x00000000c5c00000, 0x00000000c5d00000, 0x00000000c5d00000|100%| O|  |TAMS 0x00000000c5d00000, 0x00000000c5c00000| Untracked 
|  93|0x00000000c5d00000, 0x00000000c5e00000, 0x00000000c5e00000|100%| O|  |TAMS 0x00000000c5e00000, 0x00000000c5d00000| Updating 
|  94|0x00000000c5e00000, 0x00000000c5f00000, 0x00000000c5f00000|100%| O|  |TAMS 0x00000000c5f00000, 0x00000000c5e00000| Updating 
|  95|0x00000000c5f00000, 0x00000000c6000000, 0x00000000c6000000|100%| O|  |TAMS 0x00000000c6000000, 0x00000000c5f00000| Untracked 
|  96|0x00000000c6000000, 0x00000000c6100000, 0x00000000c6100000|100%| O|  |TAMS 0x00000000c6100000, 0x00000000c6000000| Untracked 
|  97|0x00000000c6100000, 0x00000000c6200000, 0x00000000c6200000|100%| O|  |TAMS 0x00000000c6200000, 0x00000000c6100000| Untracked 
|  98|0x00000000c6200000, 0x00000000c6300000, 0x00000000c6300000|100%| O|  |TAMS 0x00000000c6300000, 0x00000000c6200000| Untracked 
|  99|0x00000000c6300000, 0x00000000c6400000, 0x00000000c6400000|100%| O|  |TAMS 0x00000000c6400000, 0x00000000c6300000| Updating 
| 100|0x00000000c6400000, 0x00000000c6500000, 0x00000000c6500000|100%| O|  |TAMS 0x00000000c6500000, 0x00000000c6400000| Untracked 
| 101|0x00000000c6500000, 0x00000000c6600000, 0x00000000c6600000|100%| O|  |TAMS 0x00000000c6600000, 0x00000000c6500000| Untracked 
| 102|0x00000000c6600000, 0x00000000c6700000, 0x00000000c6700000|100%| O|  |TAMS 0x00000000c6700000, 0x00000000c6600000| Untracked 
| 103|0x00000000c6700000, 0x00000000c6800000, 0x00000000c6800000|100%| O|  |TAMS 0x00000000c6800000, 0x00000000c6700000| Untracked 
| 104|0x00000000c6800000, 0x00000000c6900000, 0x00000000c6900000|100%| O|  |TAMS 0x00000000c6900000, 0x00000000c6800000| Updating 
| 105|0x00000000c6900000, 0x00000000c6a00000, 0x00000000c6a00000|100%| O|  |TAMS 0x00000000c6a00000, 0x00000000c6900000| Untracked 
| 106|0x00000000c6a00000, 0x00000000c6b00000, 0x00000000c6b00000|100%| O|  |TAMS 0x00000000c6b00000, 0x00000000c6a00000| Untracked 
| 107|0x00000000c6b00000, 0x00000000c6c00000, 0x00000000c6c00000|100%| O|  |TAMS 0x00000000c6c00000, 0x00000000c6b00000| Untracked 
| 108|0x00000000c6c00000, 0x00000000c6d00000, 0x00000000c6d00000|100%| O|  |TAMS 0x00000000c6d00000, 0x00000000c6c00000| Updating 
| 109|0x00000000c6d00000, 0x00000000c6e00000, 0x00000000c6e00000|100%| O|  |TAMS 0x00000000c6e00000, 0x00000000c6d00000| Untracked 
| 110|0x00000000c6e00000, 0x00000000c6f00000, 0x00000000c6f00000|100%| O|  |TAMS 0x00000000c6f00000, 0x00000000c6e00000| Updating 
| 111|0x00000000c6f00000, 0x00000000c7000000, 0x00000000c7000000|100%| O|  |TAMS 0x00000000c7000000, 0x00000000c6f00000| Untracked 
| 112|0x00000000c7000000, 0x00000000c7100000, 0x00000000c7100000|100%| O|  |TAMS 0x00000000c7100000, 0x00000000c7000000| Updating 
| 113|0x00000000c7100000, 0x00000000c7200000, 0x00000000c7200000|100%| O|  |TAMS 0x00000000c7200000, 0x00000000c7100000| Updating 
| 114|0x00000000c7200000, 0x00000000c7300000, 0x00000000c7300000|100%| O|  |TAMS 0x00000000c7300000, 0x00000000c7200000| Untracked 
| 115|0x00000000c7300000, 0x00000000c7400000, 0x00000000c7400000|100%| O|  |TAMS 0x00000000c7400000, 0x00000000c7300000| Untracked 
| 116|0x00000000c7400000, 0x00000000c7500000, 0x00000000c7500000|100%| O|  |TAMS 0x00000000c7500000, 0x00000000c7400000| Untracked 
| 117|0x00000000c7500000, 0x00000000c7600000, 0x00000000c7600000|100%| O|  |TAMS 0x00000000c7600000, 0x00000000c7500000| Updating 
| 118|0x00000000c7600000, 0x00000000c7700000, 0x00000000c7700000|100%| O|  |TAMS 0x00000000c7700000, 0x00000000c7600000| Updating 
| 119|0x00000000c7700000, 0x00000000c7800000, 0x00000000c7800000|100%| O|  |TAMS 0x00000000c7800000, 0x00000000c7700000| Untracked 
| 120|0x00000000c7800000, 0x00000000c7900000, 0x00000000c7900000|100%| O|  |TAMS 0x00000000c7900000, 0x00000000c7800000| Untracked 
| 121|0x00000000c7900000, 0x00000000c7a00000, 0x00000000c7a00000|100%| O|  |TAMS 0x00000000c7a00000, 0x00000000c7900000| Untracked 
| 122|0x00000000c7a00000, 0x00000000c7b00000, 0x00000000c7b00000|100%| O|  |TAMS 0x00000000c7b00000, 0x00000000c7a00000| Untracked 
| 123|0x00000000c7b00000, 0x00000000c7c00000, 0x00000000c7c00000|100%| O|  |TAMS 0x00000000c7c00000, 0x00000000c7b00000| Untracked 
| 124|0x00000000c7c00000, 0x00000000c7d00000, 0x00000000c7d00000|100%| O|  |TAMS 0x00000000c7d00000, 0x00000000c7c00000| Untracked 
| 125|0x00000000c7d00000, 0x00000000c7e00000, 0x00000000c7e00000|100%| O|  |TAMS 0x00000000c7e00000, 0x00000000c7d00000| Untracked 
| 126|0x00000000c7e00000, 0x00000000c7f00000, 0x00000000c7f00000|100%| O|  |TAMS 0x00000000c7f00000, 0x00000000c7e00000| Untracked 
| 127|0x00000000c7f00000, 0x00000000c8000000, 0x00000000c8000000|100%| O|  |TAMS 0x00000000c8000000, 0x00000000c7f00000| Untracked 
| 128|0x00000000c8000000, 0x00000000c8100000, 0x00000000c8100000|100%| O|  |TAMS 0x00000000c8100000, 0x00000000c8000000| Untracked 
| 129|0x00000000c8100000, 0x00000000c8200000, 0x00000000c8200000|100%| O|  |TAMS 0x00000000c8200000, 0x00000000c8100000| Untracked 
| 130|0x00000000c8200000, 0x00000000c8300000, 0x00000000c8300000|100%| O|  |TAMS 0x00000000c8300000, 0x00000000c8200000| Untracked 
| 131|0x00000000c8300000, 0x00000000c8400000, 0x00000000c8400000|100%| O|  |TAMS 0x00000000c8400000, 0x00000000c8300000| Updating 
| 132|0x00000000c8400000, 0x00000000c8500000, 0x00000000c8500000|100%| O|  |TAMS 0x00000000c8500000, 0x00000000c8400000| Untracked 
| 133|0x00000000c8500000, 0x00000000c8600000, 0x00000000c8600000|100%| O|  |TAMS 0x00000000c8600000, 0x00000000c8500000| Untracked 
| 134|0x00000000c8600000, 0x00000000c8700000, 0x00000000c8700000|100%| O|  |TAMS 0x00000000c8700000, 0x00000000c8600000| Untracked 
| 135|0x00000000c8700000, 0x00000000c8800000, 0x00000000c8800000|100%| O|  |TAMS 0x00000000c8800000, 0x00000000c8700000| Untracked 
| 136|0x00000000c8800000, 0x00000000c8900000, 0x00000000c8900000|100%| O|  |TAMS 0x00000000c8900000, 0x00000000c8800000| Untracked 
| 137|0x00000000c8900000, 0x00000000c8a00000, 0x00000000c8a00000|100%| O|  |TAMS 0x00000000c8a00000, 0x00000000c8900000| Untracked 
| 138|0x00000000c8a00000, 0x00000000c8b00000, 0x00000000c8b00000|100%| O|  |TAMS 0x00000000c8b00000, 0x00000000c8a00000| Updating 
| 139|0x00000000c8b00000, 0x00000000c8c00000, 0x00000000c8c00000|100%| O|  |TAMS 0x00000000c8c00000, 0x00000000c8b00000| Updating 
| 140|0x00000000c8c00000, 0x00000000c8d00000, 0x00000000c8d00000|100%|HS|  |TAMS 0x00000000c8d00000, 0x00000000c8c00000| Complete 
| 141|0x00000000c8d00000, 0x00000000c8e00000, 0x00000000c8e00000|100%| O|  |TAMS 0x00000000c8e00000, 0x00000000c8d00000| Updating 
| 142|0x00000000c8e00000, 0x00000000c8f00000, 0x00000000c8f00000|100%| O|  |TAMS 0x00000000c8f00000, 0x00000000c8e00000| Untracked 
| 143|0x00000000c8f00000, 0x00000000c9000000, 0x00000000c9000000|100%| O|  |TAMS 0x00000000c9000000, 0x00000000c8f00000| Untracked 
| 144|0x00000000c9000000, 0x00000000c9100000, 0x00000000c9100000|100%| O|  |TAMS 0x00000000c9100000, 0x00000000c9000000| Untracked 
| 145|0x00000000c9100000, 0x00000000c9200000, 0x00000000c9200000|100%| O|  |TAMS 0x00000000c9200000, 0x00000000c9100000| Untracked 
| 146|0x00000000c9200000, 0x00000000c9300000, 0x00000000c9300000|100%| O|  |TAMS 0x00000000c9300000, 0x00000000c9200000| Updating 
| 147|0x00000000c9300000, 0x00000000c9400000, 0x00000000c9400000|100%| O|  |TAMS 0x00000000c9400000, 0x00000000c9300000| Untracked 
| 148|0x00000000c9400000, 0x00000000c9500000, 0x00000000c9500000|100%| O|  |TAMS 0x00000000c9500000, 0x00000000c9400000| Untracked 
| 149|0x00000000c9500000, 0x00000000c9600000, 0x00000000c9600000|100%| O|  |TAMS 0x00000000c9600000, 0x00000000c9500000| Untracked 
| 150|0x00000000c9600000, 0x00000000c9700000, 0x00000000c9700000|100%| O|  |TAMS 0x00000000c9700000, 0x00000000c9600000| Updating 
| 151|0x00000000c9700000, 0x00000000c9800000, 0x00000000c9800000|100%| O|  |TAMS 0x00000000c9800000, 0x00000000c9700000| Untracked 
| 152|0x00000000c9800000, 0x00000000c9900000, 0x00000000c9900000|100%| O|  |TAMS 0x00000000c9900000, 0x00000000c9800000| Untracked 
| 153|0x00000000c9900000, 0x00000000c9a00000, 0x00000000c9a00000|100%| O|  |TAMS 0x00000000c9a00000, 0x00000000c9900000| Untracked 
| 154|0x00000000c9a00000, 0x00000000c9b00000, 0x00000000c9b00000|100%| O|  |TAMS 0x00000000c9b00000, 0x00000000c9a00000| Untracked 
| 155|0x00000000c9b00000, 0x00000000c9c00000, 0x00000000c9c00000|100%| O|  |TAMS 0x00000000c9c00000, 0x00000000c9b00000| Updating 
| 156|0x00000000c9c00000, 0x00000000c9d00000, 0x00000000c9d00000|100%| O|  |TAMS 0x00000000c9d00000, 0x00000000c9c00000| Untracked 
| 157|0x00000000c9d00000, 0x00000000c9e00000, 0x00000000c9e00000|100%| O|  |TAMS 0x00000000c9e00000, 0x00000000c9d00000| Untracked 
| 158|0x00000000c9e00000, 0x00000000c9f00000, 0x00000000c9f00000|100%| O|  |TAMS 0x00000000c9f00000, 0x00000000c9e00000| Untracked 
| 159|0x00000000c9f00000, 0x00000000ca000000, 0x00000000ca000000|100%| O|  |TAMS 0x00000000ca000000, 0x00000000c9f00000| Updating 
| 160|0x00000000ca000000, 0x00000000ca100000, 0x00000000ca100000|100%| O|  |TAMS 0x00000000ca100000, 0x00000000ca000000| Untracked 
| 161|0x00000000ca100000, 0x00000000ca200000, 0x00000000ca200000|100%| O|  |TAMS 0x00000000ca200000, 0x00000000ca100000| Untracked 
| 162|0x00000000ca200000, 0x00000000ca300000, 0x00000000ca300000|100%| O|  |TAMS 0x00000000ca300000, 0x00000000ca200000| Untracked 
| 163|0x00000000ca300000, 0x00000000ca400000, 0x00000000ca400000|100%| O|  |TAMS 0x00000000ca400000, 0x00000000ca300000| Untracked 
| 164|0x00000000ca400000, 0x00000000ca500000, 0x00000000ca500000|100%| O|  |TAMS 0x00000000ca500000, 0x00000000ca400000| Untracked 
| 165|0x00000000ca500000, 0x00000000ca600000, 0x00000000ca600000|100%| O|  |TAMS 0x00000000ca600000, 0x00000000ca500000| Untracked 
| 166|0x00000000ca600000, 0x00000000ca700000, 0x00000000ca700000|100%| O|  |TAMS 0x00000000ca700000, 0x00000000ca600000| Untracked 
| 167|0x00000000ca700000, 0x00000000ca800000, 0x00000000ca800000|100%| O|  |TAMS 0x00000000ca800000, 0x00000000ca700000| Untracked 
| 168|0x00000000ca800000, 0x00000000ca900000, 0x00000000ca900000|100%| O|  |TAMS 0x00000000ca900000, 0x00000000ca800000| Untracked 
| 169|0x00000000ca900000, 0x00000000caa00000, 0x00000000caa00000|100%| O|  |TAMS 0x00000000caa00000, 0x00000000ca900000| Untracked 
| 170|0x00000000caa00000, 0x00000000cab00000, 0x00000000cab00000|100%| O|  |TAMS 0x00000000cab00000, 0x00000000caa00000| Untracked 
| 171|0x00000000cab00000, 0x00000000cac00000, 0x00000000cac00000|100%| O|  |TAMS 0x00000000cac00000, 0x00000000cab00000| Updating 
| 172|0x00000000cac00000, 0x00000000cad00000, 0x00000000cad00000|100%| O|  |TAMS 0x00000000cad00000, 0x00000000cac00000| Untracked 
| 173|0x00000000cad00000, 0x00000000cae00000, 0x00000000cae00000|100%| O|  |TAMS 0x00000000cae00000, 0x00000000cad00000| Untracked 
| 174|0x00000000cae00000, 0x00000000caf00000, 0x00000000caf00000|100%| O|  |TAMS 0x00000000caf00000, 0x00000000cae00000| Updating 
| 175|0x00000000caf00000, 0x00000000cb000000, 0x00000000cb000000|100%| O|  |TAMS 0x00000000cb000000, 0x00000000caf00000| Untracked 
| 176|0x00000000cb000000, 0x00000000cb100000, 0x00000000cb100000|100%| O|  |TAMS 0x00000000cb100000, 0x00000000cb000000| Untracked 
| 177|0x00000000cb100000, 0x00000000cb200000, 0x00000000cb200000|100%| O|  |TAMS 0x00000000cb200000, 0x00000000cb100000| Updating 
| 178|0x00000000cb200000, 0x00000000cb300000, 0x00000000cb300000|100%| O|  |TAMS 0x00000000cb300000, 0x00000000cb200000| Untracked 
| 179|0x00000000cb300000, 0x00000000cb400000, 0x00000000cb400000|100%| O|  |TAMS 0x00000000cb400000, 0x00000000cb300000| Untracked 
| 180|0x00000000cb400000, 0x00000000cb500000, 0x00000000cb500000|100%| O|  |TAMS 0x00000000cb500000, 0x00000000cb400000| Untracked 
| 181|0x00000000cb500000, 0x00000000cb600000, 0x00000000cb600000|100%| O|  |TAMS 0x00000000cb600000, 0x00000000cb500000| Untracked 
| 182|0x00000000cb600000, 0x00000000cb700000, 0x00000000cb700000|100%| O|  |TAMS 0x00000000cb700000, 0x00000000cb600000| Untracked 
| 183|0x00000000cb700000, 0x00000000cb800000, 0x00000000cb800000|100%| O|  |TAMS 0x00000000cb800000, 0x00000000cb700000| Updating 
| 184|0x00000000cb800000, 0x00000000cb900000, 0x00000000cb900000|100%| O|  |TAMS 0x00000000cb900000, 0x00000000cb800000| Untracked 
| 185|0x00000000cb900000, 0x00000000cba00000, 0x00000000cba00000|100%| O|  |TAMS 0x00000000cba00000, 0x00000000cb900000| Untracked 
| 186|0x00000000cba00000, 0x00000000cbb00000, 0x00000000cbb00000|100%| O|  |TAMS 0x00000000cbb00000, 0x00000000cba00000| Updating 
| 187|0x00000000cbb00000, 0x00000000cbc00000, 0x00000000cbc00000|100%| O|  |TAMS 0x00000000cbc00000, 0x00000000cbb00000| Untracked 
| 188|0x00000000cbc00000, 0x00000000cbd00000, 0x00000000cbd00000|100%| O|  |TAMS 0x00000000cbd00000, 0x00000000cbc00000| Untracked 
| 189|0x00000000cbd00000, 0x00000000cbe00000, 0x00000000cbe00000|100%| O|  |TAMS 0x00000000cbe00000, 0x00000000cbd00000| Updating 
| 190|0x00000000cbe00000, 0x00000000cbf00000, 0x00000000cbf00000|100%| O|  |TAMS 0x00000000cbf00000, 0x00000000cbe00000| Untracked 
| 191|0x00000000cbf00000, 0x00000000cc000000, 0x00000000cc000000|100%| O|  |TAMS 0x00000000cc000000, 0x00000000cbf00000| Untracked 
| 192|0x00000000cc000000, 0x00000000cc100000, 0x00000000cc100000|100%| O|  |TAMS 0x00000000cc100000, 0x00000000cc000000| Updating 
| 193|0x00000000cc100000, 0x00000000cc200000, 0x00000000cc200000|100%| O|  |TAMS 0x00000000cc200000, 0x00000000cc100000| Untracked 
| 194|0x00000000cc200000, 0x00000000cc300000, 0x00000000cc300000|100%| O|  |TAMS 0x00000000cc300000, 0x00000000cc200000| Updating 
| 195|0x00000000cc300000, 0x00000000cc400000, 0x00000000cc400000|100%| O|  |TAMS 0x00000000cc400000, 0x00000000cc300000| Untracked 
| 196|0x00000000cc400000, 0x00000000cc500000, 0x00000000cc500000|100%| O|  |TAMS 0x00000000cc500000, 0x00000000cc400000| Untracked 
| 197|0x00000000cc500000, 0x00000000cc600000, 0x00000000cc600000|100%| O|  |TAMS 0x00000000cc600000, 0x00000000cc500000| Updating 
| 198|0x00000000cc600000, 0x00000000cc700000, 0x00000000cc700000|100%| O|  |TAMS 0x00000000cc700000, 0x00000000cc600000| Untracked 
| 199|0x00000000cc700000, 0x00000000cc800000, 0x00000000cc800000|100%| O|  |TAMS 0x00000000cc800000, 0x00000000cc700000| Untracked 
| 200|0x00000000cc800000, 0x00000000cc900000, 0x00000000cc900000|100%| O|  |TAMS 0x00000000cc900000, 0x00000000cc800000| Updating 
| 201|0x00000000cc900000, 0x00000000cca00000, 0x00000000cca00000|100%| O|  |TAMS 0x00000000cca00000, 0x00000000cc900000| Untracked 
| 202|0x00000000cca00000, 0x00000000ccb00000, 0x00000000ccb00000|100%| O|  |TAMS 0x00000000ccb00000, 0x00000000cca00000| Untracked 
| 203|0x00000000ccb00000, 0x00000000ccc00000, 0x00000000ccc00000|100%| O|  |TAMS 0x00000000ccc00000, 0x00000000ccb00000| Updating 
| 204|0x00000000ccc00000, 0x00000000ccd00000, 0x00000000ccd00000|100%| O|  |TAMS 0x00000000ccd00000, 0x00000000ccc00000| Untracked 
| 205|0x00000000ccd00000, 0x00000000cce00000, 0x00000000cce00000|100%| O|  |TAMS 0x00000000cce00000, 0x00000000ccd00000| Untracked 
| 206|0x00000000cce00000, 0x00000000ccf00000, 0x00000000ccf00000|100%| O|  |TAMS 0x00000000ccf00000, 0x00000000cce00000| Untracked 
| 207|0x00000000ccf00000, 0x00000000cd000000, 0x00000000cd000000|100%| O|  |TAMS 0x00000000cd000000, 0x00000000ccf00000| Untracked 
| 208|0x00000000cd000000, 0x00000000cd100000, 0x00000000cd100000|100%| O|  |TAMS 0x00000000cd03b800, 0x00000000cd000000| Untracked 
| 209|0x00000000cd100000, 0x00000000cd200000, 0x00000000cd200000|100%| O|  |TAMS 0x00000000cd100000, 0x00000000cd100000| Untracked 
| 210|0x00000000cd200000, 0x00000000cd300000, 0x00000000cd300000|100%| O|  |TAMS 0x00000000cd200000, 0x00000000cd200000| Untracked 
| 211|0x00000000cd300000, 0x00000000cd400000, 0x00000000cd400000|100%| O|  |TAMS 0x00000000cd300000, 0x00000000cd300000| Untracked 
| 212|0x00000000cd400000, 0x00000000cd500000, 0x00000000cd500000|100%| O|  |TAMS 0x00000000cd400000, 0x00000000cd400000| Untracked 
| 213|0x00000000cd500000, 0x00000000cd600000, 0x00000000cd600000|100%| O|  |TAMS 0x00000000cd500000, 0x00000000cd500000| Untracked 
| 214|0x00000000cd600000, 0x00000000cd700000, 0x00000000cd700000|100%| O|  |TAMS 0x00000000cd600000, 0x00000000cd600000| Untracked 
| 215|0x00000000cd700000, 0x00000000cd76b800, 0x00000000cd800000| 41%| O|  |TAMS 0x00000000cd700000, 0x00000000cd700000| Updating 
| 216|0x00000000cd800000, 0x00000000cd800000, 0x00000000cd900000|  0%| F|  |TAMS 0x00000000cd800000, 0x00000000cd800000| Untracked 
| 217|0x00000000cd900000, 0x00000000cd900000, 0x00000000cda00000|  0%| F|  |TAMS 0x00000000cd900000, 0x00000000cd900000| Untracked 
| 218|0x00000000cda00000, 0x00000000cda00000, 0x00000000cdb00000|  0%| F|  |TAMS 0x00000000cda00000, 0x00000000cda00000| Untracked 
| 219|0x00000000cdb00000, 0x00000000cdb00000, 0x00000000cdc00000|  0%| F|  |TAMS 0x00000000cdb00000, 0x00000000cdb00000| Untracked 
| 220|0x00000000cdc00000, 0x00000000cdc00000, 0x00000000cdd00000|  0%| F|  |TAMS 0x00000000cdc00000, 0x00000000cdc00000| Untracked 
| 221|0x00000000cdd00000, 0x00000000cdd00000, 0x00000000cde00000|  0%| F|  |TAMS 0x00000000cdd00000, 0x00000000cdd00000| Untracked 
| 222|0x00000000cde00000, 0x00000000cde00000, 0x00000000cdf00000|  0%| F|  |TAMS 0x00000000cde00000, 0x00000000cde00000| Untracked 
| 223|0x00000000cdf00000, 0x00000000cdf00000, 0x00000000ce000000|  0%| F|  |TAMS 0x00000000cdf00000, 0x00000000cdf00000| Untracked 
| 224|0x00000000ce000000, 0x00000000ce000000, 0x00000000ce100000|  0%| F|  |TAMS 0x00000000ce000000, 0x00000000ce000000| Untracked 
| 225|0x00000000ce100000, 0x00000000ce100000, 0x00000000ce200000|  0%| F|  |TAMS 0x00000000ce100000, 0x00000000ce100000| Untracked 
| 226|0x00000000ce200000, 0x00000000ce200000, 0x00000000ce300000|  0%| F|  |TAMS 0x00000000ce200000, 0x00000000ce200000| Untracked 
| 227|0x00000000ce300000, 0x00000000ce300000, 0x00000000ce400000|  0%| F|  |TAMS 0x00000000ce300000, 0x00000000ce300000| Untracked 
| 228|0x00000000ce400000, 0x00000000ce400000, 0x00000000ce500000|  0%| F|  |TAMS 0x00000000ce400000, 0x00000000ce400000| Untracked 
| 229|0x00000000ce500000, 0x00000000ce500000, 0x00000000ce600000|  0%| F|  |TAMS 0x00000000ce500000, 0x00000000ce500000| Untracked 
| 230|0x00000000ce600000, 0x00000000ce600000, 0x00000000ce700000|  0%| F|  |TAMS 0x00000000ce600000, 0x00000000ce600000| Untracked 
| 231|0x00000000ce700000, 0x00000000ce700000, 0x00000000ce800000|  0%| F|  |TAMS 0x00000000ce700000, 0x00000000ce700000| Untracked 
| 232|0x00000000ce800000, 0x00000000ce800000, 0x00000000ce900000|  0%| F|  |TAMS 0x00000000ce800000, 0x00000000ce800000| Untracked 
| 233|0x00000000ce900000, 0x00000000ce900000, 0x00000000cea00000|  0%| F|  |TAMS 0x00000000ce900000, 0x00000000ce900000| Untracked 
| 234|0x00000000cea00000, 0x00000000cea00000, 0x00000000ceb00000|  0%| F|  |TAMS 0x00000000cea00000, 0x00000000cea00000| Untracked 
| 235|0x00000000ceb00000, 0x00000000ceb00000, 0x00000000cec00000|  0%| F|  |TAMS 0x00000000ceb00000, 0x00000000ceb00000| Untracked 
| 236|0x00000000cec00000, 0x00000000cec00000, 0x00000000ced00000|  0%| F|  |TAMS 0x00000000cec00000, 0x00000000cec00000| Untracked 
| 237|0x00000000ced00000, 0x00000000ced00000, 0x00000000cee00000|  0%| F|  |TAMS 0x00000000ced00000, 0x00000000ced00000| Untracked 
| 238|0x00000000cee00000, 0x00000000cee00000, 0x00000000cef00000|  0%| F|  |TAMS 0x00000000cee00000, 0x00000000cee00000| Untracked 
| 239|0x00000000cef00000, 0x00000000cef00000, 0x00000000cf000000|  0%| F|  |TAMS 0x00000000cef00000, 0x00000000cef00000| Untracked 
| 240|0x00000000cf000000, 0x00000000cf000000, 0x00000000cf100000|  0%| F|  |TAMS 0x00000000cf000000, 0x00000000cf000000| Untracked 
| 241|0x00000000cf100000, 0x00000000cf100000, 0x00000000cf200000|  0%| F|  |TAMS 0x00000000cf100000, 0x00000000cf100000| Untracked 
| 242|0x00000000cf200000, 0x00000000cf200000, 0x00000000cf300000|  0%| F|  |TAMS 0x00000000cf200000, 0x00000000cf200000| Untracked 
| 243|0x00000000cf300000, 0x00000000cf400000, 0x00000000cf400000|100%| S|CS|TAMS 0x00000000cf300000, 0x00000000cf300000| Complete 
| 244|0x00000000cf400000, 0x00000000cf500000, 0x00000000cf500000|100%| S|CS|TAMS 0x00000000cf400000, 0x00000000cf400000| Complete 
| 245|0x00000000cf500000, 0x00000000cf500000, 0x00000000cf600000|  0%| F|  |TAMS 0x00000000cf500000, 0x00000000cf500000| Untracked 
| 246|0x00000000cf600000, 0x00000000cf600000, 0x00000000cf700000|  0%| F|  |TAMS 0x00000000cf600000, 0x00000000cf600000| Untracked 
| 247|0x00000000cf700000, 0x00000000cf800000, 0x00000000cf800000|100%| S|CS|TAMS 0x00000000cf700000, 0x00000000cf700000| Complete 
| 248|0x00000000cf800000, 0x00000000cf800000, 0x00000000cf900000|  0%| F|  |TAMS 0x00000000cf800000, 0x00000000cf800000| Untracked 
| 249|0x00000000cf900000, 0x00000000cf900000, 0x00000000cfa00000|  0%| F|  |TAMS 0x00000000cf900000, 0x00000000cf900000| Untracked 
| 250|0x00000000cfa00000, 0x00000000cfa00000, 0x00000000cfb00000|  0%| F|  |TAMS 0x00000000cfa00000, 0x00000000cfa00000| Untracked 
| 251|0x00000000cfb00000, 0x00000000cfb00000, 0x00000000cfc00000|  0%| F|  |TAMS 0x00000000cfb00000, 0x00000000cfb00000| Untracked 
| 252|0x00000000cfc00000, 0x00000000cfc00000, 0x00000000cfd00000|  0%| F|  |TAMS 0x00000000cfc00000, 0x00000000cfc00000| Untracked 
| 253|0x00000000cfd00000, 0x00000000cfd00000, 0x00000000cfe00000|  0%| F|  |TAMS 0x00000000cfd00000, 0x00000000cfd00000| Untracked 
| 254|0x00000000cfe00000, 0x00000000cfe00000, 0x00000000cff00000|  0%| F|  |TAMS 0x00000000cfe00000, 0x00000000cfe00000| Untracked 
| 255|0x00000000cff00000, 0x00000000cff00000, 0x00000000d0000000|  0%| F|  |TAMS 0x00000000cff00000, 0x00000000cff00000| Untracked 
| 256|0x00000000d0000000, 0x00000000d0000000, 0x00000000d0100000|  0%| F|  |TAMS 0x00000000d0000000, 0x00000000d0000000| Untracked 
| 257|0x00000000d0100000, 0x00000000d0100000, 0x00000000d0200000|  0%| F|  |TAMS 0x00000000d0100000, 0x00000000d0100000| Untracked 
| 258|0x00000000d0200000, 0x00000000d0200000, 0x00000000d0300000|  0%| F|  |TAMS 0x00000000d0200000, 0x00000000d0200000| Untracked 
| 259|0x00000000d0300000, 0x00000000d03cb0e0, 0x00000000d0400000| 79%| E|  |TAMS 0x00000000d0300000, 0x00000000d0300000| Complete 
| 260|0x00000000d0400000, 0x00000000d0500000, 0x00000000d0500000|100%| E|  |TAMS 0x00000000d0400000, 0x00000000d0400000| Complete 
| 261|0x00000000d0500000, 0x00000000d0600000, 0x00000000d0600000|100%| E|CS|TAMS 0x00000000d0500000, 0x00000000d0500000| Complete 
| 262|0x00000000d0600000, 0x00000000d0700000, 0x00000000d0700000|100%| E|CS|TAMS 0x00000000d0600000, 0x00000000d0600000| Complete 
| 263|0x00000000d0700000, 0x00000000d0800000, 0x00000000d0800000|100%| E|CS|TAMS 0x00000000d0700000, 0x00000000d0700000| Complete 
| 264|0x00000000d0800000, 0x00000000d0900000, 0x00000000d0900000|100%| E|CS|TAMS 0x00000000d0800000, 0x00000000d0800000| Complete 
| 265|0x00000000d0900000, 0x00000000d0a00000, 0x00000000d0a00000|100%| E|CS|TAMS 0x00000000d0900000, 0x00000000d0900000| Complete 
| 266|0x00000000d0a00000, 0x00000000d0b00000, 0x00000000d0b00000|100%| E|CS|TAMS 0x00000000d0a00000, 0x00000000d0a00000| Complete 
| 267|0x00000000d0b00000, 0x00000000d0c00000, 0x00000000d0c00000|100%| E|CS|TAMS 0x00000000d0b00000, 0x00000000d0b00000| Complete 
| 268|0x00000000d0c00000, 0x00000000d0d00000, 0x00000000d0d00000|100%| E|CS|TAMS 0x00000000d0c00000, 0x00000000d0c00000| Complete 
| 269|0x00000000d0d00000, 0x00000000d0e00000, 0x00000000d0e00000|100%| E|CS|TAMS 0x00000000d0d00000, 0x00000000d0d00000| Complete 
| 270|0x00000000d0e00000, 0x00000000d0f00000, 0x00000000d0f00000|100%| E|CS|TAMS 0x00000000d0e00000, 0x00000000d0e00000| Complete 
| 271|0x00000000d0f00000, 0x00000000d1000000, 0x00000000d1000000|100%| E|CS|TAMS 0x00000000d0f00000, 0x00000000d0f00000| Complete 
| 272|0x00000000d1000000, 0x00000000d1100000, 0x00000000d1100000|100%| E|CS|TAMS 0x00000000d1000000, 0x00000000d1000000| Complete 
| 273|0x00000000d1100000, 0x00000000d1200000, 0x00000000d1200000|100%| E|CS|TAMS 0x00000000d1100000, 0x00000000d1100000| Complete 
| 274|0x00000000d1200000, 0x00000000d1300000, 0x00000000d1300000|100%| E|CS|TAMS 0x00000000d1200000, 0x00000000d1200000| Complete 
| 275|0x00000000d1300000, 0x00000000d1400000, 0x00000000d1400000|100%| E|CS|TAMS 0x00000000d1300000, 0x00000000d1300000| Complete 
| 276|0x00000000d1400000, 0x00000000d1500000, 0x00000000d1500000|100%| E|CS|TAMS 0x00000000d1400000, 0x00000000d1400000| Complete 
| 277|0x00000000d1500000, 0x00000000d1600000, 0x00000000d1600000|100%| E|CS|TAMS 0x00000000d1500000, 0x00000000d1500000| Complete 
| 278|0x00000000d1600000, 0x00000000d1700000, 0x00000000d1700000|100%| E|CS|TAMS 0x00000000d1600000, 0x00000000d1600000| Complete 
| 279|0x00000000d1700000, 0x00000000d1800000, 0x00000000d1800000|100%| E|CS|TAMS 0x00000000d1700000, 0x00000000d1700000| Complete 

Card table byte_map: [0x0000021146a00000,0x0000021146c00000] _byte_map_base: 0x0000021146400000

Marking Bits (Prev, Next): (CMBitMap*) 0x0000021140db29a0, (CMBitMap*) 0x0000021140db2960
 Prev Bits: [0x0000021147e00000, 0x0000021148e00000)
 Next Bits: [0x0000021146e00000, 0x0000021147e00000)

Polling page: 0x000002113ec10000

Metaspace:

Usage:
  Non-class:     44.96 MB used.
      Class:      6.50 MB used.
       Both:     51.46 MB used.

Virtual space:
  Non-class space:       64.00 MB reserved,      45.19 MB ( 71%) committed,  1 nodes.
      Class space:        1.00 GB reserved,       6.69 MB ( <1%) committed,  1 nodes.
             Both:        1.06 GB reserved,      51.88 MB (  5%) committed. 

Chunk freelists:
   Non-Class:  2.00 MB
       Class:  9.25 MB
        Both:  11.25 MB

MaxMetaspaceSize: unlimited
CompressedClassSpaceSize: 1.00 GB
Initial GC threshold: 21.00 MB
Current GC threshold: 64.38 MB
CDS: off
MetaspaceReclaimPolicy: balanced
 - commit_granule_bytes: 65536.
 - commit_granule_words: 8192.
 - virtual_space_node_default_size: 8388608.
 - enlarge_chunks_in_place: 1.
 - new_chunks_are_fully_committed: 0.
 - uncommit_free_chunks: 1.
 - use_allocation_guard: 0.
 - handle_deallocations: 1.


Internal statistics:

num_allocs_failed_limit: 6.
num_arena_births: 562.
num_arena_deaths: 0.
num_vsnodes_births: 2.
num_vsnodes_deaths: 0.
num_space_committed: 830.
num_space_uncommitted: 0.
num_chunks_returned_to_freelist: 6.
num_chunks_taken_from_freelist: 2123.
num_chunk_merges: 6.
num_chunk_splits: 1498.
num_chunks_enlarged: 1117.
num_inconsistent_stats: 0.

CodeCache: size=49152Kb used=10557Kb max_used=10557Kb free=38594Kb
 bounds [0x0000021143a00000, 0x0000021144450000, 0x0000021146a00000]
 total_blobs=6102 nmethods=5463 adapters=565
 compilation: enabled
              stopped_count=0, restarted_count=0
 full_count=0

Compilation events (20 events):
Event: 67.660 Thread 0x000002114b2d5ad0 5459       1       java.lang.Throwable::<init> (29 bytes)
Event: 67.661 Thread 0x000002114b2d5ad0 nmethod 5459 0x000002114444c410 code [0x000002114444c5c0, 0x000002114444c7e8]
Event: 67.674 Thread 0x000002114b2d5ad0 5460       1       sun.nio.fs.WindowsException::<init> (15 bytes)
Event: 67.675 Thread 0x000002114b2d5ad0 nmethod 5460 0x000002114444c890 code [0x000002114444ca40, 0x000002114444cc78]
Event: 67.675 Thread 0x000002114b2d5ad0 5461       1       sun.nio.fs.WindowsException::fillInStackTrace (2 bytes)
Event: 67.675 Thread 0x000002114b2d5ad0 nmethod 5461 0x000002114444cd10 code [0x000002114444cea0, 0x000002114444cf78]
Event: 67.678 Thread 0x000002114b2d5ad0 5462       1       java.nio.file.NoSuchFileException::<init> (8 bytes)
Event: 67.679 Thread 0x000002114b2d5ad0 nmethod 5462 0x000002114444d010 code [0x000002114444d1a0, 0x000002114444d348]
Event: 67.679 Thread 0x000002114b2d5ad0 5463       1       sun.nio.fs.WindowsException::translateToIOException (109 bytes)
Event: 67.680 Thread 0x000002114b2d5ad0 nmethod 5463 0x000002114444d410 code [0x000002114444d640, 0x000002114444dce8]
Event: 67.680 Thread 0x000002114b2d5ad0 5464       1       java.nio.file.FileSystemException::<init> (16 bytes)
Event: 67.680 Thread 0x000002114b2d5ad0 nmethod 5464 0x000002114444df90 code [0x000002114444e120, 0x000002114444e2c8]
Event: 67.684 Thread 0x000002114b2d5ad0 5465       1       sun.nio.fs.WindowsException::rethrowAsIOException (39 bytes)
Event: 67.685 Thread 0x000002114b2d5ad0 nmethod 5465 0x000002114444e390 code [0x000002114444e520, 0x000002114444e628]
Event: 67.790 Thread 0x000002114b2d5ad0 5466   !   1       nonapi.io.github.classgraph.utils.FileUtils::canReadAndIsFile (24 bytes)
Event: 67.790 Thread 0x000002114b2d5ad0 nmethod 5466 0x000002114444e710 code [0x000002114444e900, 0x000002114444ed18]
Event: 68.301 Thread 0x000002114b2d5ad0 5467       1       io.github.classgraph.AnnotationParameterValueList::<init> (5 bytes)
Event: 68.301 Thread 0x000002114b2d5ad0 nmethod 5467 0x000002114444ef90 code [0x000002114444f120, 0x000002114444f258]
Event: 68.301 Thread 0x000002114b2d5ad0 5468       1       io.github.classgraph.MappableInfoList::<init> (5 bytes)
Event: 68.302 Thread 0x000002114b2d5ad0 nmethod 5468 0x000002114444f310 code [0x000002114444f4a0, 0x000002114444f5d8]

GC Heap History (20 events):
Event: 65.560 GC heap before
{Heap before GC invocations=66 (full 0):
 garbage-first heap   total 286720K, used 250003K [0x00000000c0000000, 0x0000000100000000)
  region size 1024K, 53 young (54272K), 6 survivors (6144K)
 Metaspace       used 52697K, committed 53120K, reserved 1114112K
  class space    used 6654K, committed 6848K, reserved 1048576K
}
Event: 65.570 GC heap after
{Heap after GC invocations=67 (full 0):
 garbage-first heap   total 286720K, used 205418K [0x00000000c0000000, 0x0000000100000000)
  region size 1024K, 6 young (6144K), 6 survivors (6144K)
 Metaspace       used 52697K, committed 53120K, reserved 1114112K
  class space    used 6654K, committed 6848K, reserved 1048576K
}
Event: 65.892 GC heap before
{Heap before GC invocations=67 (full 0):
 garbage-first heap   total 286720K, used 250474K [0x00000000c0000000, 0x0000000100000000)
  region size 1024K, 51 young (52224K), 6 survivors (6144K)
 Metaspace       used 52697K, committed 53120K, reserved 1114112K
  class space    used 6654K, committed 6848K, reserved 1048576K
}
Event: 65.899 GC heap after
{Heap after GC invocations=68 (full 0):
 garbage-first heap   total 286720K, used 207920K [0x00000000c0000000, 0x0000000100000000)
  region size 1024K, 6 young (6144K), 6 survivors (6144K)
 Metaspace       used 52697K, committed 53120K, reserved 1114112K
  class space    used 6654K, committed 6848K, reserved 1048576K
}
Event: 66.382 GC heap before
{Heap before GC invocations=68 (full 0):
 garbage-first heap   total 286720K, used 249904K [0x00000000c0000000, 0x0000000100000000)
  region size 1024K, 48 young (49152K), 6 survivors (6144K)
 Metaspace       used 52697K, committed 53120K, reserved 1114112K
  class space    used 6654K, committed 6848K, reserved 1048576K
}
Event: 66.389 GC heap after
{Heap after GC invocations=69 (full 0):
 garbage-first heap   total 286720K, used 210431K [0x00000000c0000000, 0x0000000100000000)
  region size 1024K, 5 young (5120K), 5 survivors (5120K)
 Metaspace       used 52697K, committed 53120K, reserved 1114112K
  class space    used 6654K, committed 6848K, reserved 1048576K
}
Event: 66.746 GC heap before
{Heap before GC invocations=69 (full 0):
 garbage-first heap   total 286720K, used 250367K [0x00000000c0000000, 0x0000000100000000)
  region size 1024K, 45 young (46080K), 5 survivors (5120K)
 Metaspace       used 52697K, committed 53120K, reserved 1114112K
  class space    used 6654K, committed 6848K, reserved 1048576K
}
Event: 66.754 GC heap after
{Heap after GC invocations=70 (full 0):
 garbage-first heap   total 286720K, used 213118K [0x00000000c0000000, 0x0000000100000000)
  region size 1024K, 5 young (5120K), 5 survivors (5120K)
 Metaspace       used 52697K, committed 53120K, reserved 1114112K
  class space    used 6654K, committed 6848K, reserved 1048576K
}
Event: 67.182 GC heap before
{Heap before GC invocations=70 (full 0):
 garbage-first heap   total 286720K, used 249982K [0x00000000c0000000, 0x0000000100000000)
  region size 1024K, 42 young (43008K), 5 survivors (5120K)
 Metaspace       used 52697K, committed 53120K, reserved 1114112K
  class space    used 6654K, committed 6848K, reserved 1048576K
}
Event: 67.189 GC heap after
{Heap after GC invocations=71 (full 0):
 garbage-first heap   total 286720K, used 215655K [0x00000000c0000000, 0x0000000100000000)
  region size 1024K, 5 young (5120K), 5 survivors (5120K)
 Metaspace       used 52697K, committed 53120K, reserved 1114112K
  class space    used 6654K, committed 6848K, reserved 1048576K
}
Event: 67.499 GC heap before
{Heap before GC invocations=71 (full 0):
 garbage-first heap   total 286720K, used 251495K [0x00000000c0000000, 0x0000000100000000)
  region size 1024K, 42 young (43008K), 5 survivors (5120K)
 Metaspace       used 52697K, committed 53120K, reserved 1114112K
  class space    used 6654K, committed 6848K, reserved 1048576K
}
Event: 67.505 GC heap after
{Heap after GC invocations=72 (full 0):
 garbage-first heap   total 286720K, used 217402K [0x00000000c0000000, 0x0000000100000000)
  region size 1024K, 5 young (5120K), 5 survivors (5120K)
 Metaspace       used 52697K, committed 53120K, reserved 1114112K
  class space    used 6654K, committed 6848K, reserved 1048576K
}
Event: 67.688 GC heap before
{Heap before GC invocations=72 (full 0):
 garbage-first heap   total 286720K, used 250170K [0x00000000c0000000, 0x0000000100000000)
  region size 1024K, 38 young (38912K), 5 survivors (5120K)
 Metaspace       used 52697K, committed 53120K, reserved 1114112K
  class space    used 6654K, committed 6848K, reserved 1048576K
}
Event: 67.702 GC heap after
{Heap after GC invocations=73 (full 0):
 garbage-first heap   total 286720K, used 219189K [0x00000000c0000000, 0x0000000100000000)
  region size 1024K, 4 young (4096K), 4 survivors (4096K)
 Metaspace       used 52697K, committed 53120K, reserved 1114112K
  class space    used 6654K, committed 6848K, reserved 1048576K
}
Event: 68.025 GC heap before
{Heap before GC invocations=73 (full 0):
 garbage-first heap   total 286720K, used 250933K [0x00000000c0000000, 0x0000000100000000)
  region size 1024K, 36 young (36864K), 4 survivors (4096K)
 Metaspace       used 52697K, committed 53120K, reserved 1114112K
  class space    used 6654K, committed 6848K, reserved 1048576K
}
Event: 68.031 GC heap after
{Heap after GC invocations=74 (full 0):
 garbage-first heap   total 286720K, used 220846K [0x00000000c0000000, 0x0000000100000000)
  region size 1024K, 4 young (4096K), 4 survivors (4096K)
 Metaspace       used 52697K, committed 53120K, reserved 1114112K
  class space    used 6654K, committed 6848K, reserved 1048576K
}
Event: 68.235 GC heap before
{Heap before GC invocations=74 (full 0):
 garbage-first heap   total 286720K, used 250542K [0x00000000c0000000, 0x0000000100000000)
  region size 1024K, 34 young (34816K), 4 survivors (4096K)
 Metaspace       used 52697K, committed 53120K, reserved 1114112K
  class space    used 6654K, committed 6848K, reserved 1048576K
}
Event: 68.252 GC heap after
{Heap after GC invocations=75 (full 0):
 garbage-first heap   total 286720K, used 222201K [0x00000000c0000000, 0x0000000100000000)
  region size 1024K, 4 young (4096K), 4 survivors (4096K)
 Metaspace       used 52697K, committed 53120K, reserved 1114112K
  class space    used 6654K, committed 6848K, reserved 1048576K
}
Event: 68.460 GC heap before
{Heap before GC invocations=75 (full 0):
 garbage-first heap   total 286720K, used 251897K [0x00000000c0000000, 0x0000000100000000)
  region size 1024K, 34 young (34816K), 4 survivors (4096K)
 Metaspace       used 52697K, committed 53120K, reserved 1114112K
  class space    used 6654K, committed 6848K, reserved 1048576K
}
Event: 68.467 GC heap after
{Heap after GC invocations=76 (full 0):
 garbage-first heap   total 286720K, used 223521K [0x00000000c0000000, 0x0000000100000000)
  region size 1024K, 3 young (3072K), 3 survivors (3072K)
 Metaspace       used 52697K, committed 53120K, reserved 1114112K
  class space    used 6654K, committed 6848K, reserved 1048576K
}

Dll operation events (8 events):
Event: 0.032 Loaded shared library c:\Users\frank\.vscode\extensions\redhat.java-1.18.0-win32-x64\jre\17.0.7-win32-x86_64\bin\java.dll
Event: 1.471 Loaded shared library C:\Users\frank\.vscode\extensions\redhat.java-1.18.0-win32-x64\jre\17.0.7-win32-x86_64\bin\net.dll
Event: 1.476 Loaded shared library C:\Users\frank\.vscode\extensions\redhat.java-1.18.0-win32-x64\jre\17.0.7-win32-x86_64\bin\nio.dll
Event: 1.503 Loaded shared library C:\Users\frank\.vscode\extensions\redhat.java-1.18.0-win32-x64\jre\17.0.7-win32-x86_64\bin\zip.dll
Event: 2.328 Loaded shared library C:\Users\frank\.vscode\extensions\redhat.java-1.18.0-win32-x64\jre\17.0.7-win32-x86_64\bin\jimage.dll
Event: 14.800 Loaded shared library C:\Users\frank\.vscode\extensions\redhat.java-1.18.0-win32-x64\jre\17.0.7-win32-x86_64\bin\management.dll
Event: 14.817 Loaded shared library C:\Users\frank\.vscode\extensions\redhat.java-1.18.0-win32-x64\jre\17.0.7-win32-x86_64\bin\management_ext.dll
Event: 43.445 Loaded shared library C:\Users\frank\.vscode\extensions\redhat.java-1.18.0-win32-x64\jre\17.0.7-win32-x86_64\bin\sunmscapi.dll

Deoptimization events (14 events):
Event: 7.787 Thread 0x0000021140d73e10 DEOPT PACKING pc=0x0000021143e73819 sp=0x000000e5130fd230
Event: 7.787 Thread 0x0000021140d73e10 DEOPT UNPACKING pc=0x0000021143a57143 sp=0x000000e5130fc710 mode 3
Event: 17.235 Thread 0x0000021150ff8bb0 DEOPT PACKING pc=0x000002114408d6b5 sp=0x000000e514cfe5e0
Event: 17.235 Thread 0x0000021150ff8bb0 DEOPT UNPACKING pc=0x0000021143a57143 sp=0x000000e514cfdaf8 mode 3
Event: 17.963 Thread 0x0000021150ff9080 DEOPT PACKING pc=0x00000211440a7c2b sp=0x000000e514dfe4e0
Event: 17.963 Thread 0x0000021150ff9080 DEOPT UNPACKING pc=0x0000021143a57143 sp=0x000000e514dfda28 mode 3
Event: 21.253 Thread 0x0000021150f46830 DEOPT PACKING pc=0x0000021143e77501 sp=0x000000e5154fe9a0
Event: 21.253 Thread 0x0000021150f46830 DEOPT UNPACKING pc=0x0000021143a57143 sp=0x000000e5154fde30 mode 3
Event: 27.544 Thread 0x0000021150f459c0 DEOPT PACKING pc=0x0000021143e71097 sp=0x000000e5155fefc0
Event: 27.544 Thread 0x0000021150f459c0 DEOPT UNPACKING pc=0x0000021143a57143 sp=0x000000e5155fe418 mode 3
Event: 40.412 Thread 0x0000021150f471d0 DEOPT PACKING pc=0x0000021143bf5c8c sp=0x000000e514ffe5c0
Event: 40.414 Thread 0x0000021150f471d0 DEOPT UNPACKING pc=0x0000021143a57143 sp=0x000000e514ffda88 mode 0
Event: 53.993 Thread 0x00000211512a9f10 DEOPT PACKING pc=0x00000211443f73ee sp=0x000000e5142fd1b0
Event: 53.993 Thread 0x00000211512a9f10 DEOPT UNPACKING pc=0x0000021143a57143 sp=0x000000e5142fc6a8 mode 3

Classes unloaded (0 events):
No events

Classes redefined (0 events):
No events

Internal exceptions (20 events):
Event: 68.273 Thread 0x0000021150f46830 Exception <a 'sun/nio/fs/WindowsException'{0x00000000d14f7a98}> (0x00000000d14f7a98) 
thrown [s\src\hotspot\share\prims\jni.cpp, line 516]
Event: 68.273 Thread 0x0000021150f46360 Exception <a 'sun/nio/fs/WindowsException'{0x00000000d13bce88}> (0x00000000d13bce88) 
thrown [s\src\hotspot\share\prims\jni.cpp, line 516]
Event: 68.273 Thread 0x0000021150f46830 Exception <a 'sun/nio/fs/WindowsException'{0x00000000d14f7fd0}> (0x00000000d14f7fd0) 
thrown [s\src\hotspot\share\prims\jni.cpp, line 516]
Event: 68.273 Thread 0x0000021150f46360 Exception <a 'sun/nio/fs/WindowsException'{0x00000000d13bd2d8}> (0x00000000d13bd2d8) 
thrown [s\src\hotspot\share\prims\jni.cpp, line 516]
Event: 68.274 Thread 0x00000211512aa3e0 Exception <a 'sun/nio/fs/WindowsException'{0x00000000d13e73a8}> (0x00000000d13e73a8) 
thrown [s\src\hotspot\share\prims\jni.cpp, line 516]
Event: 68.274 Thread 0x0000021150f48040 Exception <a 'sun/nio/fs/WindowsException'{0x00000000d1373480}> (0x00000000d1373480) 
thrown [s\src\hotspot\share\prims\jni.cpp, line 516]
Event: 68.274 Thread 0x00000211512aa3e0 Exception <a 'sun/nio/fs/WindowsException'{0x00000000d13e7868}> (0x00000000d13e7868) 
thrown [s\src\hotspot\share\prims\jni.cpp, line 516]
Event: 68.275 Thread 0x0000021150f48040 Exception <a 'sun/nio/fs/WindowsException'{0x00000000d1373900}> (0x00000000d1373900) 
thrown [s\src\hotspot\share\prims\jni.cpp, line 516]
Event: 68.277 Thread 0x0000021150f46360 Exception <a 'sun/nio/fs/WindowsException'{0x00000000d13c8de0}> (0x00000000d13c8de0) 
thrown [s\src\hotspot\share\prims\jni.cpp, line 516]
Event: 68.277 Thread 0x0000021150f46360 Exception <a 'sun/nio/fs/WindowsException'{0x00000000d13c9280}> (0x00000000d13c9280) 
thrown [s\src\hotspot\share\prims\jni.cpp, line 516]
Event: 68.313 Thread 0x0000021150f49380 Exception <a 'sun/nio/fs/WindowsException'{0x00000000d0a4c400}> (0x00000000d0a4c400) 
thrown [s\src\hotspot\share\prims\jni.cpp, line 516]
Event: 68.313 Thread 0x0000021150f49380 Exception <a 'sun/nio/fs/WindowsException'{0x00000000d0af8858}> (0x00000000d0af8858) 
thrown [s\src\hotspot\share\prims\jni.cpp, line 516]
Event: 68.431 Thread 0x00000211512aa3e0 Exception <a 'sun/nio/fs/WindowsException'{0x00000000d00389f8}> (0x00000000d00389f8) 
thrown [s\src\hotspot\share\prims\jni.cpp, line 516]
Event: 68.432 Thread 0x0000021150f46830 Exception <a 'sun/nio/fs/WindowsException'{0x00000000d0055de0}> (0x00000000d0055de0) 
thrown [s\src\hotspot\share\prims\jni.cpp, line 516]
Event: 68.433 Thread 0x0000021150f47b70 Exception <a 'sun/nio/fs/WindowsException'{0x00000000d0063fa0}> (0x00000000d0063fa0) 
thrown [s\src\hotspot\share\prims\jni.cpp, line 516]
Event: 68.433 Thread 0x0000021150f46830 Exception <a 'sun/nio/fs/WindowsException'{0x00000000d0056230}> (0x00000000d0056230) 
thrown [s\src\hotspot\share\prims\jni.cpp, line 516]
Event: 68.436 Thread 0x00000211512aa3e0 Exception <a 'sun/nio/fs/WindowsException'{0x00000000d0038ea0}> (0x00000000d0038ea0) 
thrown [s\src\hotspot\share\prims\jni.cpp, line 516]
Event: 68.436 Thread 0x0000021150f47b70 Exception <a 'sun/nio/fs/WindowsException'{0x00000000d0064408}> (0x00000000d0064408) 
thrown [s\src\hotspot\share\prims\jni.cpp, line 516]
Event: 68.458 Thread 0x0000021150f49380 Exception <a 'sun/nio/fs/WindowsException'{0x00000000cfba5f70}> (0x00000000cfba5f70) 
thrown [s\src\hotspot\share\prims\jni.cpp, line 516]
Event: 68.458 Thread 0x0000021150f49380 Exception <a 'sun/nio/fs/WindowsException'{0x00000000cfa5b6b8}> (0x00000000cfa5b6b8) 
thrown [s\src\hotspot\share\prims\jni.cpp, line 516]

VM Operations (20 events):
Event: 66.389 Executing VM operation: G1CollectForAllocation done
Event: 66.745 Executing VM operation: G1CollectForAllocation
Event: 66.754 Executing VM operation: G1CollectForAllocation done
Event: 67.182 Executing VM operation: G1CollectForAllocation
Event: 67.189 Executing VM operation: G1CollectForAllocation done
Event: 67.420 Executing VM operation: G1CollectForAllocation
Event: 67.462 Executing VM operation: G1CollectForAllocation done
Event: 67.499 Executing VM operation: G1CollectForAllocation
Event: 67.505 Executing VM operation: G1CollectForAllocation done
Event: 67.688 Executing VM operation: G1CollectForAllocation
Event: 67.702 Executing VM operation: G1CollectForAllocation done
Event: 68.025 Executing VM operation: G1CollectForAllocation
Event: 68.031 Executing VM operation: G1CollectForAllocation done
Event: 68.235 Executing VM operation: G1CollectForAllocation
Event: 68.252 Executing VM operation: G1CollectForAllocation done
Event: 68.460 Executing VM operation: G1CollectForAllocation
Event: 68.460 Executing VM operation: G1CollectForAllocation done
Event: 68.460 Executing VM operation: G1CollectForAllocation
Event: 68.468 Executing VM operation: G1CollectForAllocation done
Event: 68.605 Executing VM operation: G1Concurrent

Events (20 events):
Event: 52.129 loading class java/util/stream/SliceOps$1
Event: 52.129 loading class java/util/stream/SliceOps$1 done
Event: 52.141 loading class java/util/stream/SliceOps$1$1
Event: 52.141 loading class java/util/stream/SliceOps$1$1 done
Event: 53.086 loading class java/util/Hashtable$ValueCollection
Event: 53.086 loading class java/util/Hashtable$ValueCollection done
Event: 54.979 loading class sun/security/ssl/Alert
Event: 54.980 loading class sun/security/ssl/Alert done
Event: 54.984 loading class sun/security/ssl/Alert$AlertConsumer
Event: 54.985 loading class sun/security/ssl/Alert$AlertConsumer done
Event: 54.985 loading class sun/security/ssl/Alert$Level
Event: 54.985 loading class sun/security/ssl/Alert$Level done
Event: 56.313 loading class jdk/internal/reflect/UnsafeQualifiedObjectFieldAccessorImpl
Event: 56.313 loading class jdk/internal/reflect/UnsafeQualifiedObjectFieldAccessorImpl done
Event: 56.317 loading class jdk/internal/reflect/UnsafeQualifiedLongFieldAccessorImpl
Event: 56.317 loading class jdk/internal/reflect/UnsafeQualifiedLongFieldAccessorImpl done
Event: 56.451 loading class java/io/FileOutputStream$1
Event: 56.451 loading class java/io/FileOutputStream$1 done
Event: 60.047 Thread 0x00000211512e5a20 Thread exited: 0x00000211512e5a20
Event: 64.497 Thread 0x00000211512ae740 Thread exited: 0x00000211512ae740


Dynamic libraries:
0x00007ff74e900000 - 0x00007ff74e90e000 	c:\Users\frank\.vscode\extensions\redhat.java-1.18.0-win32-x64\jre\17.0.7-win32-x86_64\bin\java.exe
0x00007ffcf93d0000 - 0x00007ffcf95c8000 	C:\Windows\SYSTEM32\ntdll.dll
0x00007ffcf74b0000 - 0x00007ffcf756f000 	C:\Windows\System32\KERNEL32.DLL
0x00007ffcf7090000 - 0x00007ffcf7386000 	C:\Windows\System32\KERNELBASE.dll
0x00007ffcf6ab0000 - 0x00007ffcf6bb0000 	C:\Windows\System32\ucrtbase.dll
0x00007ffce8950000 - 0x00007ffce8967000 	c:\Users\frank\.vscode\extensions\redhat.java-1.18.0-win32-x64\jre\17.0.7-win32-x86_64\bin\jli.dll
0x00007ffcf7c20000 - 0x00007ffcf7dbd000 	C:\Windows\System32\USER32.dll
0x00007ffcf7060000 - 0x00007ffcf7082000 	C:\Windows\System32\win32u.dll
0x00007ffcf7dc0000 - 0x00007ffcf7dec000 	C:\Windows\System32\GDI32.dll
0x00007ffcf6d30000 - 0x00007ffcf6e45000 	C:\Windows\System32\gdi32full.dll
0x00007ffce53e0000 - 0x00007ffce53f9000 	c:\Users\frank\.vscode\extensions\redhat.java-1.18.0-win32-x64\jre\17.0.7-win32-x86_64\bin\VCRUNTIME140.dll
0x00007ffcf6c00000 - 0x00007ffcf6c9d000 	C:\Windows\System32\msvcp_win.dll
0x00007ffce6470000 - 0x00007ffce670a000 	C:\Windows\WinSxS\amd64_microsoft.windows.common-controls_6595b64144ccf1df_6.0.19041.1110_none_60b5254171f9507e\COMCTL32.dll
0x00007ffcf9080000 - 0x00007ffcf911e000 	C:\Windows\System32\msvcrt.dll
0x00007ffcf7570000 - 0x00007ffcf75a0000 	C:\Windows\System32\IMM32.DLL
0x00007ffcf23c0000 - 0x00007ffcf23cc000 	c:\Users\frank\.vscode\extensions\redhat.java-1.18.0-win32-x64\jre\17.0.7-win32-x86_64\bin\vcruntime140_1.dll
0x00007ffcb71d0000 - 0x00007ffcb7261000 	c:\Users\frank\.vscode\extensions\redhat.java-1.18.0-win32-x64\jre\17.0.7-win32-x86_64\bin\msvcp140.dll
0x00007ffcabb60000 - 0x00007ffcac7a8000 	c:\Users\frank\.vscode\extensions\redhat.java-1.18.0-win32-x64\jre\17.0.7-win32-x86_64\bin\server\jvm.dll
0x00007ffcf8f20000 - 0x00007ffcf8fcf000 	C:\Windows\System32\ADVAPI32.dll
0x00007ffcf7b80000 - 0x00007ffcf7c1c000 	C:\Windows\System32\sechost.dll
0x00007ffcf91f0000 - 0x00007ffcf9316000 	C:\Windows\System32\RPCRT4.dll
0x00007ffce39b0000 - 0x00007ffce39b9000 	C:\Windows\SYSTEM32\WSOCK32.dll
0x00007ffcf9320000 - 0x00007ffcf938b000 	C:\Windows\System32\WS2_32.dll
0x00007ffce32d0000 - 0x00007ffce32f7000 	C:\Windows\SYSTEM32\WINMM.dll
0x00007ffce9210000 - 0x00007ffce921a000 	C:\Windows\SYSTEM32\VERSION.dll
0x00007ffcf4930000 - 0x00007ffcf4942000 	C:\Windows\SYSTEM32\kernel.appcore.dll
0x00007ffce9050000 - 0x00007ffce905a000 	c:\Users\frank\.vscode\extensions\redhat.java-1.18.0-win32-x64\jre\17.0.7-win32-x86_64\bin\jimage.dll
0x00007ffce6710000 - 0x00007ffce68f4000 	C:\Windows\SYSTEM32\DBGHELP.DLL
0x00007ffce9080000 - 0x00007ffce90b4000 	C:\Windows\SYSTEM32\dbgcore.DLL
0x00007ffcf6ca0000 - 0x00007ffcf6d22000 	C:\Windows\System32\bcryptPrimitives.dll
0x00007ffce1b90000 - 0x00007ffce1bb5000 	c:\Users\frank\.vscode\extensions\redhat.java-1.18.0-win32-x64\jre\17.0.7-win32-x86_64\bin\java.dll
0x00007ffce29a0000 - 0x00007ffce29b8000 	c:\Users\frank\.vscode\extensions\redhat.java-1.18.0-win32-x64\jre\17.0.7-win32-x86_64\bin\zip.dll
0x00007ffcf7e70000 - 0x00007ffcf85b4000 	C:\Windows\System32\SHELL32.dll
0x00007ffcf4b30000 - 0x00007ffcf52c3000 	C:\Windows\SYSTEM32\windows.storage.dll
0x00007ffcf7810000 - 0x00007ffcf7b64000 	C:\Windows\System32\combase.dll
0x00007ffcf6350000 - 0x00007ffcf637e000 	C:\Windows\SYSTEM32\Wldp.dll
0x00007ffcf75a0000 - 0x00007ffcf764d000 	C:\Windows\System32\SHCORE.dll
0x00007ffcf8ce0000 - 0x00007ffcf8d35000 	C:\Windows\System32\shlwapi.dll
0x00007ffcf69f0000 - 0x00007ffcf6a0f000 	C:\Windows\SYSTEM32\profapi.dll
0x00007ffce1a10000 - 0x00007ffce1a29000 	C:\Users\frank\.vscode\extensions\redhat.java-1.18.0-win32-x64\jre\17.0.7-win32-x86_64\bin\net.dll
0x00007ffcebe00000 - 0x00007ffcebf0a000 	C:\Windows\SYSTEM32\WINHTTP.dll
0x00007ffcf6130000 - 0x00007ffcf619a000 	C:\Windows\system32\mswsock.dll
0x00007ffce1070000 - 0x00007ffce1085000 	C:\Users\frank\.vscode\extensions\redhat.java-1.18.0-win32-x64\jre\17.0.7-win32-x86_64\bin\nio.dll
0x00007ffcf6690000 - 0x00007ffcf66a8000 	C:\Windows\SYSTEM32\CRYPTSP.dll
0x00007ffcf5a70000 - 0x00007ffcf5aa4000 	C:\Windows\system32\rsaenh.dll
0x00007ffcf7390000 - 0x00007ffcf73b7000 	C:\Windows\System32\bcrypt.dll
0x00007ffcf6970000 - 0x00007ffcf699e000 	C:\Windows\SYSTEM32\USERENV.dll
0x00007ffcf62c0000 - 0x00007ffcf62cc000 	C:\Windows\SYSTEM32\CRYPTBASE.dll
0x00007ffcf5e40000 - 0x00007ffcf5e7c000 	C:\Windows\SYSTEM32\IPHLPAPI.DLL
0x00007ffcf7b70000 - 0x00007ffcf7b78000 	C:\Windows\System32\NSI.dll
0x00007ffcec7b0000 - 0x00007ffcec7c7000 	C:\Windows\SYSTEM32\dhcpcsvc6.DLL
0x00007ffcec510000 - 0x00007ffcec52d000 	C:\Windows\SYSTEM32\dhcpcsvc.DLL
0x00007ffcf5e80000 - 0x00007ffcf5f4b000 	C:\Windows\SYSTEM32\DNSAPI.dll
0x00007ffce5540000 - 0x00007ffce5549000 	C:\Users\frank\.vscode\extensions\redhat.java-1.18.0-win32-x64\jre\17.0.7-win32-x86_64\bin\management.dll
0x00007ffce3690000 - 0x00007ffce369b000 	C:\Users\frank\.vscode\extensions\redhat.java-1.18.0-win32-x64\jre\17.0.7-win32-x86_64\bin\management_ext.dll
0x00007ffcf8d40000 - 0x00007ffcf8d48000 	C:\Windows\System32\PSAPI.DLL
0x00007ffcf2380000 - 0x00007ffcf238e000 	C:\Users\frank\.vscode\extensions\redhat.java-1.18.0-win32-x64\jre\17.0.7-win32-x86_64\bin\sunmscapi.dll
0x00007ffcf6f00000 - 0x00007ffcf705e000 	C:\Windows\System32\CRYPT32.dll
0x00007ffcf63c0000 - 0x00007ffcf63e8000 	C:\Windows\SYSTEM32\ncrypt.dll
0x00007ffcf6380000 - 0x00007ffcf63bb000 	C:\Windows\SYSTEM32\NTASN1.dll
0x00007ffceb690000 - 0x00007ffceb69a000 	C:\Windows\System32\rasadhlp.dll
0x00007ffceb720000 - 0x00007ffceb7a2000 	C:\Windows\System32\fwpuclnt.dll

dbghelp: loaded successfully - version: 4.0.5 - missing functions: none
symbol engine: initialized successfully - sym options: 0x614 - pdb path: .;c:\Users\frank\.vscode\extensions\redhat.java-1.18.0-win32-x64\jre\17.0.7-win32-x86_64\bin;C:\Windows\SYSTEM32;C:\Windows\WinSxS\amd64_microsoft.windows.common-controls_6595b64144ccf1df_6.0.19041.1110_none_60b5254171f9507e;c:\Users\frank\.vscode\extensions\redhat.java-1.18.0-win32-x64\jre\17.0.7-win32-x86_64\bin\server

VM Arguments:
jvm_args: -XX:+HeapDumpOnOutOfMemoryError -Xmx1024m -Dsts.lsp.client=vscode -Dsts.log.file=/dev/null -XX:TieredStopAtLevel=1 -Xlog:jni+resolve=off -Dspring.config.location=file:c:\Users\frank\.vscode\extensions\vmware.vscode-spring-boot-1.46.0\language-server\BOOT-INF\classes\application.properties 
java_command: org.springframework.ide.vscode.boot.app.BootLanguageServerBootApp
java_class_path (initial): c:\Users\frank\.vscode\extensions\vmware.vscode-spring-boot-1.46.0\language-server\BOOT-INF\classes;c:\Users\frank\.vscode\extensions\vmware.vscode-spring-boot-1.46.0\language-server\BOOT-INF\lib\annotations-24.0.1.jar;c:\Users\frank\.vscode\extensions\vmware.vscode-spring-boot-1.46.0\language-server\BOOT-INF\lib\antlr-runtime-3.5.3.jar;c:\Users\frank\.vscode\extensions\vmware.vscode-spring-boot-1.46.0\language-server\BOOT-INF\lib\antlr4-4.11.1.jar;c:\Users\frank\.vscode\extensions\vmware.vscode-spring-boot-1.46.0\language-server\BOOT-INF\lib\antlr4-runtime-4.11.1.jar;c:\Users\frank\.vscode\extensions\vmware.vscode-spring-boot-1.46.0\language-server\BOOT-INF\lib\asm-9.5.jar;c:\Users\frank\.vscode\extensions\vmware.vscode-spring-boot-1.46.0\language-server\BOOT-INF\lib\asm-analysis-9.5.jar;c:\Users\frank\.vscode\extensions\vmware.vscode-spring-boot-1.46.0\language-server\BOOT-INF\lib\asm-tree-9.5.jar;c:\Users\frank\.vscode\extensions\vmware.vscode-spring-boot-1.46.0\language-server\BOOT-INF\lib\asm-util-9.5.jar;c:\Users\frank\.vscode\extensions\vmware.vscode-spring-boot-1.46.0\language-server\BOOT-INF\lib\caffeine-3.1.2.jar;c:\Users\frank\.vscode\extensions\vmware.vscode-spring-boot-1.46.0\language-server\BOOT-INF\lib\checker-qual-3.12.0.jar;c:\Users\frank\.vscode\extensions\vmware.vscode-spring-boot-1.46.0\language-server\BOOT-INF\lib\classgraph-4.8.149.jar;c:\Users\frank\.vscode\extensions\vmware.vscode-spring-boot-1.46.0\language-server\BOOT-INF\lib\commons-codec-1.15.jar;c:\Users\frank\.vscode\extensions\vmware.vscode-spring-boot-1.46.0\language-server\BOOT-INF\lib\commons-compress-1.23.0.jar;c:\Users\frank\.vscode\extensions\vmware.vscode-spring-boot-1.46.0\language-server\BOOT-INF\lib\commons-io-2.4.jar;c:\Users\frank\.vscode\extensions\vmware.vscode-spring-boot-1.46.0\language-server\BOOT-INF\lib\commons-java-1.46.0-SNAPSHOT.jar;c:\Users\frank\.vscode\extensions\vmware.vscode-spring-boot-1.46.0\language-server\BOOT-INF\lib\commons-
Launcher Type: SUN_STANDARD

[Global flags]
     intx CICompilerCount                          = 3                                         {product} {ergonomic}
     uint ConcGCThreads                            = 1                                         {product} {ergonomic}
     uint G1ConcRefinementThreads                  = 4                                         {product} {ergonomic}
   size_t G1HeapRegionSize                         = 1048576                                   {product} {ergonomic}
    uintx GCDrainStackTargetSize                   = 64                                        {product} {ergonomic}
     bool HeapDumpOnOutOfMemoryError               = true                                   {manageable} {command line}
   size_t InitialHeapSize                          = 60817408                                  {product} {ergonomic}
   size_t MarkStackSize                            = 4194304                                   {product} {ergonomic}
   size_t MaxHeapSize                              = 1073741824                                {product} {command line}
   size_t MaxNewSize                               = 643825664                                 {product} {ergonomic}
   size_t MinHeapDeltaBytes                        = 1048576                                   {product} {ergonomic}
   size_t MinHeapSize                              = 8388608                                   {product} {ergonomic}
    uintx NonProfiledCodeHeapSize                  = 0                                      {pd product} {ergonomic}
     bool ProfileInterpreter                       = false                                  {pd product} {command line}
    uintx ProfiledCodeHeapSize                     = 0                                      {pd product} {ergonomic}
   size_t SoftMaxHeapSize                          = 1073741824                             {manageable} {ergonomic}
     intx TieredStopAtLevel                        = 1                                         {product} {command line}
     bool UseCompressedClassPointers               = true                           {product lp64_product} {ergonomic}
     bool UseCompressedOops                        = true                           {product lp64_product} {ergonomic}
     bool UseG1GC                                  = true                                      {product} {ergonomic}
     bool UseLargePagesIndividualAllocation        = false                                  {pd product} {ergonomic}

Logging:
Log output configuration:
 #0: stdout all=warning,jni+resolve=off uptime,level,tags
 #1: stderr all=off uptime,level,tags

Environment Variables:
JAVA_HOME=C:\Program Files\Java\jdk-19
PATH=C:\Program Files\Common Files\Oracle\Java\javapath;C:\Program Files (x86)\Common Files\Oracle\Java\javapath;C:\app\frank\product\21c\dbhomeXE\bin;C:\Windows\system32;C:\Windows;C:\Windows\System32\Wbem;C:\Windows\System32\WindowsPowerShell\v1.0\;C:\Windows\System32\OpenSSH\;C:\xampp\php;C:\composer;C:\Program Files\wureset;C:\Users\frank\AppData\Local\Android\Sdk\platform-tools;C:\ProgramData\chocolatey\bin;C:\Program Files (x86)\Microchip\MPLAB C32 Suite\bin;C:\Program Files\Maven\apache-maven-3.9.1\bin;C:\Program Files\Java\jdk-19\bin;C:\Program Files\nodejs\;C:\Program Files\Git\cmd;C:\Program Files\Docker\Docker\resources\bin;C:\Users\frank\AppData\Local\Microsoft\WindowsApps;C:\Users\frank\AppData\Local\Programs\Microsoft VS Code\bin;C:\Users\frank\AppData\Roaming\Composer\vendor\bin;C:\Users\frank\AppData\Roaming\npm;
USERNAME=frank
OS=Windows_NT
PROCESSOR_IDENTIFIER=Intel64 Family 6 Model 58 Stepping 9, GenuineIntel
TMP=C:\Users\frank\AppData\Local\Temp
TEMP=C:\Users\frank\AppData\Local\Temp



---------------  S Y S T E M  ---------------

OS:
 Windows 10 , 64 bit Build 19041 (10.0.19041.2913)
OS uptime: 0 days 3:40 hours
Hyper-V role detected

CPU: total 4 (initial active 4) (2 cores per cpu, 2 threads per core) family 6 model 58 stepping 9 microcode 0x21, cx8, cmov, fxsr, ht, mmx, sse, sse2, sse3, ssse3, sse4.1, sse4.2, popcnt, tsc, tscinvbit, avx, erms, clmul, vzeroupper, clflush, hv

Memory: 4k page, system-wide physical 3659M (182M free)
TotalPageFile size 11851M (AvailPageFile size 102M)
current process WorkingSet (physical memory assigned to process): 352M, peak: 356M
current process commit charge ("private bytes"): 435M, peak: 555M

vm_info: OpenJDK 64-Bit Server VM (17.0.7+7) for windows-amd64 JRE (17.0.7+7), built on Apr 18 2023 22:10:42 by "temurin" with MS VC++ 16.7 (VS2019)

END.
