#
# There is insufficient memory for the Java Runtime Environment to continue.
# Native memory allocation (malloc) failed to allocate 605776 bytes for Chunk::new
# Possible reasons:
#   The system is out of physical RAM or swap space
#   The process is running with CompressedOops enabled, and the Java Heap may be blocking the growth of the native heap
# Possible solutions:
#   Reduce memory load on the system
#   Increase physical memory or swap space
#   Check if swap backing store is full
#   Decrease Java heap size (-Xmx/-Xms)
#   Decrease number of Java threads
#   Decrease Java thread stack sizes (-Xss)
#   Set larger code cache with -XX:ReservedCodeCacheSize=
#   JVM is running with Unscaled Compressed Oops mode in which the Java heap is
#     placed in the first 4GB address space. The Java Heap base address is the
#     maximum limit for the native heap growth. Please use -XX:HeapBaseMinAddress
#     to set the Java Heap base and to place the Java Heap above 4GB virtual address.
# This output file may be truncated or incomplete.
#
#  Out of Memory Error (arena.cpp:189), pid=8520, tid=15224
#
# JRE version: OpenJDK Runtime Environment Temurin-17.0.7+7 (17.0.7+7) (build 17.0.7+7)
# Java VM: OpenJDK 64-Bit Server VM Temurin-17.0.7+7 (17.0.7+7, mixed mode, tiered, compressed oops, compressed class ptrs, parallel gc, windows-amd64)
# No core dump will be written. Minidumps are not enabled by default on client versions of Windows
#

---------------  S U M M A R Y ------------

Command Line: --add-modules=ALL-SYSTEM --add-opens=java.base/java.util=ALL-UNNAMED --add-opens=java.base/java.lang=ALL-UNNAMED --add-opens=java.base/sun.nio.fs=ALL-UNNAMED -Declipse.application=org.eclipse.jdt.ls.core.id1 -Dosgi.bundles.defaultStartLevel=4 -Declipse.product=org.eclipse.jdt.ls.core.product -Djava.import.generatesMetadataFilesAtProjectRoot=false -Dfile.encoding=utf8 -XX:+UseParallelGC -XX:GCTimeRatio=4 -XX:AdaptiveSizePolicyWeight=90 -Dsun.zip.disableMemoryMapping=true -Xmx1G -Xms100m -Xlog:disable -javaagent:c:\Users\frank\.vscode\extensions\redhat.java-1.18.0-win32-x64\lombok\lombok-1.18.27.jar c:\Users\frank\.vscode\extensions\redhat.java-1.18.0-win32-x64\server\plugins\org.eclipse.equinox.launcher_1.6.400.v20210924-0641.jar -configuration c:\Users\frank\AppData\Roaming\Code\User\globalStorage\redhat.java\1.18.0\config_ss_win -data c:\Users\frank\AppData\Roaming\Code\User\workspaceStorage\a341e3c30c6f3923f83e15903c019308\redhat.java\ss_ws

Host: Intel(R) Core(TM) i5-3230M CPU @ 2.60GHz, 4 cores, 3G,  Windows 10 , 64 bit Build 19041 (10.0.19041.2913)
Time: Mon May  8 20:31:43 2023 Hora est. Pacífico, Sudamérica elapsed time: 23.217450 seconds (0d 0h 0m 23s)

---------------  T H R E A D  ---------------

Current thread (0x0000022b3d53dd00):  JavaThread "C2 CompilerThread0" daemon [_thread_in_native, id=15224, stack(0x000000da66300000,0x000000da66400000)]


Current CompileTask:
C2:  23217 4029   !   4       org.eclipse.osgi.internal.loader.classpath.ClasspathManager::findLocalClass (210 bytes)

Stack: [0x000000da66300000,0x000000da66400000]
Native frames: (J=compiled Java code, j=interpreted, Vv=VM code, C=native code)
V  [jvm.dll+0x67754a]
V  [jvm.dll+0x834304]
V  [jvm.dll+0x835aae]
V  [jvm.dll+0x836113]
V  [jvm.dll+0x24696f]
V  [jvm.dll+0xac0ac]
V  [jvm.dll+0xac67c]
V  [jvm.dll+0x11e887]
V  [jvm.dll+0x609cc5]
V  [jvm.dll+0x608394]
V  [jvm.dll+0x2194b8]
V  [jvm.dll+0x218a61]
V  [jvm.dll+0x1a4d8d]
V  [jvm.dll+0x2284da]
V  [jvm.dll+0x226615]
V  [jvm.dll+0x7ea90b]
V  [jvm.dll+0x7e4e7a]
V  [jvm.dll+0x676395]
C  [ucrtbase.dll+0x21bb2]
C  [KERNEL32.DLL+0x17614]
C  [ntdll.dll+0x526a1]


---------------  P R O C E S S  ---------------

Threads class SMR info:
_java_thread_list=0x0000022b42ba4860, length=27, elements={
0x0000022b277a0f20, 0x0000022b3d50f740, 0x0000022b3d511750, 0x0000022b3d5378c0,
0x0000022b3d538640, 0x0000022b3d5393c0, 0x0000022b3d53c050, 0x0000022b3d53dd00,
0x0000022b427a29f0, 0x0000022b3d57e7c0, 0x0000022b2785d5d0, 0x0000022b429cd1b0,
0x0000022b4305c180, 0x0000022b43204fe0, 0x0000022b430917b0, 0x0000022b43202000,
0x0000022b4315fc50, 0x0000022b42bc9010, 0x0000022b4367e450, 0x0000022b43680600,
0x0000022b4367e920, 0x0000022b43680130, 0x0000022b4367f790, 0x0000022b4367edf0,
0x0000022b43680ad0, 0x0000022b4367f2c0, 0x0000022b43680fa0
}

Java Threads: ( => current thread )
  0x0000022b277a0f20 JavaThread "main" [_thread_blocked, id=13336, stack(0x000000da65a00000,0x000000da65b00000)]
  0x0000022b3d50f740 JavaThread "Reference Handler" daemon [_thread_blocked, id=14644, stack(0x000000da65d00000,0x000000da65e00000)]
  0x0000022b3d511750 JavaThread "Finalizer" daemon [_thread_blocked, id=8452, stack(0x000000da65e00000,0x000000da65f00000)]
  0x0000022b3d5378c0 JavaThread "Signal Dispatcher" daemon [_thread_blocked, id=7816, stack(0x000000da65f00000,0x000000da66000000)]
  0x0000022b3d538640 JavaThread "Attach Listener" daemon [_thread_blocked, id=7504, stack(0x000000da66000000,0x000000da66100000)]
  0x0000022b3d5393c0 JavaThread "Service Thread" daemon [_thread_blocked, id=1192, stack(0x000000da66100000,0x000000da66200000)]
  0x0000022b3d53c050 JavaThread "Monitor Deflation Thread" daemon [_thread_blocked, id=5536, stack(0x000000da66200000,0x000000da66300000)]
=>0x0000022b3d53dd00 JavaThread "C2 CompilerThread0" daemon [_thread_in_native, id=15224, stack(0x000000da66300000,0x000000da66400000)]
  0x0000022b427a29f0 JavaThread "C1 CompilerThread0" daemon [_thread_blocked, id=11488, stack(0x000000da66400000,0x000000da66500000)]
  0x0000022b3d57e7c0 JavaThread "Sweeper thread" daemon [_thread_blocked, id=2828, stack(0x000000da66500000,0x000000da66600000)]
  0x0000022b2785d5d0 JavaThread "Common-Cleaner" daemon [_thread_blocked, id=1064, stack(0x000000da66600000,0x000000da66700000)]
  0x0000022b429cd1b0 JavaThread "Notification Thread" daemon [_thread_blocked, id=11376, stack(0x000000da66700000,0x000000da66800000)]
  0x0000022b4305c180 JavaThread "Active Thread: Equinox Container: d2329d31-8f44-4bf8-b739-fdb9d7f806e5" [_thread_blocked, id=4460, stack(0x000000da66c00000,0x000000da66d00000)]
  0x0000022b43204fe0 JavaThread "Framework Event Dispatcher: Equinox Container: d2329d31-8f44-4bf8-b739-fdb9d7f806e5" daemon [_thread_blocked, id=17204, stack(0x000000da66d00000,0x000000da66e00000)]
  0x0000022b430917b0 JavaThread "Start Level: Equinox Container: d2329d31-8f44-4bf8-b739-fdb9d7f806e5" daemon [_thread_blocked, id=5676, stack(0x000000da66e00000,0x000000da66f00000)]
  0x0000022b43202000 JavaThread "SCR Component Actor" daemon [_thread_blocked, id=12464, stack(0x000000da66f00000,0x000000da67000000)]
  0x0000022b4315fc50 JavaThread "Worker-JM" [_thread_blocked, id=7604, stack(0x000000da67100000,0x000000da67200000)]
  0x0000022b42bc9010 JavaThread "Worker-0" [_thread_blocked, id=3956, stack(0x000000da67200000,0x000000da67300000)]
  0x0000022b4367e450 JavaThread "Worker-1" [_thread_blocked, id=16416, stack(0x000000da67300000,0x000000da67400000)]
  0x0000022b43680600 JavaThread "JNA Cleaner" daemon [_thread_blocked, id=2376, stack(0x000000da67400000,0x000000da67500000)]
  0x0000022b4367e920 JavaThread "pool-2-thread-1" [_thread_blocked, id=8236, stack(0x000000da67700000,0x000000da67800000)]
  0x0000022b43680130 JavaThread "pool-1-thread-1" [_thread_blocked, id=13836, stack(0x000000da67000000,0x000000da67100000)]
  0x0000022b4367f790 JavaThread "Worker-2" [_thread_blocked, id=3180, stack(0x000000da67800000,0x000000da67900000)]
  0x0000022b4367edf0 JavaThread "Worker-3" [_thread_blocked, id=15792, stack(0x000000da67900000,0x000000da67a00000)]
  0x0000022b43680ad0 JavaThread "ForkJoinPool.commonPool-worker-1" daemon [_thread_blocked, id=7988, stack(0x000000da67b00000,0x000000da67c00000)]
  0x0000022b4367f2c0 JavaThread "ForkJoinPool.commonPool-worker-2" daemon [_thread_blocked, id=15952, stack(0x000000da67c00000,0x000000da67d00000)]
  0x0000022b43680fa0 JavaThread "ForkJoinPool.commonPool-worker-3" daemon [_thread_in_native, id=3028, stack(0x000000da67a00000,0x000000da67b00000)]

Other Threads:
  0x0000022b3d4f6550 VMThread "VM Thread" [stack: 0x000000da65c00000,0x000000da65d00000] [id=14864]
  0x0000022b429cd680 WatcherThread [stack: 0x000000da66800000,0x000000da66900000] [id=12448]
  0x0000022b277b8680 GCTaskThread "GC Thread#0" [stack: 0x000000da65b00000,0x000000da65c00000] [id=7808]
  0x0000022b42fd8e90 GCTaskThread "GC Thread#1" [stack: 0x000000da66900000,0x000000da66a00000] [id=9312]
  0x0000022b42fd9550 GCTaskThread "GC Thread#2" [stack: 0x000000da66a00000,0x000000da66b00000] [id=16780]
  0x0000022b42fd5640 GCTaskThread "GC Thread#3" [stack: 0x000000da66b00000,0x000000da66c00000] [id=16988]

Threads with active compile tasks:
C2 CompilerThread0    23294 4029   !   4       org.eclipse.osgi.internal.loader.classpath.ClasspathManager::findLocalClass (210 bytes)

VM state: not at safepoint (normal execution)

VM Mutex/Monitor currently owned by a thread: None

Heap address: 0x00000000c0000000, size: 1024 MB, Compressed Oops mode: 32-bit

CDS archive(s) not mapped
Compressed class space mapped at: 0x0000000100000000-0x0000000140000000, reserved size: 1073741824
Narrow klass base: 0x0000000000000000, Narrow klass shift: 3, Narrow klass range: 0x140000000

GC Precious Log:
 CPUs: 4 total, 4 available
 Memory: 3659M
 Large Page Support: Disabled
 NUMA Support: Disabled
 Compressed Oops: Enabled (32-bit)
 Alignments: Space 512K, Generation 512K, Heap 2M
 Heap Min Capacity: 100M
 Heap Initial Capacity: 100M
 Heap Max Capacity: 1G
 Pre-touch: Disabled
 Parallel Workers: 4

Heap:
 PSYoungGen      total 24064K, used 20315K [0x00000000eab00000, 0x00000000ec480000, 0x0000000100000000)
  eden space 22016K, 83% used [0x00000000eab00000,0x00000000ebd09ae8,0x00000000ec080000)
  from space 2048K, 90% used [0x00000000ec080000,0x00000000ec24d3e0,0x00000000ec280000)
  to   space 2048K, 0% used [0x00000000ec280000,0x00000000ec280000,0x00000000ec480000)
 ParOldGen       total 68608K, used 22696K [0x00000000c0000000, 0x00000000c4300000, 0x00000000eab00000)
  object space 68608K, 33% used [0x00000000c0000000,0x00000000c162a0c0,0x00000000c4300000)
 Metaspace       used 40443K, committed 41152K, reserved 1114112K
  class space    used 4100K, committed 4416K, reserved 1048576K

Card table byte_map: [0x0000022b3adf0000,0x0000022b3b000000] _byte_map_base: 0x0000022b3a7f0000

Marking Bits: (ParMarkBitMap*) 0x00007ffcc61052c0
 Begin Bits: [0x0000022b3b160000, 0x0000022b3c160000)
 End Bits:   [0x0000022b3c160000, 0x0000022b3d160000)

Polling page: 0x0000022b27870000

Metaspace:

Usage:
  Non-class:     35.49 MB used.
      Class:      4.00 MB used.
       Both:     39.50 MB used.

Virtual space:
  Non-class space:       64.00 MB reserved,      35.88 MB ( 56%) committed,  1 nodes.
      Class space:        1.00 GB reserved,       4.31 MB ( <1%) committed,  1 nodes.
             Both:        1.06 GB reserved,      40.19 MB (  4%) committed. 

Chunk freelists:
   Non-Class:  11.45 MB
       Class:  11.56 MB
        Both:  23.02 MB

MaxMetaspaceSize: unlimited
CompressedClassSpaceSize: 1.00 GB
Initial GC threshold: 21.00 MB
Current GC threshold: 58.38 MB
CDS: off
MetaspaceReclaimPolicy: balanced
 - commit_granule_bytes: 65536.
 - commit_granule_words: 8192.
 - virtual_space_node_default_size: 8388608.
 - enlarge_chunks_in_place: 1.
 - new_chunks_are_fully_committed: 0.
 - uncommit_free_chunks: 1.
 - use_allocation_guard: 0.
 - handle_deallocations: 1.


Internal statistics:

num_allocs_failed_limit: 8.
num_arena_births: 316.
num_arena_deaths: 14.
num_vsnodes_births: 2.
num_vsnodes_deaths: 0.
num_space_committed: 643.
num_space_uncommitted: 0.
num_chunks_returned_to_freelist: 22.
num_chunks_taken_from_freelist: 1580.
num_chunk_merges: 12.
num_chunk_splits: 1051.
num_chunks_enlarged: 719.
num_inconsistent_stats: 0.

CodeHeap 'non-profiled nmethods': size=120000Kb used=1989Kb max_used=1989Kb free=118010Kb
 bounds [0x0000022b336d0000, 0x0000022b33940000, 0x0000022b3ac00000]
CodeHeap 'profiled nmethods': size=120000Kb used=8624Kb max_used=8624Kb free=111375Kb
 bounds [0x0000022b2bc00000, 0x0000022b2c470000, 0x0000022b33130000]
CodeHeap 'non-nmethods': size=5760Kb used=1290Kb max_used=1308Kb free=4469Kb
 bounds [0x0000022b33130000, 0x0000022b333a0000, 0x0000022b336d0000]
 total_blobs=4647 nmethods=4033 adapters=527
 compilation: enabled
              stopped_count=0, restarted_count=0
 full_count=0

Compilation events (20 events):
Event: 22.502 Thread 0x0000022b3d53dd00 nmethod 4014 0x0000022b338c0710 code [0x0000022b338c08a0, 0x0000022b338c0c08]
Event: 22.555 Thread 0x0000022b427a29f0 4020       1       org.eclipse.osgi.internal.loader.classpath.ClasspathManager::getFragmentClasspaths (5 bytes)
Event: 22.555 Thread 0x0000022b427a29f0 nmethod 4020 0x0000022b338c1010 code [0x0000022b338c11a0, 0x0000022b338c1278]
Event: 22.563 Thread 0x0000022b427a29f0 4021       3       java.lang.Class::getInterfaces (6 bytes)
Event: 22.564 Thread 0x0000022b427a29f0 nmethod 4021 0x0000022b2c460590 code [0x0000022b2c460720, 0x0000022b2c460868]
Event: 22.570 Thread 0x0000022b427a29f0 4022       1       sun.reflect.generics.reflectiveObjects.ParameterizedTypeImpl::getRawType (5 bytes)
Event: 22.570 Thread 0x0000022b427a29f0 nmethod 4022 0x0000022b338c1310 code [0x0000022b338c14a0, 0x0000022b338c1578]
Event: 22.570 Thread 0x0000022b427a29f0 4023       3       jdk.internal.loader.AbstractClassLoaderValue$Sub::hashCode (19 bytes)
Event: 22.571 Thread 0x0000022b427a29f0 nmethod 4023 0x0000022b2c460910 code [0x0000022b2c460ae0, 0x0000022b2c460e58]
Event: 22.708 Thread 0x0000022b427a29f0 4024       3       java.util.concurrent.ConcurrentHashMap$ValuesView::iterator (34 bytes)
Event: 22.709 Thread 0x0000022b427a29f0 nmethod 4024 0x0000022b2c460f90 code [0x0000022b2c461140, 0x0000022b2c461368]
Event: 22.709 Thread 0x0000022b427a29f0 4025       3       java.util.concurrent.ConcurrentHashMap$ValueIterator::<init> (12 bytes)
Event: 22.709 Thread 0x0000022b427a29f0 nmethod 4025 0x0000022b2c461490 code [0x0000022b2c461620, 0x0000022b2c461768]
Event: 22.709 Thread 0x0000022b427a29f0 4026       3       java.util.concurrent.ConcurrentHashMap::values (25 bytes)
Event: 22.710 Thread 0x0000022b427a29f0 nmethod 4026 0x0000022b2c461810 code [0x0000022b2c4619c0, 0x0000022b2c461cd8]
Event: 22.721 Thread 0x0000022b427a29f0 4027       3       java.util.regex.Matcher::find (69 bytes)
Event: 22.721 Thread 0x0000022b427a29f0 nmethod 4027 0x0000022b2c461e10 code [0x0000022b2c461fc0, 0x0000022b2c4622c8]
Event: 22.734 Thread 0x0000022b427a29f0 4028       3       sun.net.www.protocol.jar.URLJarFile::getEntry (69 bytes)
Event: 22.736 Thread 0x0000022b427a29f0 nmethod 4028 0x0000022b2c462410 code [0x0000022b2c462740, 0x0000022b2c4639d8]
Event: 22.743 Thread 0x0000022b3d53dd00 4029   !   4       org.eclipse.osgi.internal.loader.classpath.ClasspathManager::findLocalClass (210 bytes)

GC Heap History (20 events):
Event: 11.816 GC heap before
{Heap before GC invocations=8 (full 1):
 PSYoungGen      total 26624K, used 26172K [0x00000000eab00000, 0x00000000ec800000, 0x0000000100000000)
  eden space 24576K, 100% used [0x00000000eab00000,0x00000000ec300000,0x00000000ec300000)
  from space 2048K, 77% used [0x00000000ec600000,0x00000000ec78f120,0x00000000ec800000)
  to   space 2048K, 0% used [0x00000000ec400000,0x00000000ec400000,0x00000000ec600000)
 ParOldGen       total 68608K, used 6902K [0x00000000c0000000, 0x00000000c4300000, 0x00000000eab00000)
  object space 68608K, 10% used [0x00000000c0000000,0x00000000c06bd9d8,0x00000000c4300000)
 Metaspace       used 31943K, committed 32512K, reserved 1114112K
  class space    used 3200K, committed 3456K, reserved 1048576K
}
Event: 11.822 GC heap after
{Heap after GC invocations=8 (full 1):
 PSYoungGen      total 26112K, used 2035K [0x00000000eab00000, 0x00000000ec880000, 0x0000000100000000)
  eden space 24064K, 0% used [0x00000000eab00000,0x00000000eab00000,0x00000000ec280000)
  from space 2048K, 99% used [0x00000000ec400000,0x00000000ec5fce10,0x00000000ec600000)
  to   space 2560K, 0% used [0x00000000ec600000,0x00000000ec600000,0x00000000ec880000)
 ParOldGen       total 68608K, used 7510K [0x00000000c0000000, 0x00000000c4300000, 0x00000000eab00000)
  object space 68608K, 10% used [0x00000000c0000000,0x00000000c0755a68,0x00000000c4300000)
 Metaspace       used 31943K, committed 32512K, reserved 1114112K
  class space    used 3200K, committed 3456K, reserved 1048576K
}
Event: 15.115 GC heap before
{Heap before GC invocations=9 (full 1):
 PSYoungGen      total 26112K, used 23235K [0x00000000eab00000, 0x00000000ec880000, 0x0000000100000000)
  eden space 24064K, 88% used [0x00000000eab00000,0x00000000ebfb3f88,0x00000000ec280000)
  from space 2048K, 99% used [0x00000000ec400000,0x00000000ec5fce10,0x00000000ec600000)
  to   space 2560K, 0% used [0x00000000ec600000,0x00000000ec600000,0x00000000ec880000)
 ParOldGen       total 68608K, used 7510K [0x00000000c0000000, 0x00000000c4300000, 0x00000000eab00000)
  object space 68608K, 10% used [0x00000000c0000000,0x00000000c0755a68,0x00000000c4300000)
 Metaspace       used 35260K, committed 35840K, reserved 1114112K
  class space    used 3560K, committed 3776K, reserved 1048576K
}
Event: 15.121 GC heap after
{Heap after GC invocations=9 (full 1):
 PSYoungGen      total 26624K, used 2552K [0x00000000eab00000, 0x00000000ec980000, 0x0000000100000000)
  eden space 24064K, 0% used [0x00000000eab00000,0x00000000eab00000,0x00000000ec280000)
  from space 2560K, 99% used [0x00000000ec600000,0x00000000ec87e158,0x00000000ec880000)
  to   space 3584K, 0% used [0x00000000ec280000,0x00000000ec280000,0x00000000ec600000)
 ParOldGen       total 68608K, used 7998K [0x00000000c0000000, 0x00000000c4300000, 0x00000000eab00000)
  object space 68608K, 11% used [0x00000000c0000000,0x00000000c07cfa88,0x00000000c4300000)
 Metaspace       used 35260K, committed 35840K, reserved 1114112K
  class space    used 3560K, committed 3776K, reserved 1048576K
}
Event: 15.121 GC heap before
{Heap before GC invocations=10 (full 2):
 PSYoungGen      total 26624K, used 2552K [0x00000000eab00000, 0x00000000ec980000, 0x0000000100000000)
  eden space 24064K, 0% used [0x00000000eab00000,0x00000000eab00000,0x00000000ec280000)
  from space 2560K, 99% used [0x00000000ec600000,0x00000000ec87e158,0x00000000ec880000)
  to   space 3584K, 0% used [0x00000000ec280000,0x00000000ec280000,0x00000000ec600000)
 ParOldGen       total 68608K, used 7998K [0x00000000c0000000, 0x00000000c4300000, 0x00000000eab00000)
  object space 68608K, 11% used [0x00000000c0000000,0x00000000c07cfa88,0x00000000c4300000)
 Metaspace       used 35260K, committed 35840K, reserved 1114112K
  class space    used 3560K, committed 3776K, reserved 1048576K
}
Event: 15.170 GC heap after
{Heap after GC invocations=10 (full 2):
 PSYoungGen      total 26624K, used 0K [0x00000000eab00000, 0x00000000ec980000, 0x0000000100000000)
  eden space 24064K, 0% used [0x00000000eab00000,0x00000000eab00000,0x00000000ec280000)
  from space 2560K, 0% used [0x00000000ec600000,0x00000000ec600000,0x00000000ec880000)
  to   space 3584K, 0% used [0x00000000ec280000,0x00000000ec280000,0x00000000ec600000)
 ParOldGen       total 68608K, used 10355K [0x00000000c0000000, 0x00000000c4300000, 0x00000000eab00000)
  object space 68608K, 15% used [0x00000000c0000000,0x00000000c0a1ce58,0x00000000c4300000)
 Metaspace       used 35260K, committed 35840K, reserved 1114112K
  class space    used 3560K, committed 3776K, reserved 1048576K
}
Event: 16.273 GC heap before
{Heap before GC invocations=11 (full 2):
 PSYoungGen      total 26624K, used 24064K [0x00000000eab00000, 0x00000000ec980000, 0x0000000100000000)
  eden space 24064K, 100% used [0x00000000eab00000,0x00000000ec280000,0x00000000ec280000)
  from space 2560K, 0% used [0x00000000ec600000,0x00000000ec600000,0x00000000ec880000)
  to   space 3584K, 0% used [0x00000000ec280000,0x00000000ec280000,0x00000000ec600000)
 ParOldGen       total 68608K, used 10355K [0x00000000c0000000, 0x00000000c4300000, 0x00000000eab00000)
  object space 68608K, 15% used [0x00000000c0000000,0x00000000c0a1ce58,0x00000000c4300000)
 Metaspace       used 36208K, committed 36864K, reserved 1114112K
  class space    used 3673K, committed 3968K, reserved 1048576K
}
Event: 16.278 GC heap after
{Heap after GC invocations=11 (full 2):
 PSYoungGen      total 26112K, used 2160K [0x00000000eab00000, 0x00000000ec700000, 0x0000000100000000)
  eden space 23552K, 0% used [0x00000000eab00000,0x00000000eab00000,0x00000000ec200000)
  from space 2560K, 84% used [0x00000000ec280000,0x00000000ec49c030,0x00000000ec500000)
  to   space 2048K, 0% used [0x00000000ec500000,0x00000000ec500000,0x00000000ec700000)
 ParOldGen       total 68608K, used 10363K [0x00000000c0000000, 0x00000000c4300000, 0x00000000eab00000)
  object space 68608K, 15% used [0x00000000c0000000,0x00000000c0a1ee58,0x00000000c4300000)
 Metaspace       used 36208K, committed 36864K, reserved 1114112K
  class space    used 3673K, committed 3968K, reserved 1048576K
}
Event: 16.946 GC heap before
{Heap before GC invocations=12 (full 2):
 PSYoungGen      total 26112K, used 25712K [0x00000000eab00000, 0x00000000ec700000, 0x0000000100000000)
  eden space 23552K, 100% used [0x00000000eab00000,0x00000000ec200000,0x00000000ec200000)
  from space 2560K, 84% used [0x00000000ec280000,0x00000000ec49c030,0x00000000ec500000)
  to   space 2048K, 0% used [0x00000000ec500000,0x00000000ec500000,0x00000000ec700000)
 ParOldGen       total 68608K, used 10363K [0x00000000c0000000, 0x00000000c4300000, 0x00000000eab00000)
  object space 68608K, 15% used [0x00000000c0000000,0x00000000c0a1ee58,0x00000000c4300000)
 Metaspace       used 36299K, committed 36928K, reserved 1114112K
  class space    used 3680K, committed 3968K, reserved 1048576K
}
Event: 16.952 GC heap after
{Heap after GC invocations=12 (full 2):
 PSYoungGen      total 24064K, used 2032K [0x00000000eab00000, 0x00000000eca80000, 0x0000000100000000)
  eden space 22016K, 0% used [0x00000000eab00000,0x00000000eab00000,0x00000000ec080000)
  from space 2048K, 99% used [0x00000000ec500000,0x00000000ec6fc030,0x00000000ec700000)
  to   space 4608K, 0% used [0x00000000ec080000,0x00000000ec080000,0x00000000ec500000)
 ParOldGen       total 68608K, used 12331K [0x00000000c0000000, 0x00000000c4300000, 0x00000000eab00000)
  object space 68608K, 17% used [0x00000000c0000000,0x00000000c0c0ae58,0x00000000c4300000)
 Metaspace       used 36299K, committed 36928K, reserved 1114112K
  class space    used 3680K, committed 3968K, reserved 1048576K
}
Event: 17.434 GC heap before
{Heap before GC invocations=13 (full 2):
 PSYoungGen      total 24064K, used 24048K [0x00000000eab00000, 0x00000000eca80000, 0x0000000100000000)
  eden space 22016K, 100% used [0x00000000eab00000,0x00000000ec080000,0x00000000ec080000)
  from space 2048K, 99% used [0x00000000ec500000,0x00000000ec6fc030,0x00000000ec700000)
  to   space 4608K, 0% used [0x00000000ec080000,0x00000000ec080000,0x00000000ec500000)
 ParOldGen       total 68608K, used 12331K [0x00000000c0000000, 0x00000000c4300000, 0x00000000eab00000)
  object space 68608K, 17% used [0x00000000c0000000,0x00000000c0c0ae58,0x00000000c4300000)
 Metaspace       used 36359K, committed 36992K, reserved 1114112K
  class space    used 3691K, committed 3968K, reserved 1048576K
}
Event: 17.439 GC heap after
{Heap after GC invocations=13 (full 2):
 PSYoungGen      total 24576K, used 2368K [0x00000000eab00000, 0x00000000ec680000, 0x0000000100000000)
  eden space 22016K, 0% used [0x00000000eab00000,0x00000000eab00000,0x00000000ec080000)
  from space 2560K, 92% used [0x00000000ec080000,0x00000000ec2d0020,0x00000000ec300000)
  to   space 3072K, 0% used [0x00000000ec380000,0x00000000ec380000,0x00000000ec680000)
 ParOldGen       total 68608K, used 14310K [0x00000000c0000000, 0x00000000c4300000, 0x00000000eab00000)
  object space 68608K, 20% used [0x00000000c0000000,0x00000000c0df9980,0x00000000c4300000)
 Metaspace       used 36359K, committed 36992K, reserved 1114112K
  class space    used 3691K, committed 3968K, reserved 1048576K
}
Event: 17.635 GC heap before
{Heap before GC invocations=14 (full 2):
 PSYoungGen      total 24576K, used 24384K [0x00000000eab00000, 0x00000000ec680000, 0x0000000100000000)
  eden space 22016K, 100% used [0x00000000eab00000,0x00000000ec080000,0x00000000ec080000)
  from space 2560K, 92% used [0x00000000ec080000,0x00000000ec2d0020,0x00000000ec300000)
  to   space 3072K, 0% used [0x00000000ec380000,0x00000000ec380000,0x00000000ec680000)
 ParOldGen       total 68608K, used 14310K [0x00000000c0000000, 0x00000000c4300000, 0x00000000eab00000)
  object space 68608K, 20% used [0x00000000c0000000,0x00000000c0df9980,0x00000000c4300000)
 Metaspace       used 36359K, committed 36992K, reserved 1114112K
  class space    used 3691K, committed 3968K, reserved 1048576K
}
Event: 17.641 GC heap after
{Heap after GC invocations=14 (full 2):
 PSYoungGen      total 24064K, used 2016K [0x00000000eab00000, 0x00000000ec580000, 0x0000000100000000)
  eden space 22016K, 0% used [0x00000000eab00000,0x00000000eab00000,0x00000000ec080000)
  from space 2048K, 98% used [0x00000000ec380000,0x00000000ec578000,0x00000000ec580000)
  to   space 2560K, 0% used [0x00000000ec080000,0x00000000ec080000,0x00000000ec300000)
 ParOldGen       total 68608K, used 16621K [0x00000000c0000000, 0x00000000c4300000, 0x00000000eab00000)
  object space 68608K, 24% used [0x00000000c0000000,0x00000000c103b4d8,0x00000000c4300000)
 Metaspace       used 36359K, committed 36992K, reserved 1114112K
  class space    used 3691K, committed 3968K, reserved 1048576K
}
Event: 18.455 GC heap before
{Heap before GC invocations=15 (full 2):
 PSYoungGen      total 24064K, used 24032K [0x00000000eab00000, 0x00000000ec580000, 0x0000000100000000)
  eden space 22016K, 100% used [0x00000000eab00000,0x00000000ec080000,0x00000000ec080000)
  from space 2048K, 98% used [0x00000000ec380000,0x00000000ec578000,0x00000000ec580000)
  to   space 2560K, 0% used [0x00000000ec080000,0x00000000ec080000,0x00000000ec300000)
 ParOldGen       total 68608K, used 16621K [0x00000000c0000000, 0x00000000c4300000, 0x00000000eab00000)
  object space 68608K, 24% used [0x00000000c0000000,0x00000000c103b4d8,0x00000000c4300000)
 Metaspace       used 36359K, committed 36992K, reserved 1114112K
  class space    used 3691K, committed 3968K, reserved 1048576K
}
Event: 18.465 GC heap after
{Heap after GC invocations=15 (full 2):
 PSYoungGen      total 24576K, used 2272K [0x00000000eab00000, 0x00000000ec580000, 0x0000000100000000)
  eden space 22016K, 0% used [0x00000000eab00000,0x00000000eab00000,0x00000000ec080000)
  from space 2560K, 88% used [0x00000000ec080000,0x00000000ec2b8010,0x00000000ec300000)
  to   space 2560K, 0% used [0x00000000ec300000,0x00000000ec300000,0x00000000ec580000)
 ParOldGen       total 68608K, used 18557K [0x00000000c0000000, 0x00000000c4300000, 0x00000000eab00000)
  object space 68608K, 27% used [0x00000000c0000000,0x00000000c121f4d8,0x00000000c4300000)
 Metaspace       used 36359K, committed 36992K, reserved 1114112K
  class space    used 3691K, committed 3968K, reserved 1048576K
}
Event: 18.785 GC heap before
{Heap before GC invocations=16 (full 2):
 PSYoungGen      total 24576K, used 24288K [0x00000000eab00000, 0x00000000ec580000, 0x0000000100000000)
  eden space 22016K, 100% used [0x00000000eab00000,0x00000000ec080000,0x00000000ec080000)
  from space 2560K, 88% used [0x00000000ec080000,0x00000000ec2b8010,0x00000000ec300000)
  to   space 2560K, 0% used [0x00000000ec300000,0x00000000ec300000,0x00000000ec580000)
 ParOldGen       total 68608K, used 18557K [0x00000000c0000000, 0x00000000c4300000, 0x00000000eab00000)
  object space 68608K, 27% used [0x00000000c0000000,0x00000000c121f4d8,0x00000000c4300000)
 Metaspace       used 36417K, committed 37056K, reserved 1114112K
  class space    used 3695K, committed 3968K, reserved 1048576K
}
Event: 18.794 GC heap after
{Heap after GC invocations=16 (full 2):
 PSYoungGen      total 24576K, used 1984K [0x00000000eab00000, 0x00000000ec580000, 0x0000000100000000)
  eden space 22016K, 0% used [0x00000000eab00000,0x00000000eab00000,0x00000000ec080000)
  from space 2560K, 77% used [0x00000000ec300000,0x00000000ec4f0000,0x00000000ec580000)
  to   space 2560K, 0% used [0x00000000ec080000,0x00000000ec080000,0x00000000ec300000)
 ParOldGen       total 68608K, used 20773K [0x00000000c0000000, 0x00000000c4300000, 0x00000000eab00000)
  object space 68608K, 30% used [0x00000000c0000000,0x00000000c14494e8,0x00000000c4300000)
 Metaspace       used 36417K, committed 37056K, reserved 1114112K
  class space    used 3695K, committed 3968K, reserved 1048576K
}
Event: 19.938 GC heap before
{Heap before GC invocations=17 (full 2):
 PSYoungGen      total 24576K, used 24000K [0x00000000eab00000, 0x00000000ec580000, 0x0000000100000000)
  eden space 22016K, 100% used [0x00000000eab00000,0x00000000ec080000,0x00000000ec080000)
  from space 2560K, 77% used [0x00000000ec300000,0x00000000ec4f0000,0x00000000ec580000)
  to   space 2560K, 0% used [0x00000000ec080000,0x00000000ec080000,0x00000000ec300000)
 ParOldGen       total 68608K, used 20773K [0x00000000c0000000, 0x00000000c4300000, 0x00000000eab00000)
  object space 68608K, 30% used [0x00000000c0000000,0x00000000c14494e8,0x00000000c4300000)
 Metaspace       used 38936K, committed 39616K, reserved 1114112K
  class space    used 3978K, committed 4288K, reserved 1048576K
}
Event: 19.946 GC heap after
{Heap after GC invocations=17 (full 2):
 PSYoungGen      total 24064K, used 1844K [0x00000000eab00000, 0x00000000ec480000, 0x0000000100000000)
  eden space 22016K, 0% used [0x00000000eab00000,0x00000000eab00000,0x00000000ec080000)
  from space 2048K, 90% used [0x00000000ec080000,0x00000000ec24d3e0,0x00000000ec280000)
  to   space 2048K, 0% used [0x00000000ec280000,0x00000000ec280000,0x00000000ec480000)
 ParOldGen       total 68608K, used 22696K [0x00000000c0000000, 0x00000000c4300000, 0x00000000eab00000)
  object space 68608K, 33% used [0x00000000c0000000,0x00000000c162a0c0,0x00000000c4300000)
 Metaspace       used 38936K, committed 39616K, reserved 1114112K
  class space    used 3978K, committed 4288K, reserved 1048576K
}

Dll operation events (12 events):
Event: 0.023 Loaded shared library c:\Users\frank\.vscode\extensions\redhat.java-1.18.0-win32-x64\jre\17.0.7-win32-x86_64\bin\java.dll
Event: 0.614 Loaded shared library c:\Users\frank\.vscode\extensions\redhat.java-1.18.0-win32-x64\jre\17.0.7-win32-x86_64\bin\zip.dll
Event: 0.624 Loaded shared library C:\Users\frank\.vscode\extensions\redhat.java-1.18.0-win32-x64\jre\17.0.7-win32-x86_64\bin\instrument.dll
Event: 0.665 Loaded shared library C:\Users\frank\.vscode\extensions\redhat.java-1.18.0-win32-x64\jre\17.0.7-win32-x86_64\bin\net.dll
Event: 0.672 Loaded shared library C:\Users\frank\.vscode\extensions\redhat.java-1.18.0-win32-x64\jre\17.0.7-win32-x86_64\bin\nio.dll
Event: 0.689 Loaded shared library C:\Users\frank\.vscode\extensions\redhat.java-1.18.0-win32-x64\jre\17.0.7-win32-x86_64\bin\zip.dll
Event: 0.728 Loaded shared library C:\Users\frank\.vscode\extensions\redhat.java-1.18.0-win32-x64\jre\17.0.7-win32-x86_64\bin\jimage.dll
Event: 0.872 Loaded shared library c:\Users\frank\.vscode\extensions\redhat.java-1.18.0-win32-x64\jre\17.0.7-win32-x86_64\bin\verify.dll
Event: 4.533 Loaded shared library C:\Users\frank\AppData\Roaming\Code\User\globalStorage\redhat.java\1.18.0\config_ss_win\org.eclipse.equinox.launcher\org.eclipse.equinox.launcher.win32.win32.x86_64_1.2.700.v20221108-1024\eclipse_11801.dll
Event: 6.194 Loaded shared library C:\Users\frank\.vscode\extensions\redhat.java-1.18.0-win32-x64\jre\17.0.7-win32-x86_64\bin\management.dll
Event: 6.205 Loaded shared library C:\Users\frank\.vscode\extensions\redhat.java-1.18.0-win32-x64\jre\17.0.7-win32-x86_64\bin\management_ext.dll
Event: 10.547 Loaded shared library C:\Users\frank\AppData\Local\Temp\jna-97692050\jna6958955644825637716.dll

Deoptimization events (20 events):
Event: 19.792 Thread 0x0000022b43680fa0 Uncommon trap: trap_request=0xffffffde fr.pc=0x0000022b337ce338 relative=0x0000000000000a18
Event: 19.792 Thread 0x0000022b43680fa0 Uncommon trap: reason=class_check action=maybe_recompile pc=0x0000022b337ce338 method=java.util.concurrent.ConcurrentHashMap.putVal(Ljava/lang/Object;Ljava/lang/Object;Z)Ljava/lang/Object; @ 159 c2
Event: 19.792 Thread 0x0000022b43680fa0 DEOPT PACKING pc=0x0000022b337ce338 sp=0x000000da67afdf80
Event: 19.792 Thread 0x0000022b43680fa0 DEOPT UNPACKING pc=0x0000022b331866a3 sp=0x000000da67afdf00 mode 2
Event: 19.793 Thread 0x0000022b4367f2c0 Uncommon trap: trap_request=0xffffff45 fr.pc=0x0000022b337ce304 relative=0x00000000000009e4
Event: 19.793 Thread 0x0000022b4367f2c0 Uncommon trap: reason=unstable_if action=reinterpret pc=0x0000022b337ce304 method=java.util.concurrent.ConcurrentHashMap.putVal(Ljava/lang/Object;Ljava/lang/Object;Z)Ljava/lang/Object; @ 97 c2
Event: 19.793 Thread 0x0000022b4367f2c0 DEOPT PACKING pc=0x0000022b337ce304 sp=0x000000da67cfe3d0
Event: 19.793 Thread 0x0000022b4367f2c0 DEOPT UNPACKING pc=0x0000022b331866a3 sp=0x000000da67cfe358 mode 2
Event: 19.789 Thread 0x0000022b43680ad0 DEOPT PACKING pc=0x0000022b2c2958d6 sp=0x000000da67bfd8c0
Event: 19.793 Thread 0x0000022b43680ad0 DEOPT UNPACKING pc=0x0000022b33186e43 sp=0x000000da67bfcd60 mode 0
Event: 20.349 Thread 0x0000022b43680130 Uncommon trap: trap_request=0xffffffbe fr.pc=0x0000022b3387d414 relative=0x0000000000000694
Event: 20.349 Thread 0x0000022b43680130 Uncommon trap: reason=profile_predicate action=maybe_recompile pc=0x0000022b3387d414 method=java.util.TreeMap.getEntryUsingComparator(Ljava/lang/Object;)Ljava/util/TreeMap$Entry; @ 19 c2
Event: 20.349 Thread 0x0000022b43680130 DEOPT PACKING pc=0x0000022b3387d414 sp=0x000000da670fdae0
Event: 20.349 Thread 0x0000022b43680130 DEOPT UNPACKING pc=0x0000022b331866a3 sp=0x000000da670fda00 mode 2
Event: 20.494 Thread 0x0000022b43680130 DEOPT PACKING pc=0x0000022b2c090944 sp=0x000000da670fd450
Event: 20.494 Thread 0x0000022b43680130 DEOPT UNPACKING pc=0x0000022b33186e43 sp=0x000000da670fc9d0 mode 0
Event: 20.757 Thread 0x0000022b4367edf0 DEOPT PACKING pc=0x0000022b2c31730e sp=0x000000da679fe8f0
Event: 20.757 Thread 0x0000022b4367edf0 DEOPT UNPACKING pc=0x0000022b33186e43 sp=0x000000da679fdd78 mode 0
Event: 20.824 Thread 0x0000022b43680fa0 DEOPT PACKING pc=0x0000022b2bc64f89 sp=0x000000da67af8ff0
Event: 20.824 Thread 0x0000022b43680fa0 DEOPT UNPACKING pc=0x0000022b33186e43 sp=0x000000da67af84e8 mode 0

Classes unloaded (7 events):
Event: 6.485 Thread 0x0000022b3d4f6550 Unloading class 0x0000000100212400 'java/lang/invoke/LambdaForm$MH+0x0000000100212400'
Event: 6.485 Thread 0x0000022b3d4f6550 Unloading class 0x0000000100212000 'java/lang/invoke/LambdaForm$MH+0x0000000100212000'
Event: 6.485 Thread 0x0000022b3d4f6550 Unloading class 0x0000000100211c00 'java/lang/invoke/LambdaForm$MH+0x0000000100211c00'
Event: 6.485 Thread 0x0000022b3d4f6550 Unloading class 0x0000000100211800 'java/lang/invoke/LambdaForm$MH+0x0000000100211800'
Event: 6.485 Thread 0x0000022b3d4f6550 Unloading class 0x0000000100211000 'java/lang/invoke/LambdaForm$BMH+0x0000000100211000'
Event: 6.485 Thread 0x0000022b3d4f6550 Unloading class 0x0000000100210c00 'java/lang/invoke/LambdaForm$DMH+0x0000000100210c00'
Event: 6.485 Thread 0x0000022b3d4f6550 Unloading class 0x000000010020e000 'java/lang/invoke/LambdaForm$DMH+0x000000010020e000'

Classes redefined (0 events):
No events

Internal exceptions (20 events):
Event: 19.586 Thread 0x0000022b43680130 Exception <a 'sun/nio/fs/WindowsException'{0x00000000ebaf4ab8}> (0x00000000ebaf4ab8) 
thrown [s\src\hotspot\share\prims\jni.cpp, line 516]
Event: 19.601 Thread 0x0000022b43680130 Exception <a 'sun/nio/fs/WindowsException'{0x00000000ebb954a0}> (0x00000000ebb954a0) 
thrown [s\src\hotspot\share\prims\jni.cpp, line 516]
Event: 19.608 Thread 0x0000022b43680130 Exception <a 'sun/nio/fs/WindowsException'{0x00000000ebb9b720}> (0x00000000ebb9b720) 
thrown [s\src\hotspot\share\prims\jni.cpp, line 516]
Event: 19.612 Thread 0x0000022b43680130 Exception <a 'sun/nio/fs/WindowsException'{0x00000000ebbc6578}> (0x00000000ebbc6578) 
thrown [s\src\hotspot\share\prims\jni.cpp, line 516]
Event: 19.625 Thread 0x0000022b43680130 Exception <a 'sun/nio/fs/WindowsException'{0x00000000ebbf8090}> (0x00000000ebbf8090) 
thrown [s\src\hotspot\share\prims\jni.cpp, line 516]
Event: 19.761 Thread 0x0000022b43680130 Exception <a 'sun/nio/fs/WindowsException'{0x00000000ebd93c28}> (0x00000000ebd93c28) 
thrown [s\src\hotspot\share\prims\jni.cpp, line 516]
Event: 20.046 Thread 0x0000022b4367f2c0 Exception <a 'java/lang/LinkageError'{0x00000000eac030a0}: loader lombok.launch.ShadowClassLoader @3e3d4360 attempted duplicate class definition for lombok.launch.PatchFixesHider$Transform. (lombok.launch.PatchFixesHider$Transform is in unnamed module of loader lombok.launch.ShadowClassLoader @3e3d4360, parent loader org.eclipse.osgi.internal.loader.EquinoxClassLoader @7cbf684c)> (0x00000000eac030a0) 
thrown [s\src\hotspot\share\classfile\systemDictionary.cpp, line 1724]
Event: 20.128 Thread 0x0000022b43680130 Exception <a 'sun/nio/fs/WindowsException'{0x00000000eac93068}> (0x00000000eac93068) 
thrown [s\src\hotspot\share\prims\jni.cpp, line 516]
Event: 20.133 Thread 0x0000022b43680130 Exception <a 'sun/nio/fs/WindowsException'{0x00000000eacafb48}> (0x00000000eacafb48) 
thrown [s\src\hotspot\share\prims\jni.cpp, line 516]
Event: 20.193 Thread 0x0000022b43680130 Exception <a 'sun/nio/fs/WindowsException'{0x00000000eacc1790}> (0x00000000eacc1790) 
thrown [s\src\hotspot\share\prims\jni.cpp, line 516]
Event: 20.194 Thread 0x0000022b43680130 Exception <a 'sun/nio/fs/WindowsException'{0x00000000eacc33b8}> (0x00000000eacc33b8) 
thrown [s\src\hotspot\share\prims\jni.cpp, line 516]
Event: 20.194 Thread 0x0000022b43680130 Exception <a 'sun/nio/fs/WindowsException'{0x00000000eacc3b88}> (0x00000000eacc3b88) 
thrown [s\src\hotspot\share\prims\jni.cpp, line 516]
Event: 20.194 Thread 0x0000022b43680130 Exception <a 'sun/nio/fs/WindowsException'{0x00000000eacc4220}> (0x00000000eacc4220) 
thrown [s\src\hotspot\share\prims\jni.cpp, line 516]
Event: 20.194 Thread 0x0000022b43680130 Exception <a 'sun/nio/fs/WindowsException'{0x00000000eacc4f28}> (0x00000000eacc4f28) 
thrown [s\src\hotspot\share\prims\jni.cpp, line 516]
Event: 20.201 Thread 0x0000022b43680130 Exception <a 'java/io/FileNotFoundException'{0x00000000eacce068}> (0x00000000eacce068) 
thrown [s\src\hotspot\share\prims\jni.cpp, line 516]
Event: 20.218 Thread 0x0000022b43680130 Exception <a 'java/io/FileNotFoundException'{0x00000000eace89b0}> (0x00000000eace89b0) 
thrown [s\src\hotspot\share\prims\jni.cpp, line 516]
Event: 20.225 Thread 0x0000022b43680130 Exception <a 'sun/nio/fs/WindowsException'{0x00000000eacf0300}> (0x00000000eacf0300) 
thrown [s\src\hotspot\share\prims\jni.cpp, line 516]
Event: 20.278 Thread 0x0000022b43680130 Exception <a 'sun/nio/fs/WindowsException'{0x00000000ead48490}> (0x00000000ead48490) 
thrown [s\src\hotspot\share\prims\jni.cpp, line 516]
Event: 20.354 Thread 0x0000022b43680130 Exception <a 'sun/nio/fs/WindowsException'{0x00000000ead81ef8}> (0x00000000ead81ef8) 
thrown [s\src\hotspot\share\prims\jni.cpp, line 516]
Event: 20.766 Thread 0x0000022b4367edf0 Exception <a 'java/lang/NoSuchMethodError'{0x00000000eb12cca8}: 'int java.lang.invoke.DirectMethodHandle$Holder.invokeVirtual(java.lang.Object, java.lang.Object, java.lang.Object)'> (0x00000000eb12cca8) 
thrown [s\src\hotspot\share\interpreter\linkResolver.cpp, line 759]

VM Operations (20 events):
Event: 16.945 Executing VM operation: ParallelGCFailedAllocation
Event: 16.952 Executing VM operation: ParallelGCFailedAllocation done
Event: 17.434 Executing VM operation: ParallelGCFailedAllocation
Event: 17.439 Executing VM operation: ParallelGCFailedAllocation done
Event: 17.635 Executing VM operation: ParallelGCFailedAllocation
Event: 17.641 Executing VM operation: ParallelGCFailedAllocation done
Event: 18.455 Executing VM operation: ParallelGCFailedAllocation
Event: 18.465 Executing VM operation: ParallelGCFailedAllocation done
Event: 18.654 Executing VM operation: HandshakeAllThreads
Event: 18.654 Executing VM operation: HandshakeAllThreads done
Event: 18.785 Executing VM operation: ParallelGCFailedAllocation
Event: 18.794 Executing VM operation: ParallelGCFailedAllocation done
Event: 19.181 Executing VM operation: HandshakeAllThreads
Event: 19.181 Executing VM operation: HandshakeAllThreads done
Event: 19.937 Executing VM operation: ParallelGCFailedAllocation
Event: 19.946 Executing VM operation: ParallelGCFailedAllocation done
Event: 21.957 Executing VM operation: Cleanup
Event: 21.957 Executing VM operation: Cleanup done
Event: 22.976 Executing VM operation: Cleanup
Event: 22.976 Executing VM operation: Cleanup done

Events (20 events):
Event: 19.017 Thread 0x0000022b4367fc60 Thread exited: 0x0000022b4367fc60
Event: 19.038 Thread 0x0000022b43680fa0 Thread added: 0x0000022b43680fa0
Event: 19.095 loading class java/util/concurrent/locks/ReentrantReadWriteLock$Sync$HoldCounter
Event: 19.096 loading class java/util/concurrent/locks/ReentrantReadWriteLock$Sync$HoldCounter done
Event: 19.213 loading class java/lang/ExceptionInInitializerError
Event: 19.214 loading class java/lang/ExceptionInInitializerError done
Event: 20.589 loading class java/util/AbstractList$ListItr
Event: 20.590 loading class java/util/AbstractList$ListItr done
Event: 20.808 Thread 0x0000022b43681470 Thread added: 0x0000022b43681470
Event: 20.847 Thread 0x0000022b43681940 Thread added: 0x0000022b43681940
Event: 20.848 loading class java/util/stream/Nodes$ToArrayTask$OfRef
Event: 20.848 loading class java/util/stream/Nodes$ToArrayTask
Event: 20.848 loading class java/util/stream/Nodes$ToArrayTask done
Event: 20.848 loading class java/util/stream/Nodes$ToArrayTask$OfRef done
Event: 20.849 Thread 0x0000022b43681e10 Thread added: 0x0000022b43681e10
Event: 20.881 Thread 0x0000022b43681470 Thread exited: 0x0000022b43681470
Event: 20.881 Thread 0x0000022b43681940 Thread exited: 0x0000022b43681940
Event: 20.882 Thread 0x0000022b43681e10 Thread exited: 0x0000022b43681e10
Event: 21.716 loading class java/util/Vector$1
Event: 21.717 loading class java/util/Vector$1 done


Dynamic libraries:
0x00007ff602200000 - 0x00007ff60220e000 	c:\Users\frank\.vscode\extensions\redhat.java-1.18.0-win32-x64\jre\17.0.7-win32-x86_64\bin\java.exe
0x00007ffcf93d0000 - 0x00007ffcf95c8000 	C:\Windows\SYSTEM32\ntdll.dll
0x00007ffcf74b0000 - 0x00007ffcf756f000 	C:\Windows\System32\KERNEL32.DLL
0x00007ffcf7090000 - 0x00007ffcf7386000 	C:\Windows\System32\KERNELBASE.dll
0x00007ffcf6ab0000 - 0x00007ffcf6bb0000 	C:\Windows\System32\ucrtbase.dll
0x00007ffcefe80000 - 0x00007ffcefe97000 	c:\Users\frank\.vscode\extensions\redhat.java-1.18.0-win32-x64\jre\17.0.7-win32-x86_64\bin\jli.dll
0x00007ffcf7c20000 - 0x00007ffcf7dbd000 	C:\Windows\System32\USER32.dll
0x00007ffcf7060000 - 0x00007ffcf7082000 	C:\Windows\System32\win32u.dll
0x00007ffcf7dc0000 - 0x00007ffcf7dec000 	C:\Windows\System32\GDI32.dll
0x00007ffcf6d30000 - 0x00007ffcf6e45000 	C:\Windows\System32\gdi32full.dll
0x00007ffcf6c00000 - 0x00007ffcf6c9d000 	C:\Windows\System32\msvcp_win.dll
0x00007ffceae60000 - 0x00007ffceae79000 	c:\Users\frank\.vscode\extensions\redhat.java-1.18.0-win32-x64\jre\17.0.7-win32-x86_64\bin\VCRUNTIME140.dll
0x00007ffce6470000 - 0x00007ffce670a000 	C:\Windows\WinSxS\amd64_microsoft.windows.common-controls_6595b64144ccf1df_6.0.19041.1110_none_60b5254171f9507e\COMCTL32.dll
0x00007ffcf9080000 - 0x00007ffcf911e000 	C:\Windows\System32\msvcrt.dll
0x00007ffcf7570000 - 0x00007ffcf75a0000 	C:\Windows\System32\IMM32.DLL
0x00007ffcf22d0000 - 0x00007ffcf22dc000 	c:\Users\frank\.vscode\extensions\redhat.java-1.18.0-win32-x64\jre\17.0.7-win32-x86_64\bin\vcruntime140_1.dll
0x00007ffceadc0000 - 0x00007ffceae51000 	c:\Users\frank\.vscode\extensions\redhat.java-1.18.0-win32-x64\jre\17.0.7-win32-x86_64\bin\msvcp140.dll
0x00007ffcc5580000 - 0x00007ffcc61c8000 	c:\Users\frank\.vscode\extensions\redhat.java-1.18.0-win32-x64\jre\17.0.7-win32-x86_64\bin\server\jvm.dll
0x00007ffcf8f20000 - 0x00007ffcf8fcf000 	C:\Windows\System32\ADVAPI32.dll
0x00007ffcf7b80000 - 0x00007ffcf7c1c000 	C:\Windows\System32\sechost.dll
0x00007ffcf91f0000 - 0x00007ffcf9316000 	C:\Windows\System32\RPCRT4.dll
0x00007ffce39b0000 - 0x00007ffce39b9000 	C:\Windows\SYSTEM32\WSOCK32.dll
0x00007ffcf9320000 - 0x00007ffcf938b000 	C:\Windows\System32\WS2_32.dll
0x00007ffce32d0000 - 0x00007ffce32f7000 	C:\Windows\SYSTEM32\WINMM.dll
0x00007ffce9210000 - 0x00007ffce921a000 	C:\Windows\SYSTEM32\VERSION.dll
0x00007ffcf4930000 - 0x00007ffcf4942000 	C:\Windows\SYSTEM32\kernel.appcore.dll
0x00007ffcf0200000 - 0x00007ffcf020a000 	c:\Users\frank\.vscode\extensions\redhat.java-1.18.0-win32-x64\jre\17.0.7-win32-x86_64\bin\jimage.dll
0x00007ffce6710000 - 0x00007ffce68f4000 	C:\Windows\SYSTEM32\DBGHELP.DLL
0x00007ffce9080000 - 0x00007ffce90b4000 	C:\Windows\SYSTEM32\dbgcore.DLL
0x00007ffcf6ca0000 - 0x00007ffcf6d22000 	C:\Windows\System32\bcryptPrimitives.dll
0x00007ffcefe70000 - 0x00007ffcefe7e000 	c:\Users\frank\.vscode\extensions\redhat.java-1.18.0-win32-x64\jre\17.0.7-win32-x86_64\bin\instrument.dll
0x00007ffcead90000 - 0x00007ffceadb5000 	c:\Users\frank\.vscode\extensions\redhat.java-1.18.0-win32-x64\jre\17.0.7-win32-x86_64\bin\java.dll
0x00007ffceacf0000 - 0x00007ffcead08000 	c:\Users\frank\.vscode\extensions\redhat.java-1.18.0-win32-x64\jre\17.0.7-win32-x86_64\bin\zip.dll
0x00007ffcf7e70000 - 0x00007ffcf85b4000 	C:\Windows\System32\SHELL32.dll
0x00007ffcf4b30000 - 0x00007ffcf52c3000 	C:\Windows\SYSTEM32\windows.storage.dll
0x00007ffcf7810000 - 0x00007ffcf7b64000 	C:\Windows\System32\combase.dll
0x00007ffcf6350000 - 0x00007ffcf637e000 	C:\Windows\SYSTEM32\Wldp.dll
0x00007ffcf75a0000 - 0x00007ffcf764d000 	C:\Windows\System32\SHCORE.dll
0x00007ffcf8ce0000 - 0x00007ffcf8d35000 	C:\Windows\System32\shlwapi.dll
0x00007ffcf69f0000 - 0x00007ffcf6a0f000 	C:\Windows\SYSTEM32\profapi.dll
0x00007ffceacd0000 - 0x00007ffceace9000 	C:\Users\frank\.vscode\extensions\redhat.java-1.18.0-win32-x64\jre\17.0.7-win32-x86_64\bin\net.dll
0x00007ffcebe00000 - 0x00007ffcebf0a000 	C:\Windows\SYSTEM32\WINHTTP.dll
0x00007ffcf6130000 - 0x00007ffcf619a000 	C:\Windows\system32\mswsock.dll
0x00007ffce8950000 - 0x00007ffce8965000 	C:\Users\frank\.vscode\extensions\redhat.java-1.18.0-win32-x64\jre\17.0.7-win32-x86_64\bin\nio.dll
0x00007ffceefe0000 - 0x00007ffceeff0000 	c:\Users\frank\.vscode\extensions\redhat.java-1.18.0-win32-x64\jre\17.0.7-win32-x86_64\bin\verify.dll
0x00007ffcead50000 - 0x00007ffcead8e000 	C:\Users\frank\AppData\Roaming\Code\User\globalStorage\redhat.java\1.18.0\config_ss_win\org.eclipse.equinox.launcher\org.eclipse.equinox.launcher.win32.win32.x86_64_1.2.700.v20221108-1024\eclipse_11801.dll
0x00007ffcf8a90000 - 0x00007ffcf8bba000 	C:\Windows\System32\ole32.dll
0x00007ffcf23d0000 - 0x00007ffcf23d9000 	C:\Users\frank\.vscode\extensions\redhat.java-1.18.0-win32-x64\jre\17.0.7-win32-x86_64\bin\management.dll
0x00007ffcf23c0000 - 0x00007ffcf23cb000 	C:\Users\frank\.vscode\extensions\redhat.java-1.18.0-win32-x64\jre\17.0.7-win32-x86_64\bin\management_ext.dll
0x00007ffcf8d40000 - 0x00007ffcf8d48000 	C:\Windows\System32\PSAPI.DLL
0x00007ffcf6690000 - 0x00007ffcf66a8000 	C:\Windows\SYSTEM32\CRYPTSP.dll
0x00007ffcf5a70000 - 0x00007ffcf5aa4000 	C:\Windows\system32\rsaenh.dll
0x00007ffcf7390000 - 0x00007ffcf73b7000 	C:\Windows\System32\bcrypt.dll
0x00007ffcf6970000 - 0x00007ffcf699e000 	C:\Windows\SYSTEM32\USERENV.dll
0x00007ffcf62c0000 - 0x00007ffcf62cc000 	C:\Windows\SYSTEM32\CRYPTBASE.dll
0x00007ffcf5e40000 - 0x00007ffcf5e7c000 	C:\Windows\SYSTEM32\IPHLPAPI.DLL
0x00007ffcf7b70000 - 0x00007ffcf7b78000 	C:\Windows\System32\NSI.dll
0x00007ffcec7b0000 - 0x00007ffcec7c7000 	C:\Windows\SYSTEM32\dhcpcsvc6.DLL
0x00007ffcec510000 - 0x00007ffcec52d000 	C:\Windows\SYSTEM32\dhcpcsvc.DLL
0x00007ffcf5e80000 - 0x00007ffcf5f4b000 	C:\Windows\SYSTEM32\DNSAPI.dll
0x00007ffcd2fe0000 - 0x00007ffcd3025000 	C:\Users\frank\AppData\Local\Temp\jna-97692050\jna6958955644825637716.dll

dbghelp: loaded successfully - version: 4.0.5 - missing functions: none
symbol engine: initialized successfully - sym options: 0x614 - pdb path: .;c:\Users\frank\.vscode\extensions\redhat.java-1.18.0-win32-x64\jre\17.0.7-win32-x86_64\bin;C:\Windows\SYSTEM32;C:\Windows\WinSxS\amd64_microsoft.windows.common-controls_6595b64144ccf1df_6.0.19041.1110_none_60b5254171f9507e;c:\Users\frank\.vscode\extensions\redhat.java-1.18.0-win32-x64\jre\17.0.7-win32-x86_64\bin\server;C:\Users\frank\AppData\Roaming\Code\User\globalStorage\redhat.java\1.18.0\config_ss_win\org.eclipse.equinox.launcher\org.eclipse.equinox.launcher.win32.win32.x86_64_1.2.700.v20221108-1024;C:\Users\frank\AppData\Local\Temp\jna-97692050

VM Arguments:
jvm_args: --add-modules=ALL-SYSTEM --add-opens=java.base/java.util=ALL-UNNAMED --add-opens=java.base/java.lang=ALL-UNNAMED --add-opens=java.base/sun.nio.fs=ALL-UNNAMED -Declipse.application=org.eclipse.jdt.ls.core.id1 -Dosgi.bundles.defaultStartLevel=4 -Declipse.product=org.eclipse.jdt.ls.core.product -Djava.import.generatesMetadataFilesAtProjectRoot=false -Dfile.encoding=utf8 -XX:+UseParallelGC -XX:GCTimeRatio=4 -XX:AdaptiveSizePolicyWeight=90 -Dsun.zip.disableMemoryMapping=true -Xmx1G -Xms100m -Xlog:disable -javaagent:c:\Users\frank\.vscode\extensions\redhat.java-1.18.0-win32-x64\lombok\lombok-1.18.27.jar 
java_command: c:\Users\frank\.vscode\extensions\redhat.java-1.18.0-win32-x64\server\plugins\org.eclipse.equinox.launcher_1.6.400.v20210924-0641.jar -configuration c:\Users\frank\AppData\Roaming\Code\User\globalStorage\redhat.java\1.18.0\config_ss_win -data c:\Users\frank\AppData\Roaming\Code\User\workspaceStorage\a341e3c30c6f3923f83e15903c019308\redhat.java\ss_ws
java_class_path (initial): c:\Users\frank\.vscode\extensions\redhat.java-1.18.0-win32-x64\server\plugins\org.eclipse.equinox.launcher_1.6.400.v20210924-0641.jar
Launcher Type: SUN_STANDARD

[Global flags]
    uintx AdaptiveSizePolicyWeight                 = 90                                        {product} {command line}
     intx CICompilerCount                          = 3                                         {product} {ergonomic}
    uintx GCTimeRatio                              = 4                                         {product} {command line}
   size_t InitialHeapSize                          = 104857600                                 {product} {command line}
   size_t MaxHeapSize                              = 1073741824                                {product} {command line}
   size_t MaxNewSize                               = 357564416                                 {product} {ergonomic}
   size_t MinHeapDeltaBytes                        = 524288                                    {product} {ergonomic}
   size_t MinHeapSize                              = 104857600                                 {product} {command line}
   size_t NewSize                                  = 34603008                                  {product} {ergonomic}
    uintx NonNMethodCodeHeapSize                   = 5832780                                {pd product} {ergonomic}
    uintx NonProfiledCodeHeapSize                  = 122912730                              {pd product} {ergonomic}
   size_t OldSize                                  = 70254592                                  {product} {ergonomic}
    uintx ProfiledCodeHeapSize                     = 122912730                              {pd product} {ergonomic}
    uintx ReservedCodeCacheSize                    = 251658240                              {pd product} {ergonomic}
     bool SegmentedCodeCache                       = true                                      {product} {ergonomic}
   size_t SoftMaxHeapSize                          = 1073741824                             {manageable} {ergonomic}
     bool UseCompressedClassPointers               = true                           {product lp64_product} {ergonomic}
     bool UseCompressedOops                        = true                           {product lp64_product} {ergonomic}
     bool UseLargePagesIndividualAllocation        = false                                  {pd product} {ergonomic}
     bool UseParallelGC                            = true                                      {product} {command line}

Logging:
Log output configuration:
 #0: stdout all=off uptime,level,tags
 #1: stderr all=off uptime,level,tags

Environment Variables:
JAVA_HOME=C:\Program Files\Java\jdk-19
PATH=C:\Program Files\Common Files\Oracle\Java\javapath;C:\Program Files (x86)\Common Files\Oracle\Java\javapath;C:\app\frank\product\21c\dbhomeXE\bin;C:\Windows\system32;C:\Windows;C:\Windows\System32\Wbem;C:\Windows\System32\WindowsPowerShell\v1.0\;C:\Windows\System32\OpenSSH\;C:\xampp\php;C:\composer;C:\Program Files\wureset;C:\Users\frank\AppData\Local\Android\Sdk\platform-tools;C:\ProgramData\chocolatey\bin;C:\Program Files (x86)\Microchip\MPLAB C32 Suite\bin;C:\Program Files\Maven\apache-maven-3.9.1\bin;C:\Program Files\Java\jdk-19\bin;C:\Program Files\nodejs\;C:\Program Files\Git\cmd;C:\Program Files\Docker\Docker\resources\bin;C:\Users\frank\AppData\Local\Microsoft\WindowsApps;C:\Users\frank\AppData\Local\Programs\Microsoft VS Code\bin;C:\Users\frank\AppData\Roaming\Composer\vendor\bin;C:\Users\frank\AppData\Roaming\npm;
USERNAME=frank
OS=Windows_NT
PROCESSOR_IDENTIFIER=Intel64 Family 6 Model 58 Stepping 9, GenuineIntel
TMP=C:\Users\frank\AppData\Local\Temp
TEMP=C:\Users\frank\AppData\Local\Temp



---------------  S Y S T E M  ---------------

OS:
 Windows 10 , 64 bit Build 19041 (10.0.19041.2913)
OS uptime: 0 days 5:58 hours
Hyper-V role detected

CPU: total 4 (initial active 4) (2 cores per cpu, 2 threads per core) family 6 model 58 stepping 9 microcode 0x21, cx8, cmov, fxsr, ht, mmx, sse, sse2, sse3, ssse3, sse4.1, sse4.2, popcnt, tsc, tscinvbit, avx, erms, clmul, vzeroupper, clflush, hv

Memory: 4k page, system-wide physical 3659M (198M free)
TotalPageFile size 11851M (AvailPageFile size 2M)
current process WorkingSet (physical memory assigned to process): 164M, peak: 164M
current process commit charge ("private bytes"): 241M, peak: 242M

vm_info: OpenJDK 64-Bit Server VM (17.0.7+7) for windows-amd64 JRE (17.0.7+7), built on Apr 18 2023 22:10:42 by "temurin" with MS VC++ 16.7 (VS2019)

END.
