#
# There is insufficient memory for the Java Runtime Environment to continue.
# Native memory allocation (malloc) failed to allocate 747136 bytes for Chunk::new
# Possible reasons:
#   The system is out of physical RAM or swap space
#   The process is running with CompressedOops enabled, and the Java Heap may be blocking the growth of the native heap
# Possible solutions:
#   Reduce memory load on the system
#   Increase physical memory or swap space
#   Check if swap backing store is full
#   Decrease Java heap size (-Xmx/-Xms)
#   Decrease number of Java threads
#   Decrease Java thread stack sizes (-Xss)
#   Set larger code cache with -XX:ReservedCodeCacheSize=
#   JVM is running with Unscaled Compressed Oops mode in which the Java heap is
#     placed in the first 4GB address space. The Java Heap base address is the
#     maximum limit for the native heap growth. Please use -XX:HeapBaseMinAddress
#     to set the Java Heap base and to place the Java Heap above 4GB virtual address.
# This output file may be truncated or incomplete.
#
#  Out of Memory Error (arena.cpp:189), pid=11556, tid=11980
#
# JRE version: OpenJDK Runtime Environment Temurin-17.0.7+7 (17.0.7+7) (build 17.0.7+7)
# Java VM: OpenJDK 64-Bit Server VM Temurin-17.0.7+7 (17.0.7+7, mixed mode, tiered, compressed oops, compressed class ptrs, parallel gc, windows-amd64)
# No core dump will be written. Minidumps are not enabled by default on client versions of Windows
#

---------------  S U M M A R Y ------------

Command Line: --add-modules=ALL-SYSTEM --add-opens=java.base/java.util=ALL-UNNAMED --add-opens=java.base/java.lang=ALL-UNNAMED --add-opens=java.base/sun.nio.fs=ALL-UNNAMED -Declipse.application=org.eclipse.jdt.ls.core.id1 -Dosgi.bundles.defaultStartLevel=4 -Declipse.product=org.eclipse.jdt.ls.core.product -Djava.import.generatesMetadataFilesAtProjectRoot=false -Dfile.encoding=utf8 -XX:+UseParallelGC -XX:GCTimeRatio=4 -XX:AdaptiveSizePolicyWeight=90 -Dsun.zip.disableMemoryMapping=true -Xmx1G -Xms100m -Xlog:disable -javaagent:c:\Users\frank\.vscode\extensions\redhat.java-1.18.0-win32-x64\lombok\lombok-1.18.27.jar -XX:+HeapDumpOnOutOfMemoryError -XX:HeapDumpPath=c:\Users\frank\AppData\Roaming\Code\User\workspaceStorage\a341e3c30c6f3923f83e15903c019308\redhat.java -Daether.dependencyCollector.impl=bf c:\Users\frank\.vscode\extensions\redhat.java-1.18.0-win32-x64\server\plugins\org.eclipse.equinox.launcher_1.6.400.v20210924-0641.jar -configuration c:\Users\frank\AppData\Roaming\Code\User\globalStorage\redhat.java\1.18.0\config_win -data c:\Users\frank\AppData\Roaming\Code\User\workspaceStorage\a341e3c30c6f3923f83e15903c019308\redhat.java\jdt_ws

Host: Intel(R) Core(TM) i5-3230M CPU @ 2.60GHz, 4 cores, 3G,  Windows 10 , 64 bit Build 19041 (10.0.19041.2913)
Time: Mon May  8 20:31:44 2023 Hora est. Pacífico, Sudamérica elapsed time: 22.720326 seconds (0d 0h 0m 22s)

---------------  T H R E A D  ---------------

Current thread (0x000001f16d857000):  JavaThread "C2 CompilerThread0" daemon [_thread_in_native, id=11980, stack(0x000000b99b400000,0x000000b99b500000)]


Current CompileTask:
C2:  22720 5135       4       jdk.internal.jimage.ImageReader$SharedImageReader::lambda$handleModulesSubTree$1 (58 bytes)

Stack: [0x000000b99b400000,0x000000b99b500000]
Native frames: (J=compiled Java code, j=interpreted, Vv=VM code, C=native code)
V  [jvm.dll+0x67754a]
V  [jvm.dll+0x834304]
V  [jvm.dll+0x835aae]
V  [jvm.dll+0x836113]
V  [jvm.dll+0x24696f]
V  [jvm.dll+0xac0ac]
V  [jvm.dll+0xac67c]
V  [jvm.dll+0x364e37]
V  [jvm.dll+0x32f6b1]
V  [jvm.dll+0x32eb5a]
V  [jvm.dll+0x219641]
V  [jvm.dll+0x218a61]
V  [jvm.dll+0x1a4d8d]
V  [jvm.dll+0x2284da]
V  [jvm.dll+0x226615]
V  [jvm.dll+0x7ea90b]
V  [jvm.dll+0x7e4e7a]
V  [jvm.dll+0x676395]
C  [ucrtbase.dll+0x21bb2]
C  [KERNEL32.DLL+0x17614]
C  [ntdll.dll+0x526a1]


---------------  P R O C E S S  ---------------

Threads class SMR info:
_java_thread_list=0x000001f174e2e8d0, length=27, elements={
0x000001f1599fe740, 0x000001f16d81f730, 0x000001f16d822750, 0x000001f16d84a290,
0x000001f16d84b7b0, 0x000001f16d84e0e0, 0x000001f16d855c70, 0x000001f16d857000,
0x000001f16d8584b0, 0x000001f16d861d20, 0x000001f172a764d0, 0x000001f172c58d70,
0x000001f173556060, 0x000001f1733a8b60, 0x000001f1733b8b30, 0x000001f17373e020,
0x000001f1729e7020, 0x000001f173367330, 0x000001f1735a7560, 0x000001f1735a5880,
0x000001f1735a5d50, 0x000001f1735a4a10, 0x000001f1735a4070, 0x000001f1735a66f0,
0x000001f1735a4540, 0x000001f1735a4ee0, 0x000001f1735a7a30
}

Java Threads: ( => current thread )
  0x000001f1599fe740 JavaThread "main" [_thread_blocked, id=5568, stack(0x000000b99ab00000,0x000000b99ac00000)]
  0x000001f16d81f730 JavaThread "Reference Handler" daemon [_thread_blocked, id=15916, stack(0x000000b99ae00000,0x000000b99af00000)]
  0x000001f16d822750 JavaThread "Finalizer" daemon [_thread_blocked, id=7132, stack(0x000000b99af00000,0x000000b99b000000)]
  0x000001f16d84a290 JavaThread "Signal Dispatcher" daemon [_thread_blocked, id=16032, stack(0x000000b99b000000,0x000000b99b100000)]
  0x000001f16d84b7b0 JavaThread "Attach Listener" daemon [_thread_blocked, id=12884, stack(0x000000b99b100000,0x000000b99b200000)]
  0x000001f16d84e0e0 JavaThread "Service Thread" daemon [_thread_blocked, id=12120, stack(0x000000b99b200000,0x000000b99b300000)]
  0x000001f16d855c70 JavaThread "Monitor Deflation Thread" daemon [_thread_blocked, id=11004, stack(0x000000b99b300000,0x000000b99b400000)]
=>0x000001f16d857000 JavaThread "C2 CompilerThread0" daemon [_thread_in_native, id=11980, stack(0x000000b99b400000,0x000000b99b500000)]
  0x000001f16d8584b0 JavaThread "C1 CompilerThread0" daemon [_thread_blocked, id=3684, stack(0x000000b99b500000,0x000000b99b600000)]
  0x000001f16d861d20 JavaThread "Sweeper thread" daemon [_thread_blocked, id=10152, stack(0x000000b99b600000,0x000000b99b700000)]
  0x000001f172a764d0 JavaThread "Common-Cleaner" daemon [_thread_blocked, id=17296, stack(0x000000b99b700000,0x000000b99b800000)]
  0x000001f172c58d70 JavaThread "Notification Thread" daemon [_thread_blocked, id=12196, stack(0x000000b99b800000,0x000000b99b900000)]
  0x000001f173556060 JavaThread "Active Thread: Equinox Container: 3a133183-5fbb-49ef-b3ce-be4ddceaba7e" [_thread_blocked, id=13332, stack(0x000000b99bd00000,0x000000b99be00000)]
  0x000001f1733a8b60 JavaThread "Framework Event Dispatcher: Equinox Container: 3a133183-5fbb-49ef-b3ce-be4ddceaba7e" daemon [_thread_blocked, id=6548, stack(0x000000b99be00000,0x000000b99bf00000)]
  0x000001f1733b8b30 JavaThread "Start Level: Equinox Container: 3a133183-5fbb-49ef-b3ce-be4ddceaba7e" daemon [_thread_blocked, id=14932, stack(0x000000b99bf00000,0x000000b99c000000)]
  0x000001f17373e020 JavaThread "SCR Component Actor" daemon [_thread_blocked, id=17260, stack(0x000000b99c000000,0x000000b99c100000)]
  0x000001f1729e7020 JavaThread "Worker-JM" [_thread_blocked, id=12740, stack(0x000000b99c200000,0x000000b99c300000)]
  0x000001f173367330 JavaThread "Worker-0" [_thread_blocked, id=13776, stack(0x000000b99c300000,0x000000b99c400000)]
  0x000001f1735a7560 JavaThread "Worker-1" [_thread_blocked, id=14456, stack(0x000000b99c400000,0x000000b99c500000)]
  0x000001f1735a5880 JavaThread "Java indexing" daemon [_thread_blocked, id=9112, stack(0x000000b99c500000,0x000000b99c600000)]
  0x000001f1735a5d50 JavaThread "Worker-2: Initialize Workspace" [_thread_in_Java, id=9184, stack(0x000000b99c600000,0x000000b99c700000)]
  0x000001f1735a4a10 JavaThread "Worker-3" [_thread_blocked, id=11132, stack(0x000000b99c700000,0x000000b99c800000)]
  0x000001f1735a4070 JavaThread "JNA Cleaner" daemon [_thread_blocked, id=5180, stack(0x000000b99c800000,0x000000b99c900000)]
  0x000001f1735a66f0 JavaThread "pool-2-thread-1" [_thread_blocked, id=10536, stack(0x000000b99cb00000,0x000000b99cc00000)]
  0x000001f1735a4540 JavaThread "pool-1-thread-1" [_thread_blocked, id=14356, stack(0x000000b99cc00000,0x000000b99cd00000)]
  0x000001f1735a4ee0 JavaThread "Worker-4" [_thread_blocked, id=11820, stack(0x000000b99c100000,0x000000b99c200000)]
  0x000001f1735a7a30 JavaThread "Worker-5" [_thread_blocked, id=8996, stack(0x000000b99cd00000,0x000000b99ce00000)]

Other Threads:
  0x000001f16d7271c0 VMThread "VM Thread" [stack: 0x000000b99ad00000,0x000000b99ae00000] [id=2652]
  0x000001f172c5aac0 WatcherThread [stack: 0x000000b99b900000,0x000000b99ba00000] [id=8808]
  0x000001f159a14500 GCTaskThread "GC Thread#0" [stack: 0x000000b99ac00000,0x000000b99ad00000] [id=11972]
  0x000001f173251030 GCTaskThread "GC Thread#1" [stack: 0x000000b99ba00000,0x000000b99bb00000] [id=9204]
  0x000001f173323c30 GCTaskThread "GC Thread#2" [stack: 0x000000b99bb00000,0x000000b99bc00000] [id=5144]
  0x000001f17304a030 GCTaskThread "GC Thread#3" [stack: 0x000000b99bc00000,0x000000b99bd00000] [id=1036]

Threads with active compile tasks:
C2 CompilerThread0    22784 5135       4       jdk.internal.jimage.ImageReader$SharedImageReader::lambda$handleModulesSubTree$1 (58 bytes)

VM state: not at safepoint (normal execution)

VM Mutex/Monitor currently owned by a thread: None

Heap address: 0x00000000c0000000, size: 1024 MB, Compressed Oops mode: 32-bit

CDS archive(s) not mapped
Compressed class space mapped at: 0x0000000100000000-0x0000000140000000, reserved size: 1073741824
Narrow klass base: 0x0000000000000000, Narrow klass shift: 3, Narrow klass range: 0x140000000

GC Precious Log:
 CPUs: 4 total, 4 available
 Memory: 3659M
 Large Page Support: Disabled
 NUMA Support: Disabled
 Compressed Oops: Enabled (32-bit)
 Alignments: Space 512K, Generation 512K, Heap 2M
 Heap Min Capacity: 100M
 Heap Initial Capacity: 100M
 Heap Max Capacity: 1G
 Pre-touch: Disabled
 Parallel Workers: 4

Heap:
 PSYoungGen      total 24064K, used 23484K [0x00000000eab00000, 0x00000000ec480000, 0x0000000100000000)
  eden space 22016K, 98% used [0x00000000eab00000,0x00000000ec0273c0,0x00000000ec080000)
  from space 2048K, 89% used [0x00000000ec080000,0x00000000ec248000,0x00000000ec280000)
  to   space 2048K, 0% used [0x00000000ec280000,0x00000000ec280000,0x00000000ec480000)
 ParOldGen       total 68608K, used 23063K [0x00000000c0000000, 0x00000000c4300000, 0x00000000eab00000)
  object space 68608K, 33% used [0x00000000c0000000,0x00000000c1685ea8,0x00000000c4300000)
 Metaspace       used 48709K, committed 49536K, reserved 1114112K
  class space    used 5321K, committed 5696K, reserved 1048576K

Card table byte_map: [0x000001f1593e0000,0x000001f1595f0000] _byte_map_base: 0x000001f158de0000

Marking Bits: (ParMarkBitMap*) 0x00007ffcc61052c0
 Begin Bits: [0x000001f16b690000, 0x000001f16c690000)
 End Bits:   [0x000001f16c690000, 0x000001f16d690000)

Polling page: 0x000001f1591d0000

Metaspace:

Usage:
  Non-class:     42.37 MB used.
      Class:      5.20 MB used.
       Both:     47.57 MB used.

Virtual space:
  Non-class space:       64.00 MB reserved,      42.81 MB ( 67%) committed,  1 nodes.
      Class space:        1.00 GB reserved,       5.56 MB ( <1%) committed,  1 nodes.
             Both:        1.06 GB reserved,      48.38 MB (  4%) committed. 

Chunk freelists:
   Non-Class:  5.12 MB
       Class:  10.38 MB
        Both:  15.50 MB

MaxMetaspaceSize: unlimited
CompressedClassSpaceSize: 1.00 GB
Initial GC threshold: 21.00 MB
Current GC threshold: 58.38 MB
CDS: off
MetaspaceReclaimPolicy: balanced
 - commit_granule_bytes: 65536.
 - commit_granule_words: 8192.
 - virtual_space_node_default_size: 8388608.
 - enlarge_chunks_in_place: 1.
 - new_chunks_are_fully_committed: 0.
 - uncommit_free_chunks: 1.
 - use_allocation_guard: 0.
 - handle_deallocations: 1.


Internal statistics:

num_allocs_failed_limit: 8.
num_arena_births: 356.
num_arena_deaths: 14.
num_vsnodes_births: 2.
num_vsnodes_deaths: 0.
num_space_committed: 774.
num_space_uncommitted: 0.
num_chunks_returned_to_freelist: 22.
num_chunks_taken_from_freelist: 2144.
num_chunk_merges: 9.
num_chunk_splits: 1346.
num_chunks_enlarged: 816.
num_inconsistent_stats: 0.

CodeHeap 'non-profiled nmethods': size=120000Kb used=2471Kb max_used=2471Kb free=117528Kb
 bounds [0x000001f164160000, 0x000001f1643d0000, 0x000001f16b690000]
CodeHeap 'profiled nmethods': size=120000Kb used=10701Kb max_used=10701Kb free=109298Kb
 bounds [0x000001f15c690000, 0x000001f15d110000, 0x000001f163bc0000]
CodeHeap 'non-nmethods': size=5760Kb used=1277Kb max_used=1321Kb free=4482Kb
 bounds [0x000001f163bc0000, 0x000001f163e30000, 0x000001f164160000]
 total_blobs=5737 nmethods=5136 adapters=515
 compilation: enabled
              stopped_count=0, restarted_count=0
 full_count=0

Compilation events (20 events):
Event: 21.926 Thread 0x000001f16d857000 nmethod 5132 0x000001f1643b8390 code [0x000001f1643b8500, 0x000001f1643b8598]
Event: 21.926 Thread 0x000001f16d857000 5130       4       jdk.internal.jimage.ImageReader$SharedImageReader$$Lambda$303/0x0000000100579488::visit (13 bytes)
Event: 22.143 Thread 0x000001f16d857000 nmethod 5130 0x000001f1643b8690 code [0x000001f1643b8a00, 0x000001f1643bb8e8]
Event: 22.145 Thread 0x000001f16d857000 5144       4       org.eclipse.jdt.internal.core.util.HashtableOfArrayToObject::get (69 bytes)
Event: 22.174 Thread 0x000001f16d857000 nmethod 5144 0x000001f1643bdc10 code [0x000001f1643bddc0, 0x000001f1643be538]
Event: 22.175 Thread 0x000001f16d857000 5141       4       org.eclipse.jdt.internal.core.JarPackageFragmentRoot::initRawPackageInfo (349 bytes)
Event: 22.485 Thread 0x000001f16d857000 nmethod 5141 0x000001f1643bea90 code [0x000001f1643bee40, 0x000001f1643c2c20]
Event: 22.487 Thread 0x000001f16d857000 5139       4       jdk.internal.jrtfs.JrtPath::subpath (129 bytes)
Event: 22.553 Thread 0x000001f16d857000 nmethod 5139 0x000001f1643c5090 code [0x000001f1643c52e0, 0x000001f1643c67a8]
Event: 22.553 Thread 0x000001f16d857000 5140       4       jdk.internal.jrtfs.JrtPath::subpath (7 bytes)
Event: 22.554 Thread 0x000001f16d857000 nmethod 5140 0x000001f1643c7610 code [0x000001f1643c77a0, 0x000001f1643c7848]
Event: 22.555 Thread 0x000001f16d857000 5134       4       org.eclipse.jdt.internal.compiler.util.JrtFileSystem$2::visitFile (72 bytes)
Event: 22.585 Thread 0x000001f16d857000 nmethod 5134 0x000001f1643c7910 code [0x000001f1643c7b40, 0x000001f1643c8680]
Event: 22.585 Thread 0x000001f16d857000 5145       4       org.eclipse.jdt.internal.compiler.util.JrtFileSystem$2::visitFile (10 bytes)
Event: 22.586 Thread 0x000001f16d857000 nmethod 5145 0x000001f1643c9090 code [0x000001f1643c9220, 0x000001f1643c9308]
Event: 22.586 Thread 0x000001f16d857000 5146       4       org.eclipse.jdt.internal.core.JrtPackageFragmentRoot$1::visitFile (14 bytes)
Event: 22.589 Thread 0x000001f16d857000 nmethod 5146 0x000001f1643c9410 code [0x000001f1643c95a0, 0x000001f1643c9708]
Event: 22.589 Thread 0x000001f16d857000 5147       4       org.eclipse.jdt.internal.core.JrtPackageFragmentRoot$1::visitFile (24 bytes)
Event: 22.591 Thread 0x000001f16d857000 nmethod 5147 0x000001f1643c9910 code [0x000001f1643c9aa0, 0x000001f1643c9ba8]
Event: 22.591 Thread 0x000001f16d857000 5135       4       jdk.internal.jimage.ImageReader$SharedImageReader::lambda$handleModulesSubTree$1 (58 bytes)

GC Heap History (20 events):
Event: 11.704 GC heap before
{Heap before GC invocations=10 (full 1):
 PSYoungGen      total 26624K, used 13554K [0x00000000eab00000, 0x00000000ecb00000, 0x0000000100000000)
  eden space 23552K, 44% used [0x00000000eab00000,0x00000000eb53f450,0x00000000ec200000)
  from space 3072K, 99% used [0x00000000ec680000,0x00000000ec97d430,0x00000000ec980000)
  to   space 4608K, 0% used [0x00000000ec200000,0x00000000ec200000,0x00000000ec680000)
 ParOldGen       total 68608K, used 8990K [0x00000000c0000000, 0x00000000c4300000, 0x00000000eab00000)
  object space 68608K, 13% used [0x00000000c0000000,0x00000000c08c7960,0x00000000c4300000)
 Metaspace       used 35203K, committed 35840K, reserved 1114112K
  class space    used 3622K, committed 3904K, reserved 1048576K
}
Event: 11.710 GC heap after
{Heap after GC invocations=10 (full 1):
 PSYoungGen      total 25600K, used 1726K [0x00000000eab00000, 0x00000000ec800000, 0x0000000100000000)
  eden space 23552K, 0% used [0x00000000eab00000,0x00000000eab00000,0x00000000ec200000)
  from space 2048K, 84% used [0x00000000ec200000,0x00000000ec3af810,0x00000000ec400000)
  to   space 3072K, 0% used [0x00000000ec500000,0x00000000ec500000,0x00000000ec800000)
 ParOldGen       total 68608K, used 10858K [0x00000000c0000000, 0x00000000c4300000, 0x00000000eab00000)
  object space 68608K, 15% used [0x00000000c0000000,0x00000000c0a9ab28,0x00000000c4300000)
 Metaspace       used 35203K, committed 35840K, reserved 1114112K
  class space    used 3622K, committed 3904K, reserved 1048576K
}
Event: 11.710 GC heap before
{Heap before GC invocations=11 (full 2):
 PSYoungGen      total 25600K, used 1726K [0x00000000eab00000, 0x00000000ec800000, 0x0000000100000000)
  eden space 23552K, 0% used [0x00000000eab00000,0x00000000eab00000,0x00000000ec200000)
  from space 2048K, 84% used [0x00000000ec200000,0x00000000ec3af810,0x00000000ec400000)
  to   space 3072K, 0% used [0x00000000ec500000,0x00000000ec500000,0x00000000ec800000)
 ParOldGen       total 68608K, used 10858K [0x00000000c0000000, 0x00000000c4300000, 0x00000000eab00000)
  object space 68608K, 15% used [0x00000000c0000000,0x00000000c0a9ab28,0x00000000c4300000)
 Metaspace       used 35203K, committed 35840K, reserved 1114112K
  class space    used 3622K, committed 3904K, reserved 1048576K
}
Event: 11.762 GC heap after
{Heap after GC invocations=11 (full 2):
 PSYoungGen      total 25600K, used 0K [0x00000000eab00000, 0x00000000ec800000, 0x0000000100000000)
  eden space 23552K, 0% used [0x00000000eab00000,0x00000000eab00000,0x00000000ec200000)
  from space 2048K, 0% used [0x00000000ec200000,0x00000000ec200000,0x00000000ec400000)
  to   space 3072K, 0% used [0x00000000ec500000,0x00000000ec500000,0x00000000ec800000)
 ParOldGen       total 68608K, used 12212K [0x00000000c0000000, 0x00000000c4300000, 0x00000000eab00000)
  object space 68608K, 17% used [0x00000000c0000000,0x00000000c0bed340,0x00000000c4300000)
 Metaspace       used 35203K, committed 35840K, reserved 1114112K
  class space    used 3622K, committed 3904K, reserved 1048576K
}
Event: 12.754 GC heap before
{Heap before GC invocations=12 (full 2):
 PSYoungGen      total 25600K, used 23552K [0x00000000eab00000, 0x00000000ec800000, 0x0000000100000000)
  eden space 23552K, 100% used [0x00000000eab00000,0x00000000ec200000,0x00000000ec200000)
  from space 2048K, 0% used [0x00000000ec200000,0x00000000ec200000,0x00000000ec400000)
  to   space 3072K, 0% used [0x00000000ec500000,0x00000000ec500000,0x00000000ec800000)
 ParOldGen       total 68608K, used 12212K [0x00000000c0000000, 0x00000000c4300000, 0x00000000eab00000)
  object space 68608K, 17% used [0x00000000c0000000,0x00000000c0bed340,0x00000000c4300000)
 Metaspace       used 38027K, committed 38784K, reserved 1114112K
  class space    used 3977K, committed 4288K, reserved 1048576K
}
Event: 12.758 GC heap after
{Heap after GC invocations=12 (full 2):
 PSYoungGen      total 24064K, used 981K [0x00000000eab00000, 0x00000000ec600000, 0x0000000100000000)
  eden space 23040K, 0% used [0x00000000eab00000,0x00000000eab00000,0x00000000ec180000)
  from space 1024K, 95% used [0x00000000ec500000,0x00000000ec5f5668,0x00000000ec600000)
  to   space 1536K, 0% used [0x00000000ec300000,0x00000000ec300000,0x00000000ec480000)
 ParOldGen       total 68608K, used 12220K [0x00000000c0000000, 0x00000000c4300000, 0x00000000eab00000)
  object space 68608K, 17% used [0x00000000c0000000,0x00000000c0bef340,0x00000000c4300000)
 Metaspace       used 38027K, committed 38784K, reserved 1114112K
  class space    used 3977K, committed 4288K, reserved 1048576K
}
Event: 13.501 GC heap before
{Heap before GC invocations=13 (full 2):
 PSYoungGen      total 24064K, used 24021K [0x00000000eab00000, 0x00000000ec600000, 0x0000000100000000)
  eden space 23040K, 100% used [0x00000000eab00000,0x00000000ec180000,0x00000000ec180000)
  from space 1024K, 95% used [0x00000000ec500000,0x00000000ec5f5668,0x00000000ec600000)
  to   space 1536K, 0% used [0x00000000ec300000,0x00000000ec300000,0x00000000ec480000)
 ParOldGen       total 68608K, used 12220K [0x00000000c0000000, 0x00000000c4300000, 0x00000000eab00000)
  object space 68608K, 17% used [0x00000000c0000000,0x00000000c0bef340,0x00000000c4300000)
 Metaspace       used 41078K, committed 41792K, reserved 1114112K
  class space    used 4402K, committed 4736K, reserved 1048576K
}
Event: 13.506 GC heap after
{Heap after GC invocations=13 (full 2):
 PSYoungGen      total 24064K, used 1120K [0x00000000eab00000, 0x00000000ec580000, 0x0000000100000000)
  eden space 22528K, 0% used [0x00000000eab00000,0x00000000eab00000,0x00000000ec100000)
  from space 1536K, 72% used [0x00000000ec300000,0x00000000ec418000,0x00000000ec480000)
  to   space 1024K, 0% used [0x00000000ec480000,0x00000000ec480000,0x00000000ec580000)
 ParOldGen       total 68608K, used 13091K [0x00000000c0000000, 0x00000000c4300000, 0x00000000eab00000)
  object space 68608K, 19% used [0x00000000c0000000,0x00000000c0cc8f60,0x00000000c4300000)
 Metaspace       used 41078K, committed 41792K, reserved 1114112K
  class space    used 4402K, committed 4736K, reserved 1048576K
}
Event: 15.748 GC heap before
{Heap before GC invocations=14 (full 2):
 PSYoungGen      total 24064K, used 23648K [0x00000000eab00000, 0x00000000ec580000, 0x0000000100000000)
  eden space 22528K, 100% used [0x00000000eab00000,0x00000000ec100000,0x00000000ec100000)
  from space 1536K, 72% used [0x00000000ec300000,0x00000000ec418000,0x00000000ec480000)
  to   space 1024K, 0% used [0x00000000ec480000,0x00000000ec480000,0x00000000ec580000)
 ParOldGen       total 68608K, used 13091K [0x00000000c0000000, 0x00000000c4300000, 0x00000000eab00000)
  object space 68608K, 19% used [0x00000000c0000000,0x00000000c0cc8f60,0x00000000c4300000)
 Metaspace       used 44242K, committed 44992K, reserved 1114112K
  class space    used 4805K, committed 5184K, reserved 1048576K
}
Event: 15.754 GC heap after
{Heap after GC invocations=14 (full 2):
 PSYoungGen      total 23040K, used 1024K [0x00000000eab00000, 0x00000000ec680000, 0x0000000100000000)
  eden space 22016K, 0% used [0x00000000eab00000,0x00000000eab00000,0x00000000ec080000)
  from space 1024K, 100% used [0x00000000ec480000,0x00000000ec580000,0x00000000ec580000)
  to   space 3072K, 0% used [0x00000000ec080000,0x00000000ec080000,0x00000000ec380000)
 ParOldGen       total 68608K, used 14530K [0x00000000c0000000, 0x00000000c4300000, 0x00000000eab00000)
  object space 68608K, 21% used [0x00000000c0000000,0x00000000c0e30960,0x00000000c4300000)
 Metaspace       used 44242K, committed 44992K, reserved 1114112K
  class space    used 4805K, committed 5184K, reserved 1048576K
}
Event: 17.837 GC heap before
{Heap before GC invocations=15 (full 2):
 PSYoungGen      total 23040K, used 23040K [0x00000000eab00000, 0x00000000ec680000, 0x0000000100000000)
  eden space 22016K, 100% used [0x00000000eab00000,0x00000000ec080000,0x00000000ec080000)
  from space 1024K, 100% used [0x00000000ec480000,0x00000000ec580000,0x00000000ec580000)
  to   space 3072K, 0% used [0x00000000ec080000,0x00000000ec080000,0x00000000ec380000)
 ParOldGen       total 68608K, used 14530K [0x00000000c0000000, 0x00000000c4300000, 0x00000000eab00000)
  object space 68608K, 21% used [0x00000000c0000000,0x00000000c0e30960,0x00000000c4300000)
 Metaspace       used 46639K, committed 47424K, reserved 1114112K
  class space    used 5093K, committed 5440K, reserved 1048576K
}
Event: 17.845 GC heap after
{Heap after GC invocations=15 (full 2):
 PSYoungGen      total 24064K, used 1896K [0x00000000eab00000, 0x00000000ec580000, 0x0000000100000000)
  eden space 22016K, 0% used [0x00000000eab00000,0x00000000eab00000,0x00000000ec080000)
  from space 2048K, 92% used [0x00000000ec080000,0x00000000ec25a160,0x00000000ec280000)
  to   space 2560K, 0% used [0x00000000ec300000,0x00000000ec300000,0x00000000ec580000)
 ParOldGen       total 68608K, used 15538K [0x00000000c0000000, 0x00000000c4300000, 0x00000000eab00000)
  object space 68608K, 22% used [0x00000000c0000000,0x00000000c0f2c970,0x00000000c4300000)
 Metaspace       used 46639K, committed 47424K, reserved 1114112K
  class space    used 5093K, committed 5440K, reserved 1048576K
}
Event: 20.228 GC heap before
{Heap before GC invocations=16 (full 2):
 PSYoungGen      total 24064K, used 23912K [0x00000000eab00000, 0x00000000ec580000, 0x0000000100000000)
  eden space 22016K, 100% used [0x00000000eab00000,0x00000000ec080000,0x00000000ec080000)
  from space 2048K, 92% used [0x00000000ec080000,0x00000000ec25a160,0x00000000ec280000)
  to   space 2560K, 0% used [0x00000000ec300000,0x00000000ec300000,0x00000000ec580000)
 ParOldGen       total 68608K, used 15538K [0x00000000c0000000, 0x00000000c4300000, 0x00000000eab00000)
  object space 68608K, 22% used [0x00000000c0000000,0x00000000c0f2c970,0x00000000c4300000)
 Metaspace       used 48556K, committed 49472K, reserved 1114112K
  class space    used 5303K, committed 5696K, reserved 1048576K
}
Event: 20.234 GC heap after
{Heap after GC invocations=16 (full 2):
 PSYoungGen      total 24064K, used 1632K [0x00000000eab00000, 0x00000000ec500000, 0x0000000100000000)
  eden space 22016K, 0% used [0x00000000eab00000,0x00000000eab00000,0x00000000ec080000)
  from space 2048K, 79% used [0x00000000ec300000,0x00000000ec498020,0x00000000ec500000)
  to   space 2048K, 0% used [0x00000000ec080000,0x00000000ec080000,0x00000000ec280000)
 ParOldGen       total 68608K, used 17375K [0x00000000c0000000, 0x00000000c4300000, 0x00000000eab00000)
  object space 68608K, 25% used [0x00000000c0000000,0x00000000c10f7d08,0x00000000c4300000)
 Metaspace       used 48556K, committed 49472K, reserved 1114112K
  class space    used 5303K, committed 5696K, reserved 1048576K
}
Event: 20.910 GC heap before
{Heap before GC invocations=17 (full 2):
 PSYoungGen      total 24064K, used 23648K [0x00000000eab00000, 0x00000000ec500000, 0x0000000100000000)
  eden space 22016K, 100% used [0x00000000eab00000,0x00000000ec080000,0x00000000ec080000)
  from space 2048K, 79% used [0x00000000ec300000,0x00000000ec498020,0x00000000ec500000)
  to   space 2048K, 0% used [0x00000000ec080000,0x00000000ec080000,0x00000000ec280000)
 ParOldGen       total 68608K, used 17375K [0x00000000c0000000, 0x00000000c4300000, 0x00000000eab00000)
  object space 68608K, 25% used [0x00000000c0000000,0x00000000c10f7d08,0x00000000c4300000)
 Metaspace       used 48631K, committed 49536K, reserved 1114112K
  class space    used 5309K, committed 5696K, reserved 1048576K
}
Event: 20.915 GC heap after
{Heap after GC invocations=17 (full 2):
 PSYoungGen      total 24064K, used 1888K [0x00000000eab00000, 0x00000000ec480000, 0x0000000100000000)
  eden space 22016K, 0% used [0x00000000eab00000,0x00000000eab00000,0x00000000ec080000)
  from space 2048K, 92% used [0x00000000ec080000,0x00000000ec258010,0x00000000ec280000)
  to   space 2048K, 0% used [0x00000000ec280000,0x00000000ec280000,0x00000000ec480000)
 ParOldGen       total 68608K, used 18938K [0x00000000c0000000, 0x00000000c4300000, 0x00000000eab00000)
  object space 68608K, 27% used [0x00000000c0000000,0x00000000c127eb30,0x00000000c4300000)
 Metaspace       used 48631K, committed 49536K, reserved 1114112K
  class space    used 5309K, committed 5696K, reserved 1048576K
}
Event: 21.566 GC heap before
{Heap before GC invocations=18 (full 2):
 PSYoungGen      total 24064K, used 23904K [0x00000000eab00000, 0x00000000ec480000, 0x0000000100000000)
  eden space 22016K, 100% used [0x00000000eab00000,0x00000000ec080000,0x00000000ec080000)
  from space 2048K, 92% used [0x00000000ec080000,0x00000000ec258010,0x00000000ec280000)
  to   space 2048K, 0% used [0x00000000ec280000,0x00000000ec280000,0x00000000ec480000)
 ParOldGen       total 68608K, used 18938K [0x00000000c0000000, 0x00000000c4300000, 0x00000000eab00000)
  object space 68608K, 27% used [0x00000000c0000000,0x00000000c127eb30,0x00000000c4300000)
 Metaspace       used 48657K, committed 49536K, reserved 1114112K
  class space    used 5309K, committed 5696K, reserved 1048576K
}
Event: 21.571 GC heap after
{Heap after GC invocations=18 (full 2):
 PSYoungGen      total 24064K, used 1888K [0x00000000eab00000, 0x00000000ec480000, 0x0000000100000000)
  eden space 22016K, 0% used [0x00000000eab00000,0x00000000eab00000,0x00000000ec080000)
  from space 2048K, 92% used [0x00000000ec280000,0x00000000ec458010,0x00000000ec480000)
  to   space 2048K, 0% used [0x00000000ec080000,0x00000000ec080000,0x00000000ec280000)
 ParOldGen       total 68608K, used 20698K [0x00000000c0000000, 0x00000000c4300000, 0x00000000eab00000)
  object space 68608K, 30% used [0x00000000c0000000,0x00000000c1436b30,0x00000000c4300000)
 Metaspace       used 48657K, committed 49536K, reserved 1114112K
  class space    used 5309K, committed 5696K, reserved 1048576K
}
Event: 21.995 GC heap before
{Heap before GC invocations=19 (full 2):
 PSYoungGen      total 24064K, used 23904K [0x00000000eab00000, 0x00000000ec480000, 0x0000000100000000)
  eden space 22016K, 100% used [0x00000000eab00000,0x00000000ec080000,0x00000000ec080000)
  from space 2048K, 92% used [0x00000000ec280000,0x00000000ec458010,0x00000000ec480000)
  to   space 2048K, 0% used [0x00000000ec080000,0x00000000ec080000,0x00000000ec280000)
 ParOldGen       total 68608K, used 20698K [0x00000000c0000000, 0x00000000c4300000, 0x00000000eab00000)
  object space 68608K, 30% used [0x00000000c0000000,0x00000000c1436b30,0x00000000c4300000)
 Metaspace       used 48708K, committed 49536K, reserved 1114112K
  class space    used 5321K, committed 5696K, reserved 1048576K
}
Event: 22.000 GC heap after
{Heap after GC invocations=19 (full 2):
 PSYoungGen      total 24064K, used 1824K [0x00000000eab00000, 0x00000000ec480000, 0x0000000100000000)
  eden space 22016K, 0% used [0x00000000eab00000,0x00000000eab00000,0x00000000ec080000)
  from space 2048K, 89% used [0x00000000ec080000,0x00000000ec248000,0x00000000ec280000)
  to   space 2048K, 0% used [0x00000000ec280000,0x00000000ec280000,0x00000000ec480000)
 ParOldGen       total 68608K, used 23063K [0x00000000c0000000, 0x00000000c4300000, 0x00000000eab00000)
  object space 68608K, 33% used [0x00000000c0000000,0x00000000c1685ea8,0x00000000c4300000)
 Metaspace       used 48708K, committed 49536K, reserved 1114112K
  class space    used 5321K, committed 5696K, reserved 1048576K
}

Dll operation events (12 events):
Event: 0.019 Loaded shared library c:\Users\frank\.vscode\extensions\redhat.java-1.18.0-win32-x64\jre\17.0.7-win32-x86_64\bin\java.dll
Event: 0.404 Loaded shared library c:\Users\frank\.vscode\extensions\redhat.java-1.18.0-win32-x64\jre\17.0.7-win32-x86_64\bin\zip.dll
Event: 0.413 Loaded shared library C:\Users\frank\.vscode\extensions\redhat.java-1.18.0-win32-x64\jre\17.0.7-win32-x86_64\bin\instrument.dll
Event: 0.475 Loaded shared library C:\Users\frank\.vscode\extensions\redhat.java-1.18.0-win32-x64\jre\17.0.7-win32-x86_64\bin\net.dll
Event: 0.479 Loaded shared library C:\Users\frank\.vscode\extensions\redhat.java-1.18.0-win32-x64\jre\17.0.7-win32-x86_64\bin\nio.dll
Event: 0.501 Loaded shared library C:\Users\frank\.vscode\extensions\redhat.java-1.18.0-win32-x64\jre\17.0.7-win32-x86_64\bin\zip.dll
Event: 0.550 Loaded shared library C:\Users\frank\.vscode\extensions\redhat.java-1.18.0-win32-x64\jre\17.0.7-win32-x86_64\bin\jimage.dll
Event: 0.749 Loaded shared library c:\Users\frank\.vscode\extensions\redhat.java-1.18.0-win32-x64\jre\17.0.7-win32-x86_64\bin\verify.dll
Event: 5.142 Loaded shared library C:\Users\frank\AppData\Roaming\Code\User\globalStorage\redhat.java\1.18.0\config_win\org.eclipse.equinox.launcher\org.eclipse.equinox.launcher.win32.win32.x86_64_1.2.700.v20221108-1024\eclipse_11801.dll
Event: 7.526 Loaded shared library C:\Users\frank\.vscode\extensions\redhat.java-1.18.0-win32-x64\jre\17.0.7-win32-x86_64\bin\management.dll
Event: 7.533 Loaded shared library C:\Users\frank\.vscode\extensions\redhat.java-1.18.0-win32-x64\jre\17.0.7-win32-x86_64\bin\management_ext.dll
Event: 11.310 Loaded shared library C:\Users\frank\AppData\Local\Temp\jna-97692050\jna5526681608300919203.dll

Deoptimization events (20 events):
Event: 21.764 Thread 0x000001f1735a5d50 Uncommon trap: trap_request=0xffffffbe fr.pc=0x000001f1643b16b0 relative=0x00000000000005f0
Event: 21.764 Thread 0x000001f1735a5d50 Uncommon trap: reason=profile_predicate action=maybe_recompile pc=0x000001f1643b16b0 method=org.eclipse.jdt.internal.core.util.HashtableOfArrayToObject.getKey([Ljava/lang/Object;I)[Ljava/lang/Object; @ 61 c2
Event: 21.764 Thread 0x000001f1735a5d50 DEOPT PACKING pc=0x000001f1643b16b0 sp=0x000000b99c6fe8e0
Event: 21.764 Thread 0x000001f1735a5d50 DEOPT UNPACKING pc=0x000001f163c166a3 sp=0x000000b99c6fe890 mode 2
Event: 22.483 Thread 0x000001f1735a5d50 Uncommon trap: trap_request=0xffffffbe fr.pc=0x000001f1643be34c relative=0x000000000000058c
Event: 22.483 Thread 0x000001f1735a5d50 Uncommon trap: reason=profile_predicate action=maybe_recompile pc=0x000001f1643be34c method=org.eclipse.jdt.internal.core.util.HashtableOfArrayToObject.get([Ljava/lang/Object;)Ljava/lang/Object; @ 64 c2
Event: 22.483 Thread 0x000001f1735a5d50 DEOPT PACKING pc=0x000001f1643be34c sp=0x000000b99c6fe910
Event: 22.483 Thread 0x000001f1735a5d50 DEOPT UNPACKING pc=0x000001f163c166a3 sp=0x000000b99c6fe8c0 mode 2
Event: 22.533 Thread 0x000001f1735a5d50 Uncommon trap: trap_request=0xffffffbe fr.pc=0x000001f1643c181c relative=0x00000000000029dc
Event: 22.533 Thread 0x000001f1735a5d50 Uncommon trap: reason=profile_predicate action=maybe_recompile pc=0x000001f1643c181c method=org.eclipse.jdt.internal.core.util.HashtableOfArrayToObject.get([Ljava/lang/Object;)Ljava/lang/Object; @ 64 c2
Event: 22.533 Thread 0x000001f1735a5d50 DEOPT PACKING pc=0x000001f1643c181c sp=0x000000b99c6fea10
Event: 22.533 Thread 0x000001f1735a5d50 DEOPT UNPACKING pc=0x000001f163c166a3 sp=0x000000b99c6fe960 mode 2
Event: 22.534 Thread 0x000001f1735a5d50 Uncommon trap: trap_request=0xffffffbe fr.pc=0x000001f1643c181c relative=0x00000000000029dc
Event: 22.534 Thread 0x000001f1735a5d50 Uncommon trap: reason=profile_predicate action=maybe_recompile pc=0x000001f1643c181c method=org.eclipse.jdt.internal.core.util.HashtableOfArrayToObject.get([Ljava/lang/Object;)Ljava/lang/Object; @ 64 c2
Event: 22.534 Thread 0x000001f1735a5d50 DEOPT PACKING pc=0x000001f1643c181c sp=0x000000b99c6fea10
Event: 22.534 Thread 0x000001f1735a5d50 DEOPT UNPACKING pc=0x000001f163c166a3 sp=0x000000b99c6fe960 mode 2
Event: 22.535 Thread 0x000001f1735a5d50 Uncommon trap: trap_request=0xffffffbe fr.pc=0x000001f1643be34c relative=0x000000000000058c
Event: 22.535 Thread 0x000001f1735a5d50 Uncommon trap: reason=profile_predicate action=maybe_recompile pc=0x000001f1643be34c method=org.eclipse.jdt.internal.core.util.HashtableOfArrayToObject.get([Ljava/lang/Object;)Ljava/lang/Object; @ 64 c2
Event: 22.535 Thread 0x000001f1735a5d50 DEOPT PACKING pc=0x000001f1643be34c sp=0x000000b99c6fe9a0
Event: 22.535 Thread 0x000001f1735a5d50 DEOPT UNPACKING pc=0x000001f163c166a3 sp=0x000000b99c6fe950 mode 2

Classes unloaded (7 events):
Event: 7.818 Thread 0x000001f16d7271c0 Unloading class 0x0000000100215400 'java/lang/invoke/LambdaForm$MH+0x0000000100215400'
Event: 7.819 Thread 0x000001f16d7271c0 Unloading class 0x0000000100215000 'java/lang/invoke/LambdaForm$MH+0x0000000100215000'
Event: 7.819 Thread 0x000001f16d7271c0 Unloading class 0x0000000100214c00 'java/lang/invoke/LambdaForm$MH+0x0000000100214c00'
Event: 7.819 Thread 0x000001f16d7271c0 Unloading class 0x0000000100214800 'java/lang/invoke/LambdaForm$MH+0x0000000100214800'
Event: 7.819 Thread 0x000001f16d7271c0 Unloading class 0x0000000100214000 'java/lang/invoke/LambdaForm$BMH+0x0000000100214000'
Event: 7.819 Thread 0x000001f16d7271c0 Unloading class 0x0000000100213c00 'java/lang/invoke/LambdaForm$DMH+0x0000000100213c00'
Event: 7.819 Thread 0x000001f16d7271c0 Unloading class 0x0000000100211000 'java/lang/invoke/LambdaForm$DMH+0x0000000100211000'

Classes redefined (0 events):
No events

Internal exceptions (20 events):
Event: 18.775 Thread 0x000001f1735a5d50 Exception <a 'sun/nio/fs/WindowsException'{0x00000000ead71f08}> (0x00000000ead71f08) 
thrown [s\src\hotspot\share\prims\jni.cpp, line 516]
Event: 18.776 Thread 0x000001f1735a5d50 Exception <a 'sun/nio/fs/WindowsException'{0x00000000ead72430}> (0x00000000ead72430) 
thrown [s\src\hotspot\share\prims\jni.cpp, line 516]
Event: 18.776 Thread 0x000001f1735a5d50 Exception <a 'sun/nio/fs/WindowsException'{0x00000000ead72870}> (0x00000000ead72870) 
thrown [s\src\hotspot\share\prims\jni.cpp, line 516]
Event: 18.776 Thread 0x000001f1735a5d50 Exception <a 'sun/nio/fs/WindowsException'{0x00000000ead73030}> (0x00000000ead73030) 
thrown [s\src\hotspot\share\prims\jni.cpp, line 516]
Event: 18.788 Thread 0x000001f1735a5d50 Exception <a 'java/io/FileNotFoundException'{0x00000000ead7c938}> (0x00000000ead7c938) 
thrown [s\src\hotspot\share\prims\jni.cpp, line 516]
Event: 18.805 Thread 0x000001f1735a5d50 Exception <a 'sun/nio/fs/WindowsException'{0x00000000eadc8318}> (0x00000000eadc8318) 
thrown [s\src\hotspot\share\prims\jni.cpp, line 516]
Event: 18.869 Thread 0x000001f1735a5d50 Exception <a 'java/io/FileNotFoundException'{0x00000000eae3c738}> (0x00000000eae3c738) 
thrown [s\src\hotspot\share\prims\jni.cpp, line 516]
Event: 18.899 Thread 0x000001f1735a5d50 Exception <a 'java/io/FileNotFoundException'{0x00000000eae4a570}> (0x00000000eae4a570) 
thrown [s\src\hotspot\share\prims\jni.cpp, line 516]
Event: 18.899 Thread 0x000001f1735a5d50 Exception <a 'java/io/FileNotFoundException'{0x00000000eae4bb40}> (0x00000000eae4bb40) 
thrown [s\src\hotspot\share\prims\jni.cpp, line 516]
Event: 18.912 Thread 0x000001f1735a5d50 Exception <a 'sun/nio/fs/WindowsException'{0x00000000eae59fd8}> (0x00000000eae59fd8) 
thrown [s\src\hotspot\share\prims\jni.cpp, line 516]
Event: 19.303 Thread 0x000001f1735a5d50 Exception <a 'java/lang/NoSuchMethodError'{0x00000000eb05be78}: 'java.lang.Object java.lang.invoke.Invokers$Holder.invoke_MT(java.lang.Object, java.lang.Object, java.lang.Object)'> (0x00000000eb05be78) 
thrown [s\src\hotspot\share\interpreter\linkResolver.cpp, line 759]
Event: 19.529 Thread 0x000001f173367330 Exception <a 'java/lang/ClassNotFoundException'{0x00000000eabb6d28}: com/sun/org/apache/xerces/internal/impl/msg/spi/DOMMessagesProvider> (0x00000000eabb6d28) 
thrown [s\src\hotspot\share\classfile\systemDictionary.cpp, line 256]
Event: 19.533 Thread 0x000001f173367330 Exception <a 'java/lang/ClassNotFoundException'{0x00000000eb212318}: com/sun/org/apache/xerces/internal/impl/msg/spi/XMLSerializerMessagesProvider> (0x00000000eb212318) 
thrown [s\src\hotspot\share\classfile\systemDictionary.cpp, line 256]
Event: 19.538 Thread 0x000001f173367330 Exception <a 'java/lang/ClassNotFoundException'{0x00000000eb22a7b8}: com/sun/org/apache/xerces/internal/impl/msg/spi/XMLMessagesProvider> (0x00000000eb22a7b8) 
thrown [s\src\hotspot\share\classfile\systemDictionary.cpp, line 256]
Event: 19.608 Thread 0x000001f173367330 Exception <a 'java/io/FileNotFoundException'{0x00000000eb43f3b0}> (0x00000000eb43f3b0) 
thrown [s\src\hotspot\share\prims\jni.cpp, line 516]
Event: 19.641 Thread 0x000001f173367330 Exception <a 'java/io/FileNotFoundException'{0x00000000eb5a8708}> (0x00000000eb5a8708) 
thrown [s\src\hotspot\share\prims\jni.cpp, line 516]
Event: 19.704 Thread 0x000001f173367330 Exception <a 'java/io/FileNotFoundException'{0x00000000eb5f29f0}> (0x00000000eb5f29f0) 
thrown [s\src\hotspot\share\prims\jni.cpp, line 516]
Event: 19.709 Thread 0x000001f173367330 Exception <a 'java/io/FileNotFoundException'{0x00000000eb5fbf20}> (0x00000000eb5fbf20) 
thrown [s\src\hotspot\share\prims\jni.cpp, line 516]
Event: 19.717 Thread 0x000001f173367330 Exception <a 'java/io/FileNotFoundException'{0x00000000eb61aa00}> (0x00000000eb61aa00) 
thrown [s\src\hotspot\share\prims\jni.cpp, line 516]
Event: 19.720 Thread 0x000001f173367330 Exception <a 'java/io/FileNotFoundException'{0x00000000eb61bd10}> (0x00000000eb61bd10) 
thrown [s\src\hotspot\share\prims\jni.cpp, line 516]

VM Operations (20 events):
Event: 17.837 Executing VM operation: ParallelGCFailedAllocation
Event: 17.845 Executing VM operation: ParallelGCFailedAllocation done
Event: 18.845 Executing VM operation: Cleanup
Event: 18.846 Executing VM operation: Cleanup done
Event: 19.158 Executing VM operation: HandshakeAllThreads
Event: 19.159 Executing VM operation: HandshakeAllThreads done
Event: 19.260 Executing VM operation: HandshakeAllThreads
Event: 19.260 Executing VM operation: HandshakeAllThreads done
Event: 19.405 Executing VM operation: HandshakeAllThreads
Event: 19.405 Executing VM operation: HandshakeAllThreads done
Event: 19.614 Executing VM operation: HandshakeAllThreads
Event: 19.614 Executing VM operation: HandshakeAllThreads done
Event: 20.228 Executing VM operation: ParallelGCFailedAllocation
Event: 20.234 Executing VM operation: ParallelGCFailedAllocation done
Event: 20.910 Executing VM operation: ParallelGCFailedAllocation
Event: 20.916 Executing VM operation: ParallelGCFailedAllocation done
Event: 21.566 Executing VM operation: ParallelGCFailedAllocation
Event: 21.571 Executing VM operation: ParallelGCFailedAllocation done
Event: 21.995 Executing VM operation: ParallelGCFailedAllocation
Event: 22.000 Executing VM operation: ParallelGCFailedAllocation done

Events (20 events):
Event: 19.615 loading class java/nio/file/FileTreeWalker$EventType
Event: 19.616 loading class java/nio/file/FileTreeWalker$EventType done
Event: 19.616 loading class java/nio/file/Files$3
Event: 19.616 loading class java/nio/file/Files$3 done
Event: 19.616 loading class java/nio/file/FileVisitResult
Event: 19.616 loading class java/nio/file/FileVisitResult done
Event: 19.712 loading class java/util/WeakHashMap$KeyIterator
Event: 19.712 loading class java/util/WeakHashMap$KeyIterator done
Event: 19.813 loading class java/util/Hashtable$KeySet
Event: 19.813 loading class java/util/Hashtable$KeySet done
Event: 19.940 loading class java/util/regex/Pattern$BackRef
Event: 19.940 loading class java/util/regex/Pattern$BackRef done
Event: 19.981 loading class java/lang/ThreadLocal$SuppliedThreadLocal
Event: 19.981 loading class java/lang/ThreadLocal$SuppliedThreadLocal done
Event: 20.089 loading class java/nio/channels/Channels$ReadableByteChannelImpl
Event: 20.090 loading class java/nio/channels/Channels$ReadableByteChannelImpl done
Event: 20.091 loading class java/nio/channels/NonWritableChannelException
Event: 20.091 loading class java/nio/channels/NonWritableChannelException done
Event: 20.092 loading class sun/nio/ch/ChannelInputStream
Event: 20.092 loading class sun/nio/ch/ChannelInputStream done


Dynamic libraries:
0x00007ff602200000 - 0x00007ff60220e000 	c:\Users\frank\.vscode\extensions\redhat.java-1.18.0-win32-x64\jre\17.0.7-win32-x86_64\bin\java.exe
0x00007ffcf93d0000 - 0x00007ffcf95c8000 	C:\Windows\SYSTEM32\ntdll.dll
0x00007ffcf74b0000 - 0x00007ffcf756f000 	C:\Windows\System32\KERNEL32.DLL
0x00007ffcf7090000 - 0x00007ffcf7386000 	C:\Windows\System32\KERNELBASE.dll
0x00007ffcf6ab0000 - 0x00007ffcf6bb0000 	C:\Windows\System32\ucrtbase.dll
0x00007ffceae60000 - 0x00007ffceae79000 	c:\Users\frank\.vscode\extensions\redhat.java-1.18.0-win32-x64\jre\17.0.7-win32-x86_64\bin\VCRUNTIME140.dll
0x00007ffcefe80000 - 0x00007ffcefe97000 	c:\Users\frank\.vscode\extensions\redhat.java-1.18.0-win32-x64\jre\17.0.7-win32-x86_64\bin\jli.dll
0x00007ffcf7c20000 - 0x00007ffcf7dbd000 	C:\Windows\System32\USER32.dll
0x00007ffcf7060000 - 0x00007ffcf7082000 	C:\Windows\System32\win32u.dll
0x00007ffcf7dc0000 - 0x00007ffcf7dec000 	C:\Windows\System32\GDI32.dll
0x00007ffcf6d30000 - 0x00007ffcf6e45000 	C:\Windows\System32\gdi32full.dll
0x00007ffce6470000 - 0x00007ffce670a000 	C:\Windows\WinSxS\amd64_microsoft.windows.common-controls_6595b64144ccf1df_6.0.19041.1110_none_60b5254171f9507e\COMCTL32.dll
0x00007ffcf9080000 - 0x00007ffcf911e000 	C:\Windows\System32\msvcrt.dll
0x00007ffcf6c00000 - 0x00007ffcf6c9d000 	C:\Windows\System32\msvcp_win.dll
0x00007ffcf7570000 - 0x00007ffcf75a0000 	C:\Windows\System32\IMM32.DLL
0x00007ffcf22d0000 - 0x00007ffcf22dc000 	c:\Users\frank\.vscode\extensions\redhat.java-1.18.0-win32-x64\jre\17.0.7-win32-x86_64\bin\vcruntime140_1.dll
0x00007ffceadc0000 - 0x00007ffceae51000 	c:\Users\frank\.vscode\extensions\redhat.java-1.18.0-win32-x64\jre\17.0.7-win32-x86_64\bin\msvcp140.dll
0x00007ffcc5580000 - 0x00007ffcc61c8000 	c:\Users\frank\.vscode\extensions\redhat.java-1.18.0-win32-x64\jre\17.0.7-win32-x86_64\bin\server\jvm.dll
0x00007ffcf8f20000 - 0x00007ffcf8fcf000 	C:\Windows\System32\ADVAPI32.dll
0x00007ffcf7b80000 - 0x00007ffcf7c1c000 	C:\Windows\System32\sechost.dll
0x00007ffcf91f0000 - 0x00007ffcf9316000 	C:\Windows\System32\RPCRT4.dll
0x00007ffce39b0000 - 0x00007ffce39b9000 	C:\Windows\SYSTEM32\WSOCK32.dll
0x00007ffce32d0000 - 0x00007ffce32f7000 	C:\Windows\SYSTEM32\WINMM.dll
0x00007ffcf9320000 - 0x00007ffcf938b000 	C:\Windows\System32\WS2_32.dll
0x00007ffce9210000 - 0x00007ffce921a000 	C:\Windows\SYSTEM32\VERSION.dll
0x00007ffcf4930000 - 0x00007ffcf4942000 	C:\Windows\SYSTEM32\kernel.appcore.dll
0x00007ffcf0200000 - 0x00007ffcf020a000 	c:\Users\frank\.vscode\extensions\redhat.java-1.18.0-win32-x64\jre\17.0.7-win32-x86_64\bin\jimage.dll
0x00007ffce6710000 - 0x00007ffce68f4000 	C:\Windows\SYSTEM32\DBGHELP.DLL
0x00007ffce9080000 - 0x00007ffce90b4000 	C:\Windows\SYSTEM32\dbgcore.DLL
0x00007ffcf6ca0000 - 0x00007ffcf6d22000 	C:\Windows\System32\bcryptPrimitives.dll
0x00007ffcefe70000 - 0x00007ffcefe7e000 	c:\Users\frank\.vscode\extensions\redhat.java-1.18.0-win32-x64\jre\17.0.7-win32-x86_64\bin\instrument.dll
0x00007ffcead90000 - 0x00007ffceadb5000 	c:\Users\frank\.vscode\extensions\redhat.java-1.18.0-win32-x64\jre\17.0.7-win32-x86_64\bin\java.dll
0x00007ffceacf0000 - 0x00007ffcead08000 	c:\Users\frank\.vscode\extensions\redhat.java-1.18.0-win32-x64\jre\17.0.7-win32-x86_64\bin\zip.dll
0x00007ffcf7e70000 - 0x00007ffcf85b4000 	C:\Windows\System32\SHELL32.dll
0x00007ffcf4b30000 - 0x00007ffcf52c3000 	C:\Windows\SYSTEM32\windows.storage.dll
0x00007ffcf7810000 - 0x00007ffcf7b64000 	C:\Windows\System32\combase.dll
0x00007ffcf6350000 - 0x00007ffcf637e000 	C:\Windows\SYSTEM32\Wldp.dll
0x00007ffcf75a0000 - 0x00007ffcf764d000 	C:\Windows\System32\SHCORE.dll
0x00007ffcf8ce0000 - 0x00007ffcf8d35000 	C:\Windows\System32\shlwapi.dll
0x00007ffcf69f0000 - 0x00007ffcf6a0f000 	C:\Windows\SYSTEM32\profapi.dll
0x00007ffceacd0000 - 0x00007ffceace9000 	C:\Users\frank\.vscode\extensions\redhat.java-1.18.0-win32-x64\jre\17.0.7-win32-x86_64\bin\net.dll
0x00007ffcebe00000 - 0x00007ffcebf0a000 	C:\Windows\SYSTEM32\WINHTTP.dll
0x00007ffcf6130000 - 0x00007ffcf619a000 	C:\Windows\system32\mswsock.dll
0x00007ffce8950000 - 0x00007ffce8965000 	C:\Users\frank\.vscode\extensions\redhat.java-1.18.0-win32-x64\jre\17.0.7-win32-x86_64\bin\nio.dll
0x00007ffceefe0000 - 0x00007ffceeff0000 	c:\Users\frank\.vscode\extensions\redhat.java-1.18.0-win32-x64\jre\17.0.7-win32-x86_64\bin\verify.dll
0x00007ffce1bb0000 - 0x00007ffce1bee000 	C:\Users\frank\AppData\Roaming\Code\User\globalStorage\redhat.java\1.18.0\config_win\org.eclipse.equinox.launcher\org.eclipse.equinox.launcher.win32.win32.x86_64_1.2.700.v20221108-1024\eclipse_11801.dll
0x00007ffcf8a90000 - 0x00007ffcf8bba000 	C:\Windows\System32\ole32.dll
0x00007ffcf23d0000 - 0x00007ffcf23d9000 	C:\Users\frank\.vscode\extensions\redhat.java-1.18.0-win32-x64\jre\17.0.7-win32-x86_64\bin\management.dll
0x00007ffcf23c0000 - 0x00007ffcf23cb000 	C:\Users\frank\.vscode\extensions\redhat.java-1.18.0-win32-x64\jre\17.0.7-win32-x86_64\bin\management_ext.dll
0x00007ffcf8d40000 - 0x00007ffcf8d48000 	C:\Windows\System32\PSAPI.DLL
0x00007ffcf6690000 - 0x00007ffcf66a8000 	C:\Windows\SYSTEM32\CRYPTSP.dll
0x00007ffcf5a70000 - 0x00007ffcf5aa4000 	C:\Windows\system32\rsaenh.dll
0x00007ffcf7390000 - 0x00007ffcf73b7000 	C:\Windows\System32\bcrypt.dll
0x00007ffcf6970000 - 0x00007ffcf699e000 	C:\Windows\SYSTEM32\USERENV.dll
0x00007ffcf62c0000 - 0x00007ffcf62cc000 	C:\Windows\SYSTEM32\CRYPTBASE.dll
0x00007ffcf5e40000 - 0x00007ffcf5e7c000 	C:\Windows\SYSTEM32\IPHLPAPI.DLL
0x00007ffcf7b70000 - 0x00007ffcf7b78000 	C:\Windows\System32\NSI.dll
0x00007ffcec7b0000 - 0x00007ffcec7c7000 	C:\Windows\SYSTEM32\dhcpcsvc6.DLL
0x00007ffcec510000 - 0x00007ffcec52d000 	C:\Windows\SYSTEM32\dhcpcsvc.DLL
0x00007ffcf5e80000 - 0x00007ffcf5f4b000 	C:\Windows\SYSTEM32\DNSAPI.dll
0x00007ffcccd70000 - 0x00007ffcccdb5000 	C:\Users\frank\AppData\Local\Temp\jna-97692050\jna5526681608300919203.dll

dbghelp: loaded successfully - version: 4.0.5 - missing functions: none
symbol engine: initialized successfully - sym options: 0x614 - pdb path: .;c:\Users\frank\.vscode\extensions\redhat.java-1.18.0-win32-x64\jre\17.0.7-win32-x86_64\bin;C:\Windows\SYSTEM32;C:\Windows\WinSxS\amd64_microsoft.windows.common-controls_6595b64144ccf1df_6.0.19041.1110_none_60b5254171f9507e;c:\Users\frank\.vscode\extensions\redhat.java-1.18.0-win32-x64\jre\17.0.7-win32-x86_64\bin\server;C:\Users\frank\AppData\Roaming\Code\User\globalStorage\redhat.java\1.18.0\config_win\org.eclipse.equinox.launcher\org.eclipse.equinox.launcher.win32.win32.x86_64_1.2.700.v20221108-1024;C:\Users\frank\AppData\Local\Temp\jna-97692050

VM Arguments:
jvm_args: --add-modules=ALL-SYSTEM --add-opens=java.base/java.util=ALL-UNNAMED --add-opens=java.base/java.lang=ALL-UNNAMED --add-opens=java.base/sun.nio.fs=ALL-UNNAMED -Declipse.application=org.eclipse.jdt.ls.core.id1 -Dosgi.bundles.defaultStartLevel=4 -Declipse.product=org.eclipse.jdt.ls.core.product -Djava.import.generatesMetadataFilesAtProjectRoot=false -Dfile.encoding=utf8 -XX:+UseParallelGC -XX:GCTimeRatio=4 -XX:AdaptiveSizePolicyWeight=90 -Dsun.zip.disableMemoryMapping=true -Xmx1G -Xms100m -Xlog:disable -javaagent:c:\Users\frank\.vscode\extensions\redhat.java-1.18.0-win32-x64\lombok\lombok-1.18.27.jar -XX:+HeapDumpOnOutOfMemoryError -XX:HeapDumpPath=c:\Users\frank\AppData\Roaming\Code\User\workspaceStorage\a341e3c30c6f3923f83e15903c019308\redhat.java -Daether.dependencyCollector.impl=bf 
java_command: c:\Users\frank\.vscode\extensions\redhat.java-1.18.0-win32-x64\server\plugins\org.eclipse.equinox.launcher_1.6.400.v20210924-0641.jar -configuration c:\Users\frank\AppData\Roaming\Code\User\globalStorage\redhat.java\1.18.0\config_win -data c:\Users\frank\AppData\Roaming\Code\User\workspaceStorage\a341e3c30c6f3923f83e15903c019308\redhat.java\jdt_ws
java_class_path (initial): c:\Users\frank\.vscode\extensions\redhat.java-1.18.0-win32-x64\server\plugins\org.eclipse.equinox.launcher_1.6.400.v20210924-0641.jar
Launcher Type: SUN_STANDARD

[Global flags]
    uintx AdaptiveSizePolicyWeight                 = 90                                        {product} {command line}
     intx CICompilerCount                          = 3                                         {product} {ergonomic}
    uintx GCTimeRatio                              = 4                                         {product} {command line}
     bool HeapDumpOnOutOfMemoryError               = true                                   {manageable} {command line}
    ccstr HeapDumpPath                             = c:\Users\frank\AppData\Roaming\Code\User\workspaceStorage\a341e3c30c6f3923f83e15903c019308\redhat.java         {manageable} {command line}
   size_t InitialHeapSize                          = 104857600                                 {product} {command line}
   size_t MaxHeapSize                              = 1073741824                                {product} {command line}
   size_t MaxNewSize                               = 357564416                                 {product} {ergonomic}
   size_t MinHeapDeltaBytes                        = 524288                                    {product} {ergonomic}
   size_t MinHeapSize                              = 104857600                                 {product} {command line}
   size_t NewSize                                  = 34603008                                  {product} {ergonomic}
    uintx NonNMethodCodeHeapSize                   = 5832780                                {pd product} {ergonomic}
    uintx NonProfiledCodeHeapSize                  = 122912730                              {pd product} {ergonomic}
   size_t OldSize                                  = 70254592                                  {product} {ergonomic}
    uintx ProfiledCodeHeapSize                     = 122912730                              {pd product} {ergonomic}
    uintx ReservedCodeCacheSize                    = 251658240                              {pd product} {ergonomic}
     bool SegmentedCodeCache                       = true                                      {product} {ergonomic}
   size_t SoftMaxHeapSize                          = 1073741824                             {manageable} {ergonomic}
     bool UseCompressedClassPointers               = true                           {product lp64_product} {ergonomic}
     bool UseCompressedOops                        = true                           {product lp64_product} {ergonomic}
     bool UseLargePagesIndividualAllocation        = false                                  {pd product} {ergonomic}
     bool UseParallelGC                            = true                                      {product} {command line}

Logging:
Log output configuration:
 #0: stdout all=off uptime,level,tags
 #1: stderr all=off uptime,level,tags

Environment Variables:
JAVA_HOME=C:\Program Files\Java\jdk-19
PATH=C:\Program Files\Common Files\Oracle\Java\javapath;C:\Program Files (x86)\Common Files\Oracle\Java\javapath;C:\app\frank\product\21c\dbhomeXE\bin;C:\Windows\system32;C:\Windows;C:\Windows\System32\Wbem;C:\Windows\System32\WindowsPowerShell\v1.0\;C:\Windows\System32\OpenSSH\;C:\xampp\php;C:\composer;C:\Program Files\wureset;C:\Users\frank\AppData\Local\Android\Sdk\platform-tools;C:\ProgramData\chocolatey\bin;C:\Program Files (x86)\Microchip\MPLAB C32 Suite\bin;C:\Program Files\Maven\apache-maven-3.9.1\bin;C:\Program Files\Java\jdk-19\bin;C:\Program Files\nodejs\;C:\Program Files\Git\cmd;C:\Program Files\Docker\Docker\resources\bin;C:\Users\frank\AppData\Local\Microsoft\WindowsApps;C:\Users\frank\AppData\Local\Programs\Microsoft VS Code\bin;C:\Users\frank\AppData\Roaming\Composer\vendor\bin;C:\Users\frank\AppData\Roaming\npm;
USERNAME=frank
OS=Windows_NT
PROCESSOR_IDENTIFIER=Intel64 Family 6 Model 58 Stepping 9, GenuineIntel
TMP=C:\Users\frank\AppData\Local\Temp
TEMP=C:\Users\frank\AppData\Local\Temp



---------------  S Y S T E M  ---------------

OS:
 Windows 10 , 64 bit Build 19041 (10.0.19041.2913)
OS uptime: 0 days 5:58 hours
Hyper-V role detected

CPU: total 4 (initial active 4) (2 cores per cpu, 2 threads per core) family 6 model 58 stepping 9 microcode 0x21, cx8, cmov, fxsr, ht, mmx, sse, sse2, sse3, ssse3, sse4.1, sse4.2, popcnt, tsc, tscinvbit, avx, erms, clmul, vzeroupper, clflush, hv

Memory: 4k page, system-wide physical 3659M (209M free)
TotalPageFile size 11851M (AvailPageFile size 24M)
current process WorkingSet (physical memory assigned to process): 176M, peak: 185M
current process commit charge ("private bytes"): 252M, peak: 267M

vm_info: OpenJDK 64-Bit Server VM (17.0.7+7) for windows-amd64 JRE (17.0.7+7), built on Apr 18 2023 22:10:42 by "temurin" with MS VC++ 16.7 (VS2019)

END.
